#
# There is insufficient memory for the Java Runtime Environment to continue.
# Native memory allocation (malloc) failed to allocate 912576 bytes. Error detail: Chunk::new
# Possible reasons:
#   The system is out of physical RAM or swap space
#   This process is running with CompressedOops enabled, and the Java Heap may be blocking the growth of the native heap
# Possible solutions:
#   Reduce memory load on the system
#   Increase physical memory or swap space
#   Check if swap backing store is full
#   Decrease Java heap size (-Xmx/-Xms)
#   Decrease number of Java threads
#   Decrease Java thread stack sizes (-Xss)
#   Set larger code cache with -XX:ReservedCodeCacheSize=
#   JVM is running with Unscaled Compressed Oops mode in which the Java heap is
#     placed in the first 4GB address space. The Java Heap base address is the
#     maximum limit for the native heap growth. Please use -XX:HeapBaseMinAddress
#     to set the Java Heap base and to place the Java Heap above 4GB virtual address.
# This output file may be truncated or incomplete.
#
#  Out of Memory Error (arena.cpp:168), pid=24004, tid=24508
#
# JRE version: OpenJDK Runtime Environment Temurin-21.0.6+7 (21.0.6+7) (build 21.0.6+7-LTS)
# Java VM: OpenJDK 64-Bit Server VM Temurin-21.0.6+7 (21.0.6+7-LTS, mixed mode, sharing, tiered, compressed oops, compressed class ptrs, parallel gc, windows-amd64)
# No core dump will be written. Minidumps are not enabled by default on client versions of Windows
#

---------------  S U M M A R Y ------------

Command Line: --add-modules=ALL-SYSTEM --add-opens=java.base/java.util=ALL-UNNAMED --add-opens=java.base/java.lang=ALL-UNNAMED --add-opens=java.base/sun.nio.fs=ALL-UNNAMED -Declipse.application=org.eclipse.jdt.ls.core.id1 -Dosgi.bundles.defaultStartLevel=4 -Declipse.product=org.eclipse.jdt.ls.core.product -Djava.import.generatesMetadataFilesAtProjectRoot=false -DDetectVMInstallationsJob.disabled=true -Dfile.encoding=utf8 -XX:+UseParallelGC -XX:GCTimeRatio=4 -XX:AdaptiveSizePolicyWeight=90 -Dsun.zip.disableMemoryMapping=true -Xmx1G -Xms100m -Xlog:disable -javaagent:c:\Users\Jake\.vscode\extensions\redhat.java-1.41.0-win32-x64\lombok\lombok-1.18.36.jar -XX:+HeapDumpOnOutOfMemoryError -XX:HeapDumpPath=c:\Users\Jake\AppData\Roaming\Code\User\workspaceStorage\71bb65a16bd26df912516edcf6356e2f\redhat.java -Daether.dependencyCollector.impl=bf c:\Users\Jake\.vscode\extensions\redhat.java-1.41.0-win32-x64\server\plugins\org.eclipse.equinox.launcher_1.6.1100.v20250306-0509.jar -configuration c:\Users\Jake\AppData\Roaming\Code\User\globalStorage\redhat.java\1.41.0\config_win -data c:\Users\Jake\AppData\Roaming\Code\User\workspaceStorage\71bb65a16bd26df912516edcf6356e2f\redhat.java\jdt_ws --pipe=\\.\pipe\lsp-384c7a5f206871139f440c42053737ab-sock

Host: 13th Gen Intel(R) Core(TM) i5-13500T, 20 cores, 7G,  Windows 11 , 64 bit Build 22621 (10.0.22621.4974)
Time: Sat Mar 29 18:19:48 2025 W. Central Africa Standard Time elapsed time: 71.071608 seconds (0d 0h 1m 11s)

---------------  T H R E A D  ---------------

Current thread (0x00000133a3aea7b0):  JavaThread "C2 CompilerThread0" daemon [_thread_in_native, id=24508, stack(0x00000024d5500000,0x00000024d5600000) (1024K)]


Current CompileTask:
C2:71071 10704       4       jdk.internal.jimage.ImageLocation::getFullName (109 bytes)

Stack: [0x00000024d5500000,0x00000024d5600000]
Native frames: (J=compiled Java code, j=interpreted, Vv=VM code, C=native code)
V  [jvm.dll+0x6cdee9]
V  [jvm.dll+0x8a83d1]
V  [jvm.dll+0x8aa8fe]
V  [jvm.dll+0x8aafe3]
V  [jvm.dll+0x27f706]
V  [jvm.dll+0xc500d]
V  [jvm.dll+0xc5543]
V  [jvm.dll+0x3b678c]
V  [jvm.dll+0x382935]
V  [jvm.dll+0x381d9a]
V  [jvm.dll+0x2479f0]
V  [jvm.dll+0x246fcf]
V  [jvm.dll+0x1c75ee]
V  [jvm.dll+0x25685a]
V  [jvm.dll+0x254dfa]
V  [jvm.dll+0x3f0256]
V  [jvm.dll+0x851f8b]
V  [jvm.dll+0x6cc5ed]
C  [ucrtbase.dll+0x29333]
C  [KERNEL32.DLL+0x1259d]
C  [ntdll.dll+0x5af38]


---------------  P R O C E S S  ---------------

Threads class SMR info:
_java_thread_list=0x00000133fd6aac30, length=51, elements={
0x00000133a158a850, 0x00000133b7e1d070, 0x00000133b7e1e3e0, 0x00000133a3ad7a90,
0x00000133a3ad89a0, 0x00000133a3adc3f0, 0x00000133a3ae0e50, 0x00000133a3aea7b0,
0x00000133a3aece60, 0x00000133a3ae2200, 0x00000133a3ae07c0, 0x00000133a3ae1b70,
0x00000133a3ae2890, 0x00000133a3ae35b0, 0x00000133a3ae2f20, 0x00000133a3ae3c40,
0x00000133a3ae14e0, 0x00000133fd167180, 0x00000133fd169250, 0x00000133fd16a600,
0x00000133fd1698e0, 0x00000133fd168bc0, 0x00000133fd16ac90, 0x00000133fd1650b0,
0x00000133fd164a20, 0x00000133fd16b320, 0x00000133fd168530, 0x00000133fd167ea0,
0x00000133fd169f70, 0x00000133fd166460, 0x00000133fd165740, 0x00000133fd165dd0,
0x00000133fd167810, 0x00000133fe7b7750, 0x00000133fe7b7de0, 0x00000133fe7b5680,
0x00000133fe7b5d10, 0x00000133fe7b8470, 0x00000133fe7b8b00, 0x00000133fe7b9820,
0x00000133fe7b9190, 0x00000133fe7b9eb0, 0x00000133fe7ba540, 0x00000133fe7b6a30,
0x00000133fe7bb8f0, 0x00000133fe7babd0, 0x00000133fe7bb260, 0x00000133fe7bbf80,
0x00000133fe42d4b0, 0x00000133fe2c60a0, 0x00000133fe2c5a10
}

Java Threads: ( => current thread )
  0x00000133a158a850 JavaThread "main"                              [_thread_blocked, id=1604, stack(0x00000024d4b00000,0x00000024d4c00000) (1024K)]
  0x00000133b7e1d070 JavaThread "Reference Handler"          daemon [_thread_blocked, id=35216, stack(0x00000024d4f00000,0x00000024d5000000) (1024K)]
  0x00000133b7e1e3e0 JavaThread "Finalizer"                  daemon [_thread_blocked, id=24308, stack(0x00000024d5000000,0x00000024d5100000) (1024K)]
  0x00000133a3ad7a90 JavaThread "Signal Dispatcher"          daemon [_thread_blocked, id=39844, stack(0x00000024d5100000,0x00000024d5200000) (1024K)]
  0x00000133a3ad89a0 JavaThread "Attach Listener"            daemon [_thread_blocked, id=38688, stack(0x00000024d5200000,0x00000024d5300000) (1024K)]
  0x00000133a3adc3f0 JavaThread "Service Thread"             daemon [_thread_blocked, id=38112, stack(0x00000024d5300000,0x00000024d5400000) (1024K)]
  0x00000133a3ae0e50 JavaThread "Monitor Deflation Thread"   daemon [_thread_blocked, id=24488, stack(0x00000024d5400000,0x00000024d5500000) (1024K)]
=>0x00000133a3aea7b0 JavaThread "C2 CompilerThread0"         daemon [_thread_in_native, id=24508, stack(0x00000024d5500000,0x00000024d5600000) (1024K)]
  0x00000133a3aece60 JavaThread "C1 CompilerThread0"         daemon [_thread_blocked, id=32288, stack(0x00000024d5600000,0x00000024d5700000) (1024K)]
  0x00000133a3ae2200 JavaThread "Common-Cleaner"             daemon [_thread_blocked, id=15908, stack(0x00000024d5700000,0x00000024d5800000) (1024K)]
  0x00000133a3ae07c0 JavaThread "Notification Thread"        daemon [_thread_blocked, id=37548, stack(0x00000024d5800000,0x00000024d5900000) (1024K)]
  0x00000133a3ae1b70 JavaThread "Active Thread: Equinox Container: 11355eee-5bf7-4a9a-a71a-d06e0bcd86b0"        [_thread_blocked, id=24064, stack(0x00000024d5f00000,0x00000024d6000000) (1024K)]
  0x00000133a3ae2890 JavaThread "Refresh Thread: Equinox Container: 11355eee-5bf7-4a9a-a71a-d06e0bcd86b0" daemon [_thread_blocked, id=39084, stack(0x00000024d6000000,0x00000024d6100000) (1024K)]
  0x00000133a3ae35b0 JavaThread "Framework Event Dispatcher: Equinox Container: 11355eee-5bf7-4a9a-a71a-d06e0bcd86b0" daemon [_thread_blocked, id=38748, stack(0x00000024d6200000,0x00000024d6300000) (1024K)]
  0x00000133a3ae2f20 JavaThread "Start Level: Equinox Container: 11355eee-5bf7-4a9a-a71a-d06e0bcd86b0" daemon [_thread_blocked, id=31800, stack(0x00000024d6300000,0x00000024d6400000) (1024K)]
  0x00000133a3ae3c40 JavaThread "Bundle File Closer"         daemon [_thread_blocked, id=1892, stack(0x00000024d6400000,0x00000024d6500000) (1024K)]
  0x00000133a3ae14e0 JavaThread "SCR Component Actor"        daemon [_thread_blocked, id=34656, stack(0x00000024d6700000,0x00000024d6800000) (1024K)]
  0x00000133fd167180 JavaThread "Worker-JM"                         [_thread_blocked, id=35932, stack(0x00000024d6d00000,0x00000024d6e00000) (1024K)]
  0x00000133fd169250 JavaThread "Worker-0: Java indexing... "        [_thread_blocked, id=12024, stack(0x00000024d6e00000,0x00000024d6f00000) (1024K)]
  0x00000133fd16a600 JavaThread "Java indexing"              daemon [_thread_in_Java, id=34436, stack(0x00000024d7200000,0x00000024d7300000) (1024K)]
  0x00000133fd1698e0 JavaThread "JNA Cleaner"                daemon [_thread_blocked, id=38304, stack(0x00000024d7300000,0x00000024d7400000) (1024K)]
  0x00000133fd168bc0 JavaThread "Worker-2"                          [_thread_blocked, id=18320, stack(0x00000024d7600000,0x00000024d7700000) (1024K)]
  0x00000133fd16ac90 JavaThread "Thread-2"                   daemon [_thread_in_native, id=36492, stack(0x00000024d7800000,0x00000024d7900000) (1024K)]
  0x00000133fd1650b0 JavaThread "Thread-3"                   daemon [_thread_in_native, id=23828, stack(0x00000024d7900000,0x00000024d7a00000) (1024K)]
  0x00000133fd164a20 JavaThread "Thread-4"                   daemon [_thread_in_native, id=36984, stack(0x00000024d7a00000,0x00000024d7b00000) (1024K)]
  0x00000133fd16b320 JavaThread "Thread-5"                   daemon [_thread_in_native, id=19224, stack(0x00000024d7b00000,0x00000024d7c00000) (1024K)]
  0x00000133fd168530 JavaThread "Thread-6"                   daemon [_thread_in_native, id=25760, stack(0x00000024d7c00000,0x00000024d7d00000) (1024K)]
  0x00000133fd167ea0 JavaThread "Thread-7"                   daemon [_thread_in_native, id=38152, stack(0x00000024d7d00000,0x00000024d7e00000) (1024K)]
  0x00000133fd169f70 JavaThread "Thread-8"                   daemon [_thread_in_native, id=16268, stack(0x00000024d7e00000,0x00000024d7f00000) (1024K)]
  0x00000133fd166460 JavaThread "Thread-9"                   daemon [_thread_in_native, id=32032, stack(0x00000024d7f00000,0x00000024d8000000) (1024K)]
  0x00000133fd165740 JavaThread "Thread-10"                  daemon [_thread_in_native, id=12720, stack(0x00000024d8000000,0x00000024d8100000) (1024K)]
  0x00000133fd165dd0 JavaThread "Thread-11"                  daemon [_thread_in_native, id=24012, stack(0x00000024d8100000,0x00000024d8200000) (1024K)]
  0x00000133fd167810 JavaThread "Thread-12"                  daemon [_thread_in_native, id=37008, stack(0x00000024d8200000,0x00000024d8300000) (1024K)]
  0x00000133fe7b7750 JavaThread "Thread-13"                  daemon [_thread_in_native, id=20072, stack(0x00000024d8300000,0x00000024d8400000) (1024K)]
  0x00000133fe7b7de0 JavaThread "Thread-14"                  daemon [_thread_in_native, id=33624, stack(0x00000024d8400000,0x00000024d8500000) (1024K)]
  0x00000133fe7b5680 JavaThread "Thread-15"                  daemon [_thread_in_native, id=18028, stack(0x00000024d8500000,0x00000024d8600000) (1024K)]
  0x00000133fe7b5d10 JavaThread "Thread-16"                  daemon [_thread_in_native, id=38904, stack(0x00000024d8600000,0x00000024d8700000) (1024K)]
  0x00000133fe7b8470 JavaThread "Thread-17"                  daemon [_thread_in_native, id=33288, stack(0x00000024d8700000,0x00000024d8800000) (1024K)]
  0x00000133fe7b8b00 JavaThread "Thread-18"                  daemon [_thread_in_native, id=37424, stack(0x00000024d8800000,0x00000024d8900000) (1024K)]
  0x00000133fe7b9820 JavaThread "Thread-19"                  daemon [_thread_in_native, id=18004, stack(0x00000024d8900000,0x00000024d8a00000) (1024K)]
  0x00000133fe7b9190 JavaThread "Thread-20"                  daemon [_thread_in_native, id=27832, stack(0x00000024d8a00000,0x00000024d8b00000) (1024K)]
  0x00000133fe7b9eb0 JavaThread "Thread-21"                  daemon [_thread_in_native, id=34340, stack(0x00000024d8b00000,0x00000024d8c00000) (1024K)]
  0x00000133fe7ba540 JavaThread "Thread-22"                  daemon [_thread_in_native, id=19756, stack(0x00000024d8c00000,0x00000024d8d00000) (1024K)]
  0x00000133fe7b6a30 JavaThread "pool-2-thread-1"                   [_thread_blocked, id=4460, stack(0x00000024d8d00000,0x00000024d8e00000) (1024K)]
  0x00000133fe7bb8f0 JavaThread "Worker-4: Initialize Workspace"        [_thread_blocked, id=36184, stack(0x00000024d8e00000,0x00000024d8f00000) (1024K)]
  0x00000133fe7babd0 JavaThread "WorkspaceEventsHandler"            [_thread_blocked, id=38532, stack(0x00000024d8f00000,0x00000024d9000000) (1024K)]
  0x00000133fe7bb260 JavaThread "pool-1-thread-1"                   [_thread_blocked, id=36164, stack(0x00000024d9000000,0x00000024d9100000) (1024K)]
  0x00000133fe7bbf80 JavaThread "Worker-5: Refreshing workspace"        [_thread_blocked, id=2964, stack(0x00000024d9100000,0x00000024d9200000) (1024K)]
  0x00000133fe42d4b0 JavaThread "C1 CompilerThread1"         daemon [_thread_in_native, id=37268, stack(0x00000024d4800000,0x00000024d4900000) (1024K)]
  0x00000133fe2c60a0 JavaThread "Worker-6: Periodic workspace save."        [_thread_in_Java, id=37640, stack(0x00000024d4900000,0x00000024d4a00000) (1024K)]
  0x00000133fe2c5a10 JavaThread "Worker-7: Initialize workspace"        [_thread_blocked, id=21576, stack(0x00000024d4a00000,0x00000024d4b00000) (1024K)]
Total: 51

Other Threads:
  0x00000133a3acea50 VMThread "VM Thread"                           [id=36724, stack(0x00000024d4e00000,0x00000024d4f00000) (1024K)]
  0x00000133a3a9cb60 WatcherThread "VM Periodic Task Thread"        [id=11788, stack(0x00000024d4d00000,0x00000024d4e00000) (1024K)]
  0x00000133a3a4de20 WorkerThread "GC Thread#0"                     [id=37516, stack(0x00000024d4c00000,0x00000024d4d00000) (1024K)]
  0x00000133fc5981a0 WorkerThread "GC Thread#1"                     [id=12168, stack(0x00000024d5900000,0x00000024d5a00000) (1024K)]
  0x00000133fcafdf30 WorkerThread "GC Thread#2"                     [id=24848, stack(0x00000024d5a00000,0x00000024d5b00000) (1024K)]
  0x00000133fcafe2d0 WorkerThread "GC Thread#3"                     [id=32476, stack(0x00000024d5b00000,0x00000024d5c00000) (1024K)]
  0x00000133fcafea80 WorkerThread "GC Thread#4"                     [id=21716, stack(0x00000024d5c00000,0x00000024d5d00000) (1024K)]
  0x00000133fc656180 WorkerThread "GC Thread#5"                     [id=39828, stack(0x00000024d5d00000,0x00000024d5e00000) (1024K)]
  0x00000133fc656930 WorkerThread "GC Thread#6"                     [id=35696, stack(0x00000024d5e00000,0x00000024d5f00000) (1024K)]
  0x00000133fcd74210 WorkerThread "GC Thread#7"                     [id=36960, stack(0x00000024d6100000,0x00000024d6200000) (1024K)]
  0x00000133fd2b9990 WorkerThread "GC Thread#8"                     [id=25936, stack(0x00000024d6500000,0x00000024d6600000) (1024K)]
  0x00000133fd2b8b10 WorkerThread "GC Thread#9"                     [id=17052, stack(0x00000024d6600000,0x00000024d6700000) (1024K)]
  0x00000133fd2b9250 WorkerThread "GC Thread#10"                    [id=24872, stack(0x00000024d6a00000,0x00000024d6b00000) (1024K)]
  0x00000133fd2b95f0 WorkerThread "GC Thread#11"                    [id=34808, stack(0x00000024d6b00000,0x00000024d6c00000) (1024K)]
  0x00000133fd2b8770 WorkerThread "GC Thread#12"                    [id=32400, stack(0x00000024d6c00000,0x00000024d6d00000) (1024K)]
  0x00000133fd2b9d30 WorkerThread "GC Thread#13"                    [id=38908, stack(0x00000024d7000000,0x00000024d7100000) (1024K)]
  0x00000133fcf44470 WorkerThread "GC Thread#14"                    [id=19892, stack(0x00000024d7100000,0x00000024d7200000) (1024K)]
Total: 17

Threads with active compile tasks:
C2 CompilerThread0  71134 10704       4       jdk.internal.jimage.ImageLocation::getFullName (109 bytes)
C1 CompilerThread1  71134 11804   !   3       java.text.MessageFormat::makeFormat (696 bytes)
Total: 2

VM state: not at safepoint (normal execution)

VM Mutex/Monitor currently owned by a thread: None

Heap address: 0x00000000c0000000, size: 1024 MB, Compressed Oops mode: 32-bit

CDS archive(s) mapped at: [0x00000133b8000000-0x00000133b8ba0000-0x00000133b8ba0000), size 12189696, SharedBaseAddress: 0x00000133b8000000, ArchiveRelocationMode: 1.
Compressed class space mapped at: 0x00000133b9000000-0x00000133f9000000, reserved size: 1073741824
Narrow klass base: 0x00000133b8000000, Narrow klass shift: 0, Narrow klass range: 0x100000000

GC Precious Log:
 CardTable entry size: 512
 CPUs: 20 total, 20 available
 Memory: 7880M
 Large Page Support: Disabled
 NUMA Support: Disabled
 Compressed Oops: Enabled (32-bit)
 Alignments: Space 512K, Generation 512K, Heap 2M
 Heap Min Capacity: 100M
 Heap Initial Capacity: 100M
 Heap Max Capacity: 1G
 Pre-touch: Disabled
 Parallel Workers: 15

Heap:
 PSYoungGen      total 14336K, used 11735K [0x00000000eab00000, 0x00000000ebb00000, 0x0000000100000000)
  eden space 12800K, 83% used [0x00000000eab00000,0x00000000eb56e608,0x00000000eb780000)
  from space 1536K, 68% used [0x00000000eb980000,0x00000000eba87668,0x00000000ebb00000)
  to   space 1536K, 0% used [0x00000000eb800000,0x00000000eb800000,0x00000000eb980000)
 ParOldGen       total 68608K, used 64740K [0x00000000c0000000, 0x00000000c4300000, 0x00000000eab00000)
  object space 68608K, 94% used [0x00000000c0000000,0x00000000c3f39208,0x00000000c4300000)
 Metaspace       used 67157K, committed 68544K, reserved 1114112K
  class space    used 7061K, committed 7680K, reserved 1048576K

Card table byte_map: [0x00000133a33d0000,0x00000133a35e0000] _byte_map_base: 0x00000133a2dd0000

Marking Bits: (ParMarkBitMap*) 0x00007ffcc11d3260
 Begin Bits: [0x00000133b5c20000, 0x00000133b6c20000)
 End Bits:   [0x00000133b6c20000, 0x00000133b7c20000)

Polling page: 0x00000133a1860000

Metaspace:

Usage:
  Non-class:     58.69 MB used.
      Class:      6.90 MB used.
       Both:     65.58 MB used.

Virtual space:
  Non-class space:       64.00 MB reserved,      59.44 MB ( 93%) committed,  1 nodes.
      Class space:        1.00 GB reserved,       7.50 MB ( <1%) committed,  1 nodes.
             Both:        1.06 GB reserved,      66.94 MB (  6%) committed. 

Chunk freelists:
   Non-Class:  4.20 MB
       Class:  8.47 MB
        Both:  12.67 MB

MaxMetaspaceSize: unlimited
CompressedClassSpaceSize: 1.00 GB
Initial GC threshold: 21.00 MB
Current GC threshold: 97.31 MB
CDS: on
 - commit_granule_bytes: 65536.
 - commit_granule_words: 8192.
 - virtual_space_node_default_size: 8388608.
 - enlarge_chunks_in_place: 1.
 - use_allocation_guard: 0.


Internal statistics:

num_allocs_failed_limit: 9.
num_arena_births: 1084.
num_arena_deaths: 24.
num_vsnodes_births: 2.
num_vsnodes_deaths: 0.
num_space_committed: 1071.
num_space_uncommitted: 0.
num_chunks_returned_to_freelist: 38.
num_chunks_taken_from_freelist: 3935.
num_chunk_merges: 21.
num_chunk_splits: 2477.
num_chunks_enlarged: 1484.
num_inconsistent_stats: 0.

CodeHeap 'non-profiled nmethods': size=119168Kb used=5681Kb max_used=5681Kb free=113486Kb
 bounds [0x00000133ae7c0000, 0x00000133aed50000, 0x00000133b5c20000]
CodeHeap 'profiled nmethods': size=119104Kb used=24513Kb max_used=24513Kb free=94590Kb
 bounds [0x00000133a6c20000, 0x00000133a8420000, 0x00000133ae070000]
CodeHeap 'non-nmethods': size=7488Kb used=2019Kb max_used=2541Kb free=5468Kb
 bounds [0x00000133ae070000, 0x00000133ae300000, 0x00000133ae7c0000]
 total_blobs=11732 nmethods=10963 adapters=674
 compilation: enabled
              stopped_count=0, restarted_count=0
 full_count=0

Compilation events (20 events):
Event: 70.937 Thread 0x00000133a3aece60 nmethod 11561 0x00000133a8398d10 code [0x00000133a8398ec0, 0x00000133a8399050]
Event: 70.937 Thread 0x00000133a3aece60 11562       3       org.eclipse.core.runtime.jobs.Job::getState (5 bytes)
Event: 70.938 Thread 0x00000133a3aece60 nmethod 11562 0x00000133a8399110 code [0x00000133a83992c0, 0x00000133a8399400]
Event: 70.938 Thread 0x00000133a3aece60 11563       3       java.util.concurrent.ConcurrentLinkedQueue::first (65 bytes)
Event: 70.939 Thread 0x00000133fe42d4b0 nmethod 11559 0x00000133a8399490 code [0x00000133a8399ac0, 0x00000133a839c8a8]
Event: 70.939 Thread 0x00000133fe42d4b0 11564       2       org.eclipse.jdt.internal.core.search.indexing.IndexManager::getIndexStates (149 bytes)
Event: 70.940 Thread 0x00000133a3aece60 nmethod 11563 0x00000133a839e010 code [0x00000133a839e3a0, 0x00000133a839fb38]
Event: 70.940 Thread 0x00000133a3aece60 11565       1       org.eclipse.core.runtime.jobs.Job::shouldSchedule (2 bytes)
Event: 70.940 Thread 0x00000133a3aece60 nmethod 11565 0x00000133aed47190 code [0x00000133aed47320, 0x00000133aed473e8]
Event: 70.941 Thread 0x00000133fe42d4b0 nmethod 11564 0x00000133a83a0310 code [0x00000133a83a0640, 0x00000133a83a1288]
Event: 70.941 Thread 0x00000133fe42d4b0 11568       2       org.eclipse.core.runtime.jobs.Job::getName (5 bytes)
Event: 70.941 Thread 0x00000133fe42d4b0 nmethod 11568 0x00000133a83a1a10 code [0x00000133a83a1ba0, 0x00000133a83a1ca8]
Event: 70.943 Thread 0x00000133fe42d4b0 11569       1       org.eclipse.core.internal.jobs.InternalJob::getPriority (5 bytes)
Event: 70.943 Thread 0x00000133fe42d4b0 nmethod 11569 0x00000133aed47490 code [0x00000133aed47620, 0x00000133aed476e8]
Event: 70.948 Thread 0x00000133fe42d4b0 11571  s    2       org.eclipse.jdt.internal.core.search.processing.JobManager::hasPendingJobMatching (86 bytes)
Event: 70.949 Thread 0x00000133fe42d4b0 nmethod 11571 0x00000133a83a1d90 code [0x00000133a83a1fc0, 0x00000133a83a25f0]
Event: 70.949 Thread 0x00000133fe42d4b0 11572       2       org.eclipse.jdt.internal.core.search.indexing.IndexAllProject::equals (26 bytes)
Event: 70.950 Thread 0x00000133fe42d4b0 nmethod 11572 0x00000133a83a2810 code [0x00000133a83a29c0, 0x00000133a83a2be8]
Event: 70.950 Thread 0x00000133a3aece60 11573   !   2       org.eclipse.core.internal.jobs.JobManager::changeState (511 bytes)
Event: 70.953 Thread 0x00000133fe42d4b0 11574       2       org.eclipse.jdt.internal.core.search.indexing.IndexManager::writeSavedIndexNamesFile (144 bytes)

GC Heap History (20 events):
Event: 70.533 GC heap before
{Heap before GC invocations=51 (full 3):
 PSYoungGen      total 16896K, used 16871K [0x00000000eab00000, 0x00000000ebe80000, 0x0000000100000000)
  eden space 15872K, 100% used [0x00000000eab00000,0x00000000eba80000,0x00000000eba80000)
  from space 1024K, 97% used [0x00000000ebb80000,0x00000000ebc79c88,0x00000000ebc80000)
  to   space 2048K, 0% used [0x00000000ebc80000,0x00000000ebc80000,0x00000000ebe80000)
 ParOldGen       total 68608K, used 50925K [0x00000000c0000000, 0x00000000c4300000, 0x00000000eab00000)
  object space 68608K, 74% used [0x00000000c0000000,0x00000000c31bb698,0x00000000c4300000)
 Metaspace       used 65751K, committed 67072K, reserved 1114112K
  class space    used 6915K, committed 7488K, reserved 1048576K
}
Event: 70.534 GC heap after
{Heap after GC invocations=51 (full 3):
 PSYoungGen      total 17408K, used 1384K [0x00000000eab00000, 0x00000000ebe00000, 0x0000000100000000)
  eden space 15872K, 0% used [0x00000000eab00000,0x00000000eab00000,0x00000000eba80000)
  from space 1536K, 90% used [0x00000000ebc80000,0x00000000ebdda1f0,0x00000000ebe00000)
  to   space 1536K, 0% used [0x00000000ebb00000,0x00000000ebb00000,0x00000000ebc80000)
 ParOldGen       total 68608K, used 51849K [0x00000000c0000000, 0x00000000c4300000, 0x00000000eab00000)
  object space 68608K, 75% used [0x00000000c0000000,0x00000000c32a2728,0x00000000c4300000)
 Metaspace       used 65751K, committed 67072K, reserved 1114112K
  class space    used 6915K, committed 7488K, reserved 1048576K
}
Event: 70.565 GC heap before
{Heap before GC invocations=52 (full 3):
 PSYoungGen      total 17408K, used 17256K [0x00000000eab00000, 0x00000000ebe00000, 0x0000000100000000)
  eden space 15872K, 100% used [0x00000000eab00000,0x00000000eba80000,0x00000000eba80000)
  from space 1536K, 90% used [0x00000000ebc80000,0x00000000ebdda1f0,0x00000000ebe00000)
  to   space 1536K, 0% used [0x00000000ebb00000,0x00000000ebb00000,0x00000000ebc80000)
 ParOldGen       total 68608K, used 51849K [0x00000000c0000000, 0x00000000c4300000, 0x00000000eab00000)
  object space 68608K, 75% used [0x00000000c0000000,0x00000000c32a2728,0x00000000c4300000)
 Metaspace       used 65901K, committed 67328K, reserved 1114112K
  class space    used 6924K, committed 7552K, reserved 1048576K
}
Event: 70.567 GC heap after
{Heap after GC invocations=52 (full 3):
 PSYoungGen      total 16384K, used 480K [0x00000000eab00000, 0x00000000ebd00000, 0x0000000100000000)
  eden space 15872K, 0% used [0x00000000eab00000,0x00000000eab00000,0x00000000eba80000)
  from space 512K, 93% used [0x00000000ebb00000,0x00000000ebb78000,0x00000000ebb80000)
  to   space 1024K, 0% used [0x00000000ebc00000,0x00000000ebc00000,0x00000000ebd00000)
 ParOldGen       total 68608K, used 53089K [0x00000000c0000000, 0x00000000c4300000, 0x00000000eab00000)
  object space 68608K, 77% used [0x00000000c0000000,0x00000000c33d8658,0x00000000c4300000)
 Metaspace       used 65901K, committed 67328K, reserved 1114112K
  class space    used 6924K, committed 7552K, reserved 1048576K
}
Event: 70.619 GC heap before
{Heap before GC invocations=53 (full 3):
 PSYoungGen      total 16384K, used 16352K [0x00000000eab00000, 0x00000000ebd00000, 0x0000000100000000)
  eden space 15872K, 100% used [0x00000000eab00000,0x00000000eba80000,0x00000000eba80000)
  from space 512K, 93% used [0x00000000ebb00000,0x00000000ebb78000,0x00000000ebb80000)
  to   space 1024K, 0% used [0x00000000ebc00000,0x00000000ebc00000,0x00000000ebd00000)
 ParOldGen       total 68608K, used 53089K [0x00000000c0000000, 0x00000000c4300000, 0x00000000eab00000)
  object space 68608K, 77% used [0x00000000c0000000,0x00000000c33d8658,0x00000000c4300000)
 Metaspace       used 65986K, committed 67392K, reserved 1114112K
  class space    used 6926K, committed 7552K, reserved 1048576K
}
Event: 70.621 GC heap after
{Heap after GC invocations=53 (full 3):
 PSYoungGen      total 16384K, used 1000K [0x00000000eab00000, 0x00000000ebe80000, 0x0000000100000000)
  eden space 15360K, 0% used [0x00000000eab00000,0x00000000eab00000,0x00000000eba00000)
  from space 1024K, 97% used [0x00000000ebc00000,0x00000000ebcfa000,0x00000000ebd00000)
  to   space 2048K, 0% used [0x00000000eba00000,0x00000000eba00000,0x00000000ebc00000)
 ParOldGen       total 68608K, used 53633K [0x00000000c0000000, 0x00000000c4300000, 0x00000000eab00000)
  object space 68608K, 78% used [0x00000000c0000000,0x00000000c3460658,0x00000000c4300000)
 Metaspace       used 65986K, committed 67392K, reserved 1114112K
  class space    used 6926K, committed 7552K, reserved 1048576K
}
Event: 70.642 GC heap before
{Heap before GC invocations=54 (full 3):
 PSYoungGen      total 16384K, used 16360K [0x00000000eab00000, 0x00000000ebe80000, 0x0000000100000000)
  eden space 15360K, 100% used [0x00000000eab00000,0x00000000eba00000,0x00000000eba00000)
  from space 1024K, 97% used [0x00000000ebc00000,0x00000000ebcfa000,0x00000000ebd00000)
  to   space 2048K, 0% used [0x00000000eba00000,0x00000000eba00000,0x00000000ebc00000)
 ParOldGen       total 68608K, used 53633K [0x00000000c0000000, 0x00000000c4300000, 0x00000000eab00000)
  object space 68608K, 78% used [0x00000000c0000000,0x00000000c3460658,0x00000000c4300000)
 Metaspace       used 65995K, committed 67392K, reserved 1114112K
  class space    used 6926K, committed 7552K, reserved 1048576K
}
Event: 70.643 GC heap after
{Heap after GC invocations=54 (full 3):
 PSYoungGen      total 16896K, used 1337K [0x00000000eab00000, 0x00000000ebd00000, 0x0000000100000000)
  eden space 15360K, 0% used [0x00000000eab00000,0x00000000eab00000,0x00000000eba00000)
  from space 1536K, 87% used [0x00000000eba00000,0x00000000ebb4e508,0x00000000ebb80000)
  to   space 1536K, 0% used [0x00000000ebb80000,0x00000000ebb80000,0x00000000ebd00000)
 ParOldGen       total 68608K, used 54665K [0x00000000c0000000, 0x00000000c4300000, 0x00000000eab00000)
  object space 68608K, 79% used [0x00000000c0000000,0x00000000c3562590,0x00000000c4300000)
 Metaspace       used 65995K, committed 67392K, reserved 1114112K
  class space    used 6926K, committed 7552K, reserved 1048576K
}
Event: 70.675 GC heap before
{Heap before GC invocations=55 (full 3):
 PSYoungGen      total 16896K, used 16697K [0x00000000eab00000, 0x00000000ebd00000, 0x0000000100000000)
  eden space 15360K, 100% used [0x00000000eab00000,0x00000000eba00000,0x00000000eba00000)
  from space 1536K, 87% used [0x00000000eba00000,0x00000000ebb4e508,0x00000000ebb80000)
  to   space 1536K, 0% used [0x00000000ebb80000,0x00000000ebb80000,0x00000000ebd00000)
 ParOldGen       total 68608K, used 54665K [0x00000000c0000000, 0x00000000c4300000, 0x00000000eab00000)
  object space 68608K, 79% used [0x00000000c0000000,0x00000000c3562590,0x00000000c4300000)
 Metaspace       used 66029K, committed 67456K, reserved 1114112K
  class space    used 6931K, committed 7552K, reserved 1048576K
}
Event: 70.676 GC heap after
{Heap after GC invocations=55 (full 3):
 PSYoungGen      total 16896K, used 865K [0x00000000eab00000, 0x00000000ebd00000, 0x0000000100000000)
  eden space 15360K, 0% used [0x00000000eab00000,0x00000000eab00000,0x00000000eba00000)
  from space 1536K, 56% used [0x00000000ebb80000,0x00000000ebc58540,0x00000000ebd00000)
  to   space 1536K, 0% used [0x00000000eba00000,0x00000000eba00000,0x00000000ebb80000)
 ParOldGen       total 68608K, used 55462K [0x00000000c0000000, 0x00000000c4300000, 0x00000000eab00000)
  object space 68608K, 80% used [0x00000000c0000000,0x00000000c3629878,0x00000000c4300000)
 Metaspace       used 66029K, committed 67456K, reserved 1114112K
  class space    used 6931K, committed 7552K, reserved 1048576K
}
Event: 70.705 GC heap before
{Heap before GC invocations=56 (full 3):
 PSYoungGen      total 16896K, used 16225K [0x00000000eab00000, 0x00000000ebd00000, 0x0000000100000000)
  eden space 15360K, 100% used [0x00000000eab00000,0x00000000eba00000,0x00000000eba00000)
  from space 1536K, 56% used [0x00000000ebb80000,0x00000000ebc58540,0x00000000ebd00000)
  to   space 1536K, 0% used [0x00000000eba00000,0x00000000eba00000,0x00000000ebb80000)
 ParOldGen       total 68608K, used 55462K [0x00000000c0000000, 0x00000000c4300000, 0x00000000eab00000)
  object space 68608K, 80% used [0x00000000c0000000,0x00000000c3629878,0x00000000c4300000)
 Metaspace       used 66034K, committed 67456K, reserved 1114112K
  class space    used 6933K, committed 7552K, reserved 1048576K
}
Event: 70.707 GC heap after
{Heap after GC invocations=56 (full 3):
 PSYoungGen      total 16384K, used 983K [0x00000000eab00000, 0x00000000ebc00000, 0x0000000100000000)
  eden space 15360K, 0% used [0x00000000eab00000,0x00000000eab00000,0x00000000eba00000)
  from space 1024K, 96% used [0x00000000eba00000,0x00000000ebaf5d30,0x00000000ebb00000)
  to   space 1024K, 0% used [0x00000000ebb00000,0x00000000ebb00000,0x00000000ebc00000)
 ParOldGen       total 68608K, used 56165K [0x00000000c0000000, 0x00000000c4300000, 0x00000000eab00000)
  object space 68608K, 81% used [0x00000000c0000000,0x00000000c36d95c0,0x00000000c4300000)
 Metaspace       used 66034K, committed 67456K, reserved 1114112K
  class space    used 6933K, committed 7552K, reserved 1048576K
}
Event: 70.731 GC heap before
{Heap before GC invocations=57 (full 3):
 PSYoungGen      total 16384K, used 16343K [0x00000000eab00000, 0x00000000ebc00000, 0x0000000100000000)
  eden space 15360K, 100% used [0x00000000eab00000,0x00000000eba00000,0x00000000eba00000)
  from space 1024K, 96% used [0x00000000eba00000,0x00000000ebaf5d30,0x00000000ebb00000)
  to   space 1024K, 0% used [0x00000000ebb00000,0x00000000ebb00000,0x00000000ebc00000)
 ParOldGen       total 68608K, used 56165K [0x00000000c0000000, 0x00000000c4300000, 0x00000000eab00000)
  object space 68608K, 81% used [0x00000000c0000000,0x00000000c36d95c0,0x00000000c4300000)
 Metaspace       used 66113K, committed 67520K, reserved 1114112K
  class space    used 6938K, committed 7552K, reserved 1048576K
}
Event: 70.732 GC heap after
{Heap after GC invocations=57 (full 3):
 PSYoungGen      total 15360K, used 1004K [0x00000000eab00000, 0x00000000ebe00000, 0x0000000100000000)
  eden space 14336K, 0% used [0x00000000eab00000,0x00000000eab00000,0x00000000eb900000)
  from space 1024K, 98% used [0x00000000ebb00000,0x00000000ebbfb370,0x00000000ebc00000)
  to   space 2048K, 0% used [0x00000000eb900000,0x00000000eb900000,0x00000000ebb00000)
 ParOldGen       total 68608K, used 56953K [0x00000000c0000000, 0x00000000c4300000, 0x00000000eab00000)
  object space 68608K, 83% used [0x00000000c0000000,0x00000000c379e588,0x00000000c4300000)
 Metaspace       used 66113K, committed 67520K, reserved 1114112K
  class space    used 6938K, committed 7552K, reserved 1048576K
}
Event: 70.772 GC heap before
{Heap before GC invocations=58 (full 3):
 PSYoungGen      total 15360K, used 15340K [0x00000000eab00000, 0x00000000ebe00000, 0x0000000100000000)
  eden space 14336K, 100% used [0x00000000eab00000,0x00000000eb900000,0x00000000eb900000)
  from space 1024K, 98% used [0x00000000ebb00000,0x00000000ebbfb370,0x00000000ebc00000)
  to   space 2048K, 0% used [0x00000000eb900000,0x00000000eb900000,0x00000000ebb00000)
 ParOldGen       total 68608K, used 56953K [0x00000000c0000000, 0x00000000c4300000, 0x00000000eab00000)
  object space 68608K, 83% used [0x00000000c0000000,0x00000000c379e588,0x00000000c4300000)
 Metaspace       used 66185K, committed 67520K, reserved 1114112K
  class space    used 6949K, committed 7552K, reserved 1048576K
}
Event: 70.774 GC heap after
{Heap after GC invocations=58 (full 3):
 PSYoungGen      total 15872K, used 1102K [0x00000000eab00000, 0x00000000ebc00000, 0x0000000100000000)
  eden space 14336K, 0% used [0x00000000eab00000,0x00000000eab00000,0x00000000eb900000)
  from space 1536K, 71% used [0x00000000eb900000,0x00000000eba13938,0x00000000eba80000)
  to   space 1536K, 0% used [0x00000000eba80000,0x00000000eba80000,0x00000000ebc00000)
 ParOldGen       total 68608K, used 57736K [0x00000000c0000000, 0x00000000c4300000, 0x00000000eab00000)
  object space 68608K, 84% used [0x00000000c0000000,0x00000000c3862108,0x00000000c4300000)
 Metaspace       used 66185K, committed 67520K, reserved 1114112K
  class space    used 6949K, committed 7552K, reserved 1048576K
}
Event: 70.831 GC heap before
{Heap before GC invocations=59 (full 3):
 PSYoungGen      total 15872K, used 15438K [0x00000000eab00000, 0x00000000ebc00000, 0x0000000100000000)
  eden space 14336K, 100% used [0x00000000eab00000,0x00000000eb900000,0x00000000eb900000)
  from space 1536K, 71% used [0x00000000eb900000,0x00000000eba13938,0x00000000eba80000)
  to   space 1536K, 0% used [0x00000000eba80000,0x00000000eba80000,0x00000000ebc00000)
 ParOldGen       total 68608K, used 57736K [0x00000000c0000000, 0x00000000c4300000, 0x00000000eab00000)
  object space 68608K, 84% used [0x00000000c0000000,0x00000000c3862108,0x00000000c4300000)
 Metaspace       used 66220K, committed 67584K, reserved 1114112K
  class space    used 6955K, committed 7552K, reserved 1048576K
}
Event: 70.834 GC heap after
{Heap after GC invocations=59 (full 3):
 PSYoungGen      total 15360K, used 893K [0x00000000eab00000, 0x00000000ebb80000, 0x0000000100000000)
  eden space 14336K, 0% used [0x00000000eab00000,0x00000000eab00000,0x00000000eb900000)
  from space 1024K, 87% used [0x00000000eba80000,0x00000000ebb5f408,0x00000000ebb80000)
  to   space 1024K, 0% used [0x00000000eb980000,0x00000000eb980000,0x00000000eba80000)
 ParOldGen       total 68608K, used 58564K [0x00000000c0000000, 0x00000000c4300000, 0x00000000eab00000)
  object space 68608K, 85% used [0x00000000c0000000,0x00000000c3931338,0x00000000c4300000)
 Metaspace       used 66220K, committed 67584K, reserved 1114112K
  class space    used 6955K, committed 7552K, reserved 1048576K
}
Event: 70.951 GC heap before
{Heap before GC invocations=60 (full 3):
 PSYoungGen      total 15360K, used 15229K [0x00000000eab00000, 0x00000000ebb80000, 0x0000000100000000)
  eden space 14336K, 100% used [0x00000000eab00000,0x00000000eb900000,0x00000000eb900000)
  from space 1024K, 87% used [0x00000000eba80000,0x00000000ebb5f408,0x00000000ebb80000)
  to   space 1024K, 0% used [0x00000000eb980000,0x00000000eb980000,0x00000000eba80000)
 ParOldGen       total 68608K, used 58564K [0x00000000c0000000, 0x00000000c4300000, 0x00000000eab00000)
  object space 68608K, 85% used [0x00000000c0000000,0x00000000c3931338,0x00000000c4300000)
 Metaspace       used 66357K, committed 67712K, reserved 1114112K
  class space    used 6961K, committed 7552K, reserved 1048576K
}
Event: 70.953 GC heap after
{Heap after GC invocations=60 (full 3):
 PSYoungGen      total 15360K, used 1021K [0x00000000eab00000, 0x00000000ebb80000, 0x0000000100000000)
  eden space 14336K, 0% used [0x00000000eab00000,0x00000000eab00000,0x00000000eb900000)
  from space 1024K, 99% used [0x00000000eb980000,0x00000000eba7f7d8,0x00000000eba80000)
  to   space 1024K, 0% used [0x00000000eba80000,0x00000000eba80000,0x00000000ebb80000)
 ParOldGen       total 68608K, used 59386K [0x00000000c0000000, 0x00000000c4300000, 0x00000000eab00000)
  object space 68608K, 86% used [0x00000000c0000000,0x00000000c39feb90,0x00000000c4300000)
 Metaspace       used 66357K, committed 67712K, reserved 1114112K
  class space    used 6961K, committed 7552K, reserved 1048576K
}

Dll operation events (14 events):
Event: 0.021 Loaded shared library c:\Users\Jake\.vscode\extensions\redhat.java-1.41.0-win32-x64\jre\21.0.6-win32-x86_64\bin\java.dll
Event: 0.103 Loaded shared library c:\Users\Jake\.vscode\extensions\redhat.java-1.41.0-win32-x64\jre\21.0.6-win32-x86_64\bin\zip.dll
Event: 0.126 Loaded shared library C:\Users\Jake\.vscode\extensions\redhat.java-1.41.0-win32-x64\jre\21.0.6-win32-x86_64\bin\instrument.dll
Event: 0.135 Loaded shared library C:\Users\Jake\.vscode\extensions\redhat.java-1.41.0-win32-x64\jre\21.0.6-win32-x86_64\bin\net.dll
Event: 0.142 Loaded shared library C:\Users\Jake\.vscode\extensions\redhat.java-1.41.0-win32-x64\jre\21.0.6-win32-x86_64\bin\nio.dll
Event: 0.148 Loaded shared library C:\Users\Jake\.vscode\extensions\redhat.java-1.41.0-win32-x64\jre\21.0.6-win32-x86_64\bin\zip.dll
Event: 0.176 Loaded shared library C:\Users\Jake\.vscode\extensions\redhat.java-1.41.0-win32-x64\jre\21.0.6-win32-x86_64\bin\jimage.dll
Event: 0.244 Loaded shared library c:\Users\Jake\.vscode\extensions\redhat.java-1.41.0-win32-x64\jre\21.0.6-win32-x86_64\bin\verify.dll
Event: 1.681 Loaded shared library C:\Users\Jake\AppData\Roaming\Code\User\globalStorage\redhat.java\1.41.0\config_win\org.eclipse.equinox.launcher\org.eclipse.equinox.launcher.win32.win32.x86_64_1.2.1300.v20250325-0811\eclipse_11911.dll
Event: 3.079 Loaded shared library C:\Users\Jake\.vscode\extensions\redhat.java-1.41.0-win32-x64\jre\21.0.6-win32-x86_64\bin\management.dll
Event: 3.081 Loaded shared library C:\Users\Jake\.vscode\extensions\redhat.java-1.41.0-win32-x64\jre\21.0.6-win32-x86_64\bin\management_ext.dll
Event: 4.253 Loaded shared library C:\Users\Jake\AppData\Local\Temp\jna-2301169\jna16257482069104047199.dll
Event: 4.610 Loaded shared library C:\Users\Jake\.vscode\extensions\redhat.java-1.41.0-win32-x64\jre\21.0.6-win32-x86_64\bin\sunmscapi.dll
Event: 6.611 Loaded shared library C:\Users\Jake\.vscode\extensions\redhat.java-1.41.0-win32-x64\jre\21.0.6-win32-x86_64\bin\extnet.dll

Deoptimization events (20 events):
Event: 70.923 Thread 0x00000133fe7bb8f0 DEOPT PACKING pc=0x00000133aec66740 sp=0x00000024d8efe320
Event: 70.923 Thread 0x00000133fe7bb8f0 DEOPT UNPACKING pc=0x00000133ae0c3aa2 sp=0x00000024d8efe238 mode 2
Event: 70.924 Thread 0x00000133fe7bb8f0 Uncommon trap: trap_request=0xffffff45 fr.pc=0x00000133aec91e38 relative=0x0000000000000a18
Event: 70.924 Thread 0x00000133fe7bb8f0 Uncommon trap: reason=unstable_if action=reinterpret pc=0x00000133aec91e38 method=java.util.concurrent.ConcurrentLinkedQueue.first()Ljava/util/concurrent/ConcurrentLinkedQueue$Node; @ 32 c2
Event: 70.924 Thread 0x00000133fe7bb8f0 DEOPT PACKING pc=0x00000133aec91e38 sp=0x00000024d8efe2f0
Event: 70.924 Thread 0x00000133fe7bb8f0 DEOPT UNPACKING pc=0x00000133ae0c3aa2 sp=0x00000024d8efe168 mode 2
Event: 70.926 Thread 0x00000133fe7bb8f0 Uncommon trap: trap_request=0xffffff45 fr.pc=0x00000133aec66b3c relative=0x000000000000009c
Event: 70.926 Thread 0x00000133fe7bb8f0 Uncommon trap: reason=unstable_if action=reinterpret pc=0x00000133aec66b3c method=java.util.concurrent.ConcurrentLinkedQueue.first()Ljava/util/concurrent/ConcurrentLinkedQueue$Node; @ 11 c2
Event: 70.926 Thread 0x00000133fe7bb8f0 DEOPT PACKING pc=0x00000133aec66b3c sp=0x00000024d8efe2b0
Event: 70.926 Thread 0x00000133fe7bb8f0 DEOPT UNPACKING pc=0x00000133ae0c3aa2 sp=0x00000024d8efe230 mode 2
Event: 70.926 Thread 0x00000133fe7bb8f0 Uncommon trap: trap_request=0xffffff45 fr.pc=0x00000133aeaf56c8 relative=0x00000000000000a8
Event: 70.926 Thread 0x00000133fe7bb8f0 Uncommon trap: reason=unstable_if action=reinterpret pc=0x00000133aeaf56c8 method=org.eclipse.core.internal.jobs.InternalJob.getState()I @ 10 c2
Event: 70.926 Thread 0x00000133fe7bb8f0 DEOPT PACKING pc=0x00000133aeaf56c8 sp=0x00000024d8efe150
Event: 70.926 Thread 0x00000133fe7bb8f0 DEOPT UNPACKING pc=0x00000133ae0c3aa2 sp=0x00000024d8efe0e8 mode 2
Event: 70.932 Thread 0x00000133fd168bc0 DEOPT PACKING pc=0x00000133a796e7fe sp=0x00000024d76fe8b0
Event: 70.932 Thread 0x00000133fd168bc0 DEOPT UNPACKING pc=0x00000133ae0c4242 sp=0x00000024d76fdd20 mode 0
Event: 70.954 Thread 0x00000133fe7bb8f0 Uncommon trap: trap_request=0xffffff45 fr.pc=0x00000133ae85d528 relative=0x0000000000000fc8
Event: 70.954 Thread 0x00000133fe7bb8f0 Uncommon trap: reason=unstable_if action=reinterpret pc=0x00000133ae85d528 method=org.eclipse.core.runtime.Path.toOSString()Ljava/lang/String; @ 66 c2
Event: 70.954 Thread 0x00000133fe7bb8f0 DEOPT PACKING pc=0x00000133ae85d528 sp=0x00000024d8efe620
Event: 70.954 Thread 0x00000133fe7bb8f0 DEOPT UNPACKING pc=0x00000133ae0c3aa2 sp=0x00000024d8efe5e0 mode 2

Classes loaded (20 events):
Event: 70.353 Loading class java/util/stream/Nodes$IntFixedNodeBuilder
Event: 70.353 Loading class java/util/stream/Node$Builder$OfInt
Event: 70.353 Loading class java/util/stream/Sink$OfInt
Event: 70.353 Loading class java/util/stream/Sink$OfInt done
Event: 70.353 Loading class java/util/stream/Node$Builder$OfInt done
Event: 70.353 Loading class java/util/stream/Nodes$IntArrayNode
Event: 70.354 Loading class java/util/stream/Nodes$IntArrayNode done
Event: 70.354 Loading class java/util/stream/Nodes$IntFixedNodeBuilder done
Event: 70.354 Loading class java/util/stream/ReferencePipeline$4$1
Event: 70.354 Loading class java/util/stream/ReferencePipeline$4$1 done
Event: 70.377 Loading class java/util/regex/Pattern$Caret
Event: 70.377 Loading class java/util/regex/Pattern$Caret done
Event: 70.399 Loading class java/util/regex/Pattern$LazyLoop
Event: 70.399 Loading class java/util/regex/Pattern$LazyLoop done
Event: 70.530 Loading class java/io/BufferedReader$1
Event: 70.531 Loading class java/io/BufferedReader$1 done
Event: 70.741 Loading class java/io/ObjectStreamClass$DeserializationConstructorsCache
Event: 70.741 Loading class java/io/ObjectStreamClass$DeserializationConstructorsCache done
Event: 70.913 Loading class java/util/zip/ZipError
Event: 70.914 Loading class java/util/zip/ZipError done

Classes unloaded (12 events):
Event: 3.718 Thread 0x00000133a3acea50 Unloading class 0x00000133b9199400 'java/lang/invoke/LambdaForm$MH+0x00000133b9199400'
Event: 3.718 Thread 0x00000133a3acea50 Unloading class 0x00000133b9199000 'java/lang/invoke/LambdaForm$MH+0x00000133b9199000'
Event: 3.718 Thread 0x00000133a3acea50 Unloading class 0x00000133b9198c00 'java/lang/invoke/LambdaForm$MH+0x00000133b9198c00'
Event: 3.718 Thread 0x00000133a3acea50 Unloading class 0x00000133b9198800 'java/lang/invoke/LambdaForm$MH+0x00000133b9198800'
Event: 3.718 Thread 0x00000133a3acea50 Unloading class 0x00000133b9198400 'java/lang/invoke/LambdaForm$BMH+0x00000133b9198400'
Event: 3.718 Thread 0x00000133a3acea50 Unloading class 0x00000133b9198000 'java/lang/invoke/LambdaForm$DMH+0x00000133b9198000'
Event: 3.718 Thread 0x00000133a3acea50 Unloading class 0x00000133b9196c00 'java/lang/invoke/LambdaForm$DMH+0x00000133b9196c00'
Event: 69.243 Thread 0x00000133a3acea50 Unloading class 0x00000133b95e4800 'java/lang/invoke/LambdaForm$DMH+0x00000133b95e4800'
Event: 69.244 Thread 0x00000133a3acea50 Unloading class 0x00000133b95e5400 'java/lang/invoke/LambdaForm$DMH+0x00000133b95e5400'
Event: 69.244 Thread 0x00000133a3acea50 Unloading class 0x00000133b95e5000 'java/lang/invoke/LambdaForm$DMH+0x00000133b95e5000'
Event: 69.244 Thread 0x00000133a3acea50 Unloading class 0x00000133b95e4c00 'java/lang/invoke/LambdaForm$DMH+0x00000133b95e4c00'
Event: 69.244 Thread 0x00000133a3acea50 Unloading class 0x00000133b9578400 'java/lang/invoke/LambdaForm$DMH+0x00000133b9578400'

Classes redefined (0 events):
No events

Internal exceptions (20 events):
Event: 70.513 Thread 0x00000133fe7bb8f0 Exception <a 'sun/nio/fs/WindowsException'{0x00000000eb0994e8}> (0x00000000eb0994e8) 
thrown [s\src\hotspot\share\prims\jni.cpp, line 520]
Event: 70.513 Thread 0x00000133fe7bb8f0 Exception <a 'sun/nio/fs/WindowsException'{0x00000000eb099fe8}> (0x00000000eb099fe8) 
thrown [s\src\hotspot\share\prims\jni.cpp, line 520]
Event: 70.515 Thread 0x00000133fe7bb8f0 Exception <a 'sun/nio/fs/WindowsException'{0x00000000eb19b6c8}> (0x00000000eb19b6c8) 
thrown [s\src\hotspot\share\prims\jni.cpp, line 520]
Event: 70.515 Thread 0x00000133fe7bb8f0 Exception <a 'sun/nio/fs/WindowsException'{0x00000000eb19c1c8}> (0x00000000eb19c1c8) 
thrown [s\src\hotspot\share\prims\jni.cpp, line 520]
Event: 70.540 Thread 0x00000133fe7bb8f0 Exception <a 'java/io/FileNotFoundException'{0x00000000eae2ab98}> (0x00000000eae2ab98) 
thrown [s\src\hotspot\share\prims\jni.cpp, line 520]
Event: 70.541 Thread 0x00000133fe7bb8f0 Exception <a 'java/io/FileNotFoundException'{0x00000000eae2be50}> (0x00000000eae2be50) 
thrown [s\src\hotspot\share\prims\jni.cpp, line 520]
Event: 70.541 Thread 0x00000133fe7bb8f0 Exception <a 'java/io/FileNotFoundException'{0x00000000eae2ce60}> (0x00000000eae2ce60) 
thrown [s\src\hotspot\share\prims\jni.cpp, line 520]
Event: 70.729 Thread 0x00000133fe7bb8f0 Exception <a 'sun/nio/fs/WindowsException'{0x00000000eb76e0a8}> (0x00000000eb76e0a8) 
thrown [s\src\hotspot\share\prims\jni.cpp, line 520]
Event: 70.735 Thread 0x00000133fe7bb8f0 Implicit null exception at 0x00000133aecd2386 to 0x00000133aecd2624
Event: 70.747 Thread 0x00000133fe7bb8f0 Exception <a 'java/lang/NoSuchMethodError'{0x00000000eb38f560}: static Lorg/apache/maven/model/InputLocation;.<clinit>()V> (0x00000000eb38f560) 
thrown [s\src\hotspot\share\prims\jni.cpp, line 1111]
Event: 70.749 Thread 0x00000133fe7bb8f0 Exception <a 'java/lang/NoSuchMethodError'{0x00000000eb3a23b8}: static Lorg/apache/maven/model/InputSource;.<clinit>()V> (0x00000000eb3a23b8) 
thrown [s\src\hotspot\share\prims\jni.cpp, line 1111]
Event: 70.761 Thread 0x00000133fe7bb8f0 Exception <a 'java/lang/NoSuchMethodError'{0x00000000eb555b90}: static Lorg/eclipse/m2e/core/internal/lifecyclemapping/model/PluginExecutionMetadata;.<clinit>()V> (0x00000000eb555b90) 
thrown [s\src\hotspot\share\prims\jni.cpp, line 1111]
Event: 70.763 Thread 0x00000133fe7bb8f0 Exception <a 'java/lang/NoSuchMethodError'{0x00000000eb5abec8}: static Lorg/eclipse/m2e/core/internal/lifecyclemapping/model/PluginExecutionFilter;.<clinit>()V> (0x00000000eb5abec8) 
thrown [s\src\hotspot\share\prims\jni.cpp, line 1111]
Event: 70.805 Thread 0x00000133fe7bb8f0 Exception <a 'sun/nio/fs/WindowsException'{0x00000000eafb8670}> (0x00000000eafb8670) 
thrown [s\src\hotspot\share\prims\jni.cpp, line 520]
Event: 70.885 Thread 0x00000133fd16a600 Exception <a 'sun/nio/fs/WindowsException'{0x00000000eaba7e80}> (0x00000000eaba7e80) 
thrown [s\src\hotspot\share\prims\jni.cpp, line 520]
Event: 70.885 Thread 0x00000133fe7bb8f0 Exception <a 'sun/nio/fs/WindowsException'{0x00000000eabfde28}> (0x00000000eabfde28) 
thrown [s\src\hotspot\share\prims\jni.cpp, line 520]
Event: 70.885 Thread 0x00000133fd16a600 Exception <a 'sun/nio/fs/WindowsException'{0x00000000eaba8980}> (0x00000000eaba8980) 
thrown [s\src\hotspot\share\prims\jni.cpp, line 520]
Event: 70.885 Thread 0x00000133fe7bb8f0 Exception <a 'sun/nio/fs/WindowsException'{0x00000000eabfe928}> (0x00000000eabfe928) 
thrown [s\src\hotspot\share\prims\jni.cpp, line 520]
Event: 70.886 Thread 0x00000133fe7bb8f0 Exception <a 'sun/nio/fs/WindowsException'{0x00000000eac125e8}> (0x00000000eac125e8) 
thrown [s\src\hotspot\share\prims\jni.cpp, line 520]
Event: 70.886 Thread 0x00000133fe7bb8f0 Exception <a 'sun/nio/fs/WindowsException'{0x00000000eac12e38}> (0x00000000eac12e38) 
thrown [s\src\hotspot\share\prims\jni.cpp, line 520]

ZGC Phase Switch (0 events):
No events

VM Operations (20 events):
Event: 70.619 Executing VM operation: ParallelGCFailedAllocation (Allocation Failure)
Event: 70.621 Executing VM operation: ParallelGCFailedAllocation (Allocation Failure) done
Event: 70.641 Executing VM operation: ParallelGCFailedAllocation (Allocation Failure)
Event: 70.643 Executing VM operation: ParallelGCFailedAllocation (Allocation Failure) done
Event: 70.675 Executing VM operation: ParallelGCFailedAllocation (Allocation Failure)
Event: 70.676 Executing VM operation: ParallelGCFailedAllocation (Allocation Failure) done
Event: 70.705 Executing VM operation: ParallelGCFailedAllocation (Allocation Failure)
Event: 70.707 Executing VM operation: ParallelGCFailedAllocation (Allocation Failure) done
Event: 70.730 Executing VM operation: ParallelGCFailedAllocation (Allocation Failure)
Event: 70.732 Executing VM operation: ParallelGCFailedAllocation (Allocation Failure) done
Event: 70.743 Executing VM operation: HandshakeAllThreads (Deoptimize)
Event: 70.743 Executing VM operation: HandshakeAllThreads (Deoptimize) done
Event: 70.772 Executing VM operation: ParallelGCFailedAllocation (Allocation Failure)
Event: 70.774 Executing VM operation: ParallelGCFailedAllocation (Allocation Failure) done
Event: 70.830 Executing VM operation: ParallelGCFailedAllocation (Allocation Failure)
Event: 70.834 Executing VM operation: ParallelGCFailedAllocation (Allocation Failure) done
Event: 70.888 Executing VM operation: HandshakeAllThreads (Deoptimize)
Event: 70.888 Executing VM operation: HandshakeAllThreads (Deoptimize) done
Event: 70.951 Executing VM operation: ParallelGCFailedAllocation (Allocation Failure)
Event: 70.953 Executing VM operation: ParallelGCFailedAllocation (Allocation Failure) done

Memory protections (0 events):
No events

Nmethod flushes (20 events):
Event: 69.368 Thread 0x00000133a3acea50 flushing  nmethod 0x00000133a7502390
Event: 69.368 Thread 0x00000133a3acea50 flushing  nmethod 0x00000133a7503110
Event: 69.368 Thread 0x00000133a3acea50 flushing  nmethod 0x00000133a750be90
Event: 69.368 Thread 0x00000133a3acea50 flushing  nmethod 0x00000133a751ce90
Event: 69.368 Thread 0x00000133a3acea50 flushing  nmethod 0x00000133a7535410
Event: 69.368 Thread 0x00000133a3acea50 flushing  nmethod 0x00000133a7539590
Event: 69.368 Thread 0x00000133a3acea50 flushing  nmethod 0x00000133a753a610
Event: 69.368 Thread 0x00000133a3acea50 flushing  nmethod 0x00000133a753ac10
Event: 69.368 Thread 0x00000133a3acea50 flushing  nmethod 0x00000133a753bb10
Event: 69.368 Thread 0x00000133a3acea50 flushing  nmethod 0x00000133a753be90
Event: 69.368 Thread 0x00000133a3acea50 flushing  nmethod 0x00000133a753de90
Event: 69.368 Thread 0x00000133a3acea50 flushing  nmethod 0x00000133a7564310
Event: 69.368 Thread 0x00000133a3acea50 flushing  nmethod 0x00000133a7579790
Event: 69.369 Thread 0x00000133a3acea50 flushing  nmethod 0x00000133a7586f10
Event: 69.369 Thread 0x00000133a3acea50 flushing  nmethod 0x00000133a760d710
Event: 69.369 Thread 0x00000133a3acea50 flushing  nmethod 0x00000133a760db10
Event: 69.369 Thread 0x00000133a3acea50 flushing  nmethod 0x00000133a7626d90
Event: 69.369 Thread 0x00000133a3acea50 flushing  nmethod 0x00000133a7642e90
Event: 69.369 Thread 0x00000133a3acea50 flushing  nmethod 0x00000133a7643290
Event: 69.369 Thread 0x00000133a3acea50 flushing  nmethod 0x00000133a7663190

Events (20 events):
Event: 50.910 Thread 0x00000133fe8084e0 Thread exited: 0x00000133fe8084e0
Event: 67.247 Thread 0x00000133fe2c60a0 Thread exited: 0x00000133fe2c60a0
Event: 67.520 Thread 0x00000133fd166af0 Thread exited: 0x00000133fd166af0
Event: 68.323 Thread 0x00000133a3aece60 Thread added: 0x00000133fe42d4b0
Event: 68.803 Thread 0x00000133fe7bb8f0 Thread added: 0x00000133fe2c8e90
Event: 68.803 Thread 0x00000133fe7bb8f0 Thread added: 0x00000133fe2c5a10
Event: 68.804 Thread 0x00000133fe7bb8f0 Thread added: 0x00000133fe2c9520
Event: 68.804 Thread 0x00000133fe7bb8f0 Thread added: 0x00000133fe2c9bb0
Event: 68.804 Thread 0x00000133fe7bb8f0 Thread added: 0x00000133fe2c3940
Event: 68.837 Thread 0x00000133fe2c5a10 Thread exited: 0x00000133fe2c5a10
Event: 68.837 Thread 0x00000133fe2c9520 Thread exited: 0x00000133fe2c9520
Event: 68.837 Thread 0x00000133fe2c3940 Thread exited: 0x00000133fe2c3940
Event: 68.837 Thread 0x00000133fe2c9bb0 Thread exited: 0x00000133fe2c9bb0
Event: 68.837 Thread 0x00000133fe2c8e90 Thread exited: 0x00000133fe2c8e90
Event: 69.141 Thread 0x00000133fd16b9b0 Thread exited: 0x00000133fd16b9b0
Event: 69.160 Thread 0x00000133fd169250 Thread added: 0x00000133fe2c60a0
Event: 69.689 Thread 0x00000133fe7bb8f0 Thread added: 0x00000133fe2c5a10
Event: 69.689 Thread 0x00000133fe2c5a10 Thread exited: 0x00000133fe2c5a10
Event: 70.527 Thread 0x00000133fe7bb8f0 Thread added: 0x00000133fe2c9520
Event: 70.527 Thread 0x00000133fe2c9520 Thread exited: 0x00000133fe2c9520


Dynamic libraries:
0x00007ff6b9cc0000 - 0x00007ff6b9cce000 	c:\Users\Jake\.vscode\extensions\redhat.java-1.41.0-win32-x64\jre\21.0.6-win32-x86_64\bin\java.exe
0x00007ffd95010000 - 0x00007ffd95227000 	C:\Windows\SYSTEM32\ntdll.dll
0x00007ffd93e70000 - 0x00007ffd93f34000 	C:\Windows\System32\KERNEL32.DLL
0x00007ffd922c0000 - 0x00007ffd92691000 	C:\Windows\System32\KERNELBASE.dll
0x00007ffd92a20000 - 0x00007ffd92b31000 	C:\Windows\System32\ucrtbase.dll
0x00007ffd73270000 - 0x00007ffd7328e000 	c:\Users\Jake\.vscode\extensions\redhat.java-1.41.0-win32-x64\jre\21.0.6-win32-x86_64\bin\VCRUNTIME140.dll
0x00007ffd71140000 - 0x00007ffd71158000 	c:\Users\Jake\.vscode\extensions\redhat.java-1.41.0-win32-x64\jre\21.0.6-win32-x86_64\bin\jli.dll
0x00007ffd93a10000 - 0x00007ffd93bc1000 	C:\Windows\System32\USER32.dll
0x00007ffd92cb0000 - 0x00007ffd92cd6000 	C:\Windows\System32\win32u.dll
0x00007ffd93fc0000 - 0x00007ffd93fe9000 	C:\Windows\System32\GDI32.dll
0x00007ffd92720000 - 0x00007ffd9283b000 	C:\Windows\System32\gdi32full.dll
0x00007ffd79960000 - 0x00007ffd79bf2000 	C:\Windows\WinSxS\amd64_microsoft.windows.common-controls_6595b64144ccf1df_6.0.22621.4830_none_270fe7d773858e80\COMCTL32.dll
0x00007ffd92900000 - 0x00007ffd9299a000 	C:\Windows\System32\msvcp_win.dll
0x00007ffd94e10000 - 0x00007ffd94eb7000 	C:\Windows\System32\msvcrt.dll
0x00007ffd94dd0000 - 0x00007ffd94e01000 	C:\Windows\System32\IMM32.DLL
0x00007ffd7f7b0000 - 0x00007ffd7f7bc000 	c:\Users\Jake\.vscode\extensions\redhat.java-1.41.0-win32-x64\jre\21.0.6-win32-x86_64\bin\vcruntime140_1.dll
0x00007ffcfd950000 - 0x00007ffcfd9dd000 	c:\Users\Jake\.vscode\extensions\redhat.java-1.41.0-win32-x64\jre\21.0.6-win32-x86_64\bin\msvcp140.dll
0x00007ffcc0520000 - 0x00007ffcc12b0000 	c:\Users\Jake\.vscode\extensions\redhat.java-1.41.0-win32-x64\jre\21.0.6-win32-x86_64\bin\server\jvm.dll
0x00007ffd93210000 - 0x00007ffd932c1000 	C:\Windows\System32\ADVAPI32.dll
0x00007ffd93950000 - 0x00007ffd939f7000 	C:\Windows\System32\sechost.dll
0x00007ffd92b40000 - 0x00007ffd92b68000 	C:\Windows\System32\bcrypt.dll
0x00007ffd93d30000 - 0x00007ffd93e44000 	C:\Windows\System32\RPCRT4.dll
0x00007ffd94ce0000 - 0x00007ffd94d51000 	C:\Windows\System32\WS2_32.dll
0x00007ffd92020000 - 0x00007ffd9206d000 	C:\Windows\SYSTEM32\POWRPROF.dll
0x00007ffd8a5b0000 - 0x00007ffd8a5e4000 	C:\Windows\SYSTEM32\WINMM.dll
0x00007ffd80740000 - 0x00007ffd8074a000 	C:\Windows\SYSTEM32\VERSION.dll
0x00007ffd92000000 - 0x00007ffd92013000 	C:\Windows\SYSTEM32\UMPDC.dll
0x00007ffd910c0000 - 0x00007ffd910d8000 	C:\Windows\SYSTEM32\kernel.appcore.dll
0x00007ffd7e7a0000 - 0x00007ffd7e7aa000 	c:\Users\Jake\.vscode\extensions\redhat.java-1.41.0-win32-x64\jre\21.0.6-win32-x86_64\bin\jimage.dll
0x00007ffd8fac0000 - 0x00007ffd8fcf2000 	C:\Windows\SYSTEM32\DBGHELP.DLL
0x00007ffd935b0000 - 0x00007ffd93940000 	C:\Windows\System32\combase.dll
0x00007ffd93c40000 - 0x00007ffd93d17000 	C:\Windows\System32\OLEAUT32.dll
0x00007ffd5e4d0000 - 0x00007ffd5e502000 	C:\Windows\SYSTEM32\dbgcore.DLL
0x00007ffd926a0000 - 0x00007ffd9271b000 	C:\Windows\System32\bcryptPrimitives.dll
0x00007ffd73220000 - 0x00007ffd7322f000 	c:\Users\Jake\.vscode\extensions\redhat.java-1.41.0-win32-x64\jre\21.0.6-win32-x86_64\bin\instrument.dll
0x00007ffd6e880000 - 0x00007ffd6e89f000 	c:\Users\Jake\.vscode\extensions\redhat.java-1.41.0-win32-x64\jre\21.0.6-win32-x86_64\bin\java.dll
0x00007ffd93ff0000 - 0x00007ffd94878000 	C:\Windows\System32\SHELL32.dll
0x00007ffd92b70000 - 0x00007ffd92caf000 	C:\Windows\System32\wintypes.dll
0x00007ffd90060000 - 0x00007ffd9096d000 	C:\Windows\SYSTEM32\windows.storage.dll
0x00007ffd93430000 - 0x00007ffd9353a000 	C:\Windows\System32\SHCORE.dll
0x00007ffd93540000 - 0x00007ffd9359e000 	C:\Windows\System32\shlwapi.dll
0x00007ffd92080000 - 0x00007ffd920ab000 	C:\Windows\SYSTEM32\profapi.dll
0x00007ffd6e810000 - 0x00007ffd6e828000 	c:\Users\Jake\.vscode\extensions\redhat.java-1.41.0-win32-x64\jre\21.0.6-win32-x86_64\bin\zip.dll
0x00007ffd731d0000 - 0x00007ffd731e0000 	C:\Users\Jake\.vscode\extensions\redhat.java-1.41.0-win32-x64\jre\21.0.6-win32-x86_64\bin\net.dll
0x00007ffd8de70000 - 0x00007ffd8df9c000 	C:\Windows\SYSTEM32\WINHTTP.dll
0x00007ffd915c0000 - 0x00007ffd9162a000 	C:\Windows\system32\mswsock.dll
0x00007ffd6e150000 - 0x00007ffd6e166000 	C:\Users\Jake\.vscode\extensions\redhat.java-1.41.0-win32-x64\jre\21.0.6-win32-x86_64\bin\nio.dll
0x00007ffd72240000 - 0x00007ffd72250000 	c:\Users\Jake\.vscode\extensions\redhat.java-1.41.0-win32-x64\jre\21.0.6-win32-x86_64\bin\verify.dll
0x00007ffcfc670000 - 0x00007ffcfc6b5000 	C:\Users\Jake\AppData\Roaming\Code\User\globalStorage\redhat.java\1.41.0\config_win\org.eclipse.equinox.launcher\org.eclipse.equinox.launcher.win32.win32.x86_64_1.2.1300.v20250325-0811\eclipse_11911.dll
0x00007ffd94ad0000 - 0x00007ffd94c71000 	C:\Windows\System32\ole32.dll
0x00007ffd72170000 - 0x00007ffd7217a000 	C:\Users\Jake\.vscode\extensions\redhat.java-1.41.0-win32-x64\jre\21.0.6-win32-x86_64\bin\management.dll
0x00007ffd71130000 - 0x00007ffd7113b000 	C:\Users\Jake\.vscode\extensions\redhat.java-1.41.0-win32-x64\jre\21.0.6-win32-x86_64\bin\management_ext.dll
0x00007ffd93940000 - 0x00007ffd93948000 	C:\Windows\System32\PSAPI.DLL
0x00007ffd91910000 - 0x00007ffd9192b000 	C:\Windows\SYSTEM32\CRYPTSP.dll
0x00007ffd910e0000 - 0x00007ffd91117000 	C:\Windows\system32\rsaenh.dll
0x00007ffd91660000 - 0x00007ffd91688000 	C:\Windows\SYSTEM32\USERENV.dll
0x00007ffd918f0000 - 0x00007ffd918fc000 	C:\Windows\SYSTEM32\CRYPTBASE.dll
0x00007ffd90bd0000 - 0x00007ffd90bfd000 	C:\Windows\SYSTEM32\IPHLPAPI.DLL
0x00007ffd93d20000 - 0x00007ffd93d29000 	C:\Windows\System32\NSI.dll
0x00007ffd579f0000 - 0x00007ffd57a39000 	C:\Users\Jake\AppData\Local\Temp\jna-2301169\jna16257482069104047199.dll
0x00007ffd8c7e0000 - 0x00007ffd8c7f9000 	C:\Windows\SYSTEM32\dhcpcsvc6.DLL
0x00007ffd8b2e0000 - 0x00007ffd8b2ff000 	C:\Windows\SYSTEM32\dhcpcsvc.DLL
0x00007ffd6e440000 - 0x00007ffd6e44e000 	C:\Users\Jake\.vscode\extensions\redhat.java-1.41.0-win32-x64\jre\21.0.6-win32-x86_64\bin\sunmscapi.dll
0x00007ffd92150000 - 0x00007ffd922b6000 	C:\Windows\System32\CRYPT32.dll
0x00007ffd91a20000 - 0x00007ffd91a4d000 	C:\Windows\SYSTEM32\ncrypt.dll
0x00007ffd919e0000 - 0x00007ffd91a17000 	C:\Windows\SYSTEM32\NTASN1.dll
0x00007ffd90c40000 - 0x00007ffd90d42000 	C:\Windows\SYSTEM32\DNSAPI.dll
0x00000000775a0000 - 0x00000000775c6000 	C:\Program Files\Bonjour\mdnsNSP.dll
0x00007ffd8b2d0000 - 0x00007ffd8b2da000 	C:\Windows\System32\rasadhlp.dll
0x00007ffd8a460000 - 0x00007ffd8a4e3000 	C:\Windows\System32\fwpuclnt.dll
0x00007ffd6e060000 - 0x00007ffd6e069000 	C:\Users\Jake\.vscode\extensions\redhat.java-1.41.0-win32-x64\jre\21.0.6-win32-x86_64\bin\extnet.dll

dbghelp: loaded successfully - version: 4.0.5 - missing functions: none
symbol engine: initialized successfully - sym options: 0x614 - pdb path: .;c:\Users\Jake\.vscode\extensions\redhat.java-1.41.0-win32-x64\jre\21.0.6-win32-x86_64\bin;C:\Windows\SYSTEM32;C:\Windows\WinSxS\amd64_microsoft.windows.common-controls_6595b64144ccf1df_6.0.22621.4830_none_270fe7d773858e80;c:\Users\Jake\.vscode\extensions\redhat.java-1.41.0-win32-x64\jre\21.0.6-win32-x86_64\bin\server;C:\Users\Jake\AppData\Roaming\Code\User\globalStorage\redhat.java\1.41.0\config_win\org.eclipse.equinox.launcher\org.eclipse.equinox.launcher.win32.win32.x86_64_1.2.1300.v20250325-0811;C:\Users\Jake\AppData\Local\Temp\jna-2301169;C:\Program Files\Bonjour

VM Arguments:
jvm_args: --add-modules=ALL-SYSTEM --add-opens=java.base/java.util=ALL-UNNAMED --add-opens=java.base/java.lang=ALL-UNNAMED --add-opens=java.base/sun.nio.fs=ALL-UNNAMED -Declipse.application=org.eclipse.jdt.ls.core.id1 -Dosgi.bundles.defaultStartLevel=4 -Declipse.product=org.eclipse.jdt.ls.core.product -Djava.import.generatesMetadataFilesAtProjectRoot=false -DDetectVMInstallationsJob.disabled=true -Dfile.encoding=utf8 -XX:+UseParallelGC -XX:GCTimeRatio=4 -XX:AdaptiveSizePolicyWeight=90 -Dsun.zip.disableMemoryMapping=true -Xmx1G -Xms100m -Xlog:disable -javaagent:c:\Users\Jake\.vscode\extensions\redhat.java-1.41.0-win32-x64\lombok\lombok-1.18.36.jar -XX:+HeapDumpOnOutOfMemoryError -XX:HeapDumpPath=c:\Users\Jake\AppData\Roaming\Code\User\workspaceStorage\71bb65a16bd26df912516edcf6356e2f\redhat.java -Daether.dependencyCollector.impl=bf 
java_command: c:\Users\Jake\.vscode\extensions\redhat.java-1.41.0-win32-x64\server\plugins\org.eclipse.equinox.launcher_1.6.1100.v20250306-0509.jar -configuration c:\Users\Jake\AppData\Roaming\Code\User\globalStorage\redhat.java\1.41.0\config_win -data c:\Users\Jake\AppData\Roaming\Code\User\workspaceStorage\71bb65a16bd26df912516edcf6356e2f\redhat.java\jdt_ws --pipe=\\.\pipe\lsp-384c7a5f206871139f440c42053737ab-sock
java_class_path (initial): c:\Users\Jake\.vscode\extensions\redhat.java-1.41.0-win32-x64\server\plugins\org.eclipse.equinox.launcher_1.6.1100.v20250306-0509.jar
Launcher Type: SUN_STANDARD

[Global flags]
    uintx AdaptiveSizePolicyWeight                 = 90                                        {product} {command line}
     intx CICompilerCount                          = 12                                        {product} {ergonomic}
    uintx GCTimeRatio                              = 4                                         {product} {command line}
     bool HeapDumpOnOutOfMemoryError               = true                                   {manageable} {command line}
    ccstr HeapDumpPath                             = c:\Users\Jake\AppData\Roaming\Code\User\workspaceStorage\71bb65a16bd26df912516edcf6356e2f\redhat.java         {manageable} {command line}
   size_t InitialHeapSize                          = 104857600                                 {product} {command line}
   size_t MaxHeapSize                              = 1073741824                                {product} {command line}
   size_t MaxNewSize                               = 357564416                                 {product} {ergonomic}
   size_t MinHeapDeltaBytes                        = 524288                                    {product} {ergonomic}
   size_t MinHeapSize                              = 104857600                                 {product} {command line}
   size_t NewSize                                  = 34603008                                  {product} {ergonomic}
    uintx NonNMethodCodeHeapSize                   = 7602480                                {pd product} {ergonomic}
    uintx NonProfiledCodeHeapSize                  = 122027880                              {pd product} {ergonomic}
   size_t OldSize                                  = 70254592                                  {product} {ergonomic}
    uintx ProfiledCodeHeapSize                     = 122027880                              {pd product} {ergonomic}
    uintx ReservedCodeCacheSize                    = 251658240                              {pd product} {ergonomic}
     bool SegmentedCodeCache                       = true                                      {product} {ergonomic}
   size_t SoftMaxHeapSize                          = 1073741824                             {manageable} {ergonomic}
     bool UseCompressedOops                        = true                           {product lp64_product} {ergonomic}
     bool UseLargePagesIndividualAllocation        = false                                  {pd product} {ergonomic}
     bool UseParallelGC                            = true                                      {product} {command line}

Logging:
Log output configuration:
 #0: stdout all=off uptime,level,tags foldmultilines=false
 #1: stderr all=off uptime,level,tags foldmultilines=false

Environment Variables:
JAVA_HOME=C:\Program Files\Java\jdk-23
PATH=C:\Program Files\Common Files\Oracle\Java\javapath;C:\Windows\system32;C:\Windows;C:\Windows\System32\Wbem;C:\Windows\System32\WindowsPowerShell\v1.0\;C:\Windows\System32\OpenSSH\;C:\Program Files\dotnet\;C:\ProgramData\chocolatey\bin;C:\Program Files\Git\cmd;C:\Program Files\Docker\Docker\resources\bin;C:\Program Files (x86)\Yarn\bin\;C:\Program Files\WireGuard\;C:\Users\Jake\AppData\Local\nvm;C:\nvm4w\nodejs;C:\Program Files\Java\jdk-23\bin;C:\Program Files\PostgreSQL\17\bin;C:\Users\Jake\AppData\Local\Programs\Python\Launcher\;C:\Users\Jake\AppData\Local\Microsoft\WindowsApps;C:\Users\Jake\AppData\Local\Programs\Microsoft VS Code\bin;C:\Users\Jake\AppData\Local\GitHubDesktop\bin;C:\Users\Jake\AppData\Roaming\npm;C:\Users\Jake\AppData\Local\Yarn\bin;C:\Users\Jake\AppData\Local\nvm;C:\nvm4w\nodejs;C:\Program Files\JetBrains\IntelliJ IDEA 2024.3.1\bin;;C:\Users\Jake\Downloads\apache-maven-3.9.9-bin\apache-maven-3.9.9\bin;C:\Program Files (x86)\Heroku\bin;C:\wamp64\bin\mysql\mysql8.0.31\bin;
USERNAME=Jake
OS=Windows_NT
PROCESSOR_IDENTIFIER=Intel64 Family 6 Model 191 Stepping 2, GenuineIntel
TMP=C:\Users\Jake\AppData\Local\Temp
TEMP=C:\Users\Jake\AppData\Local\Temp




Periodic native trim disabled

---------------  S Y S T E M  ---------------

OS:
 Windows 11 , 64 bit Build 22621 (10.0.22621.4974)
OS uptime: 0 days 7:41 hours
Hyper-V role detected

CPU: total 20 (initial active 20) (10 cores per cpu, 2 threads per core) family 6 model 191 stepping 2 microcode 0x36, cx8, cmov, fxsr, ht, mmx, 3dnowpref, sse, sse2, sse3, ssse3, sse4.1, sse4.2, popcnt, lzcnt, tsc, tscinvbit, avx, avx2, aes, erms, clmul, bmi1, bmi2, adx, sha, fma, vzeroupper, clflush, clflushopt, clwb, hv, serialize, rdtscp, rdpid, fsrm, f16c, cet_ibt, cet_ss
Processor Information for processor 0
  Max Mhz: 1600, Current Mhz: 1600, Mhz Limit: 1600
Processor Information for processor 1
  Max Mhz: 1600, Current Mhz: 1600, Mhz Limit: 1600
Processor Information for processor 2
  Max Mhz: 1600, Current Mhz: 1600, Mhz Limit: 1600
Processor Information for processor 3
  Max Mhz: 1600, Current Mhz: 1600, Mhz Limit: 1600
Processor Information for processor 4
  Max Mhz: 1600, Current Mhz: 1600, Mhz Limit: 1600
Processor Information for processor 5
  Max Mhz: 1600, Current Mhz: 1600, Mhz Limit: 1600
Processor Information for processor 6
  Max Mhz: 1600, Current Mhz: 1600, Mhz Limit: 1600
Processor Information for processor 7
  Max Mhz: 1600, Current Mhz: 1600, Mhz Limit: 1600
Processor Information for processor 8
  Max Mhz: 1600, Current Mhz: 1600, Mhz Limit: 1600
Processor Information for processor 9
  Max Mhz: 1600, Current Mhz: 1600, Mhz Limit: 1600
Processor Information for processor 10
  Max Mhz: 1600, Current Mhz: 1600, Mhz Limit: 1600
Processor Information for processor 11
  Max Mhz: 1600, Current Mhz: 1600, Mhz Limit: 1600
Processor Information for processor 12
  Max Mhz: 1600, Current Mhz: 1200, Mhz Limit: 1200
Processor Information for processor 13
  Max Mhz: 1600, Current Mhz: 1200, Mhz Limit: 1200
Processor Information for processor 14
  Max Mhz: 1600, Current Mhz: 1200, Mhz Limit: 1200
Processor Information for processor 15
  Max Mhz: 1600, Current Mhz: 1200, Mhz Limit: 1200
Processor Information for processor 16
  Max Mhz: 1600, Current Mhz: 1200, Mhz Limit: 1200
Processor Information for processor 17
  Max Mhz: 1600, Current Mhz: 1200, Mhz Limit: 1200
Processor Information for processor 18
  Max Mhz: 1600, Current Mhz: 1200, Mhz Limit: 1200
Processor Information for processor 19
  Max Mhz: 1600, Current Mhz: 1200, Mhz Limit: 1200

Memory: 4k page, system-wide physical 7880M (165M free)
TotalPageFile size 27880M (AvailPageFile size 66M)
current process WorkingSet (physical memory assigned to process): 266M, peak: 267M
current process commit charge ("private bytes"): 357M, peak: 361M

vm_info: OpenJDK 64-Bit Server VM (21.0.6+7-LTS) for windows-amd64 JRE (21.0.6+7-LTS), built on 2025-01-21T00:00:00Z by "admin" with MS VC++ 17.7 (VS2022)

END.
