#
# There is insufficient memory for the Java Runtime Environment to continue.
# Native memory allocation (malloc) failed to allocate 144896 bytes. Error detail: Chunk::new
# Possible reasons:
#   The system is out of physical RAM or swap space
#   This process is running with CompressedOops enabled, and the Java Heap may be blocking the growth of the native heap
# Possible solutions:
#   Reduce memory load on the system
#   Increase physical memory or swap space
#   Check if swap backing store is full
#   Decrease Java heap size (-Xmx/-Xms)
#   Decrease number of Java threads
#   Decrease Java thread stack sizes (-Xss)
#   Set larger code cache with -XX:ReservedCodeCacheSize=
#   JVM is running with Unscaled Compressed Oops mode in which the Java heap is
#     placed in the first 4GB address space. The Java Heap base address is the
#     maximum limit for the native heap growth. Please use -XX:HeapBaseMinAddress
#     to set the Java Heap base and to place the Java Heap above 4GB virtual address.
# This output file may be truncated or incomplete.
#
#  Out of Memory Error (arena.cpp:168), pid=24104, tid=28884
#
# JRE version: OpenJDK Runtime Environment Temurin-21.0.6+7 (21.0.6+7) (build 21.0.6+7-LTS)
# Java VM: OpenJDK 64-Bit Server VM Temurin-21.0.6+7 (21.0.6+7-LTS, mixed mode, sharing, tiered, compressed oops, compressed class ptrs, parallel gc, windows-amd64)
# No core dump will be written. Minidumps are not enabled by default on client versions of Windows
#

---------------  S U M M A R Y ------------

Command Line: --add-modules=ALL-SYSTEM --add-opens=java.base/java.util=ALL-UNNAMED --add-opens=java.base/java.lang=ALL-UNNAMED --add-opens=java.base/sun.nio.fs=ALL-UNNAMED -Declipse.application=org.eclipse.jdt.ls.core.id1 -Dosgi.bundles.defaultStartLevel=4 -Declipse.product=org.eclipse.jdt.ls.core.product -Djava.import.generatesMetadataFilesAtProjectRoot=false -DDetectVMInstallationsJob.disabled=true -Dfile.encoding=utf8 -XX:+UseParallelGC -XX:GCTimeRatio=4 -XX:AdaptiveSizePolicyWeight=90 -Dsun.zip.disableMemoryMapping=true -Xmx1G -Xms100m -Xlog:disable -javaagent:c:\Users\Jake\.vscode\extensions\redhat.java-1.41.0-win32-x64\lombok\lombok-1.18.36.jar c:\Users\Jake\.vscode\extensions\redhat.java-1.41.0-win32-x64\server\plugins\org.eclipse.equinox.launcher_1.6.1100.v20250306-0509.jar -configuration c:\Users\Jake\AppData\Roaming\Code\User\globalStorage\redhat.java\1.41.0\config_ss_win -data c:\Users\Jake\AppData\Roaming\Code\User\workspaceStorage\71bb65a16bd26df912516edcf6356e2f\redhat.java\ss_ws --pipe=\\.\pipe\lsp-180b1ff603ffeaf275d5aa4c75a0ac54-sock

Host: 13th Gen Intel(R) Core(TM) i5-13500T, 20 cores, 7G,  Windows 11 , 64 bit Build 22621 (10.0.22621.4974)
Time: Sat Mar 29 18:20:09 2025 W. Central Africa Standard Time elapsed time: 2.894216 seconds (0d 0h 0m 2s)

---------------  T H R E A D  ---------------

Current thread (0x00000215fb1f8ed0):  JavaThread "C2 CompilerThread0" daemon [_thread_in_native, id=28884, stack(0x0000002c67500000,0x0000002c67600000) (1024K)]


Current CompileTask:
C2:2894 2412       4       jdk.internal.org.objectweb.asm.Frame::execute (2305 bytes)

Stack: [0x0000002c67500000,0x0000002c67600000]
Native frames: (J=compiled Java code, j=interpreted, Vv=VM code, C=native code)
V  [jvm.dll+0x6cdee9]
V  [jvm.dll+0x8a83d1]
V  [jvm.dll+0x8aa8fe]
V  [jvm.dll+0x8aafe3]
V  [jvm.dll+0x27f706]
V  [jvm.dll+0xc500d]
V  [jvm.dll+0xc5543]
V  [jvm.dll+0x2f2acd]
V  [jvm.dll+0x5f6a2a]
V  [jvm.dll+0x250bb2]
V  [jvm.dll+0x250f6f]
V  [jvm.dll+0x249834]
V  [jvm.dll+0x246ec4]
V  [jvm.dll+0x1c75ee]
V  [jvm.dll+0x25685a]
V  [jvm.dll+0x254dfa]
V  [jvm.dll+0x3f0256]
V  [jvm.dll+0x851f8b]
V  [jvm.dll+0x6cc5ed]
C  [ucrtbase.dll+0x29333]
C  [KERNEL32.DLL+0x1259d]
C  [ntdll.dll+0x5af38]


---------------  P R O C E S S  ---------------

Threads class SMR info:
_java_thread_list=0x00000215fd8f4920, length=17, elements={
0x00000215e56f1460, 0x00000215fb1e9fe0, 0x00000215fb1eadf0, 0x00000215fb1ef850,
0x00000215fb1f0560, 0x00000215fb1f1d70, 0x00000215fb1f40a0, 0x00000215fb1f8ed0,
0x00000215fb21a8a0, 0x00000215fb34f820, 0x00000215fcee4080, 0x00000215fd5c94a0,
0x00000215fd3f2e60, 0x00000215fd49c050, 0x00000215fd857ca0, 0x00000215fd459d10,
0x00000215fd66c970
}

Java Threads: ( => current thread )
  0x00000215e56f1460 JavaThread "main"                              [_thread_blocked, id=33832, stack(0x0000002c66b00000,0x0000002c66c00000) (1024K)]
  0x00000215fb1e9fe0 JavaThread "Reference Handler"          daemon [_thread_blocked, id=15804, stack(0x0000002c66f00000,0x0000002c67000000) (1024K)]
  0x00000215fb1eadf0 JavaThread "Finalizer"                  daemon [_thread_blocked, id=31776, stack(0x0000002c67000000,0x0000002c67100000) (1024K)]
  0x00000215fb1ef850 JavaThread "Signal Dispatcher"          daemon [_thread_blocked, id=22708, stack(0x0000002c67100000,0x0000002c67200000) (1024K)]
  0x00000215fb1f0560 JavaThread "Attach Listener"            daemon [_thread_blocked, id=36100, stack(0x0000002c67200000,0x0000002c67300000) (1024K)]
  0x00000215fb1f1d70 JavaThread "Service Thread"             daemon [_thread_blocked, id=18368, stack(0x0000002c67300000,0x0000002c67400000) (1024K)]
  0x00000215fb1f40a0 JavaThread "Monitor Deflation Thread"   daemon [_thread_blocked, id=26060, stack(0x0000002c67400000,0x0000002c67500000) (1024K)]
=>0x00000215fb1f8ed0 JavaThread "C2 CompilerThread0"         daemon [_thread_in_native, id=28884, stack(0x0000002c67500000,0x0000002c67600000) (1024K)]
  0x00000215fb21a8a0 JavaThread "C1 CompilerThread0"         daemon [_thread_in_vm, id=30012, stack(0x0000002c67600000,0x0000002c67700000) (1024K)]
  0x00000215fb34f820 JavaThread "Common-Cleaner"             daemon [_thread_blocked, id=36972, stack(0x0000002c67700000,0x0000002c67800000) (1024K)]
  0x00000215fcee4080 JavaThread "Notification Thread"        daemon [_thread_blocked, id=24696, stack(0x0000002c67800000,0x0000002c67900000) (1024K)]
  0x00000215fd5c94a0 JavaThread "Active Thread: Equinox Container: bb0fa805-6772-4650-a33d-c1ee4485f5ab"        [_thread_blocked, id=5948, stack(0x0000002c67f00000,0x0000002c68000000) (1024K)]
  0x00000215fd3f2e60 JavaThread "Framework Event Dispatcher: Equinox Container: bb0fa805-6772-4650-a33d-c1ee4485f5ab" daemon [_thread_blocked, id=34124, stack(0x0000002c68000000,0x0000002c68100000) (1024K)]
  0x00000215fd49c050 JavaThread "Start Level: Equinox Container: bb0fa805-6772-4650-a33d-c1ee4485f5ab" daemon [_thread_in_vm, id=30288, stack(0x0000002c68100000,0x0000002c68200000) (1024K)]
  0x00000215fd857ca0 JavaThread "SCR Component Actor"        daemon [_thread_blocked, id=38168, stack(0x0000002c68200000,0x0000002c68300000) (1024K)]
  0x00000215fd459d10 JavaThread "SCR Component Registry"     daemon [_thread_blocked, id=22952, stack(0x0000002c68400000,0x0000002c68500000) (1024K)]
  0x00000215fd66c970 JavaThread "Worker-JM"                         [_thread_blocked, id=23248, stack(0x0000002c68500000,0x0000002c68600000) (1024K)]
Total: 17

Other Threads:
  0x00000215f9ac4920 VMThread "VM Thread"                           [id=39316, stack(0x0000002c66e00000,0x0000002c66f00000) (1024K)]
  0x00000215f99bca00 WatcherThread "VM Periodic Task Thread"        [id=4184, stack(0x0000002c66d00000,0x0000002c66e00000) (1024K)]
  0x00000215e570e630 WorkerThread "GC Thread#0"                     [id=38044, stack(0x0000002c66c00000,0x0000002c66d00000) (1024K)]
  0x00000215fcf84550 WorkerThread "GC Thread#1"                     [id=37848, stack(0x0000002c67900000,0x0000002c67a00000) (1024K)]
  0x00000215fd332390 WorkerThread "GC Thread#2"                     [id=38252, stack(0x0000002c67a00000,0x0000002c67b00000) (1024K)]
  0x00000215fd206190 WorkerThread "GC Thread#3"                     [id=38672, stack(0x0000002c67b00000,0x0000002c67c00000) (1024K)]
  0x00000215fd206530 WorkerThread "GC Thread#4"                     [id=24816, stack(0x0000002c67c00000,0x0000002c67d00000) (1024K)]
  0x00000215fd206cd0 WorkerThread "GC Thread#5"                     [id=18716, stack(0x0000002c67d00000,0x0000002c67e00000) (1024K)]
  0x00000215fd207680 WorkerThread "GC Thread#6"                     [id=38072, stack(0x0000002c67e00000,0x0000002c67f00000) (1024K)]
  0x00000215fd4072a0 WorkerThread "GC Thread#7"                     [id=1892, stack(0x0000002c68300000,0x0000002c68400000) (1024K)]
  0x00000215fd8fa9b0 WorkerThread "GC Thread#8"                     [id=34664, stack(0x0000002c68600000,0x0000002c68700000) (1024K)]
  0x00000215fd8fad50 WorkerThread "GC Thread#9"                     [id=27832, stack(0x0000002c68700000,0x0000002c68800000) (1024K)]
  0x00000215fd8fb0f0 WorkerThread "GC Thread#10"                    [id=24848, stack(0x0000002c68800000,0x0000002c68900000) (1024K)]
Total: 13

Threads with active compile tasks:
C2 CompilerThread0  2943 2412       4       jdk.internal.org.objectweb.asm.Frame::execute (2305 bytes)
C1 CompilerThread0  2943 2432       3       org.eclipse.core.internal.resources.MarkerInfo::<init> (33 bytes)
Total: 2

VM state: not at safepoint (normal execution)

VM Mutex/Monitor currently owned by a thread:  ([mutex/lock_event])
[0x00007ffcc11cc300] Metaspace_lock - owner thread: 0x00000215fd49c050

Heap address: 0x00000000c0000000, size: 1024 MB, Compressed Oops mode: 32-bit

CDS archive(s) mapped at: [0x0000021580000000-0x0000021580ba0000-0x0000021580ba0000), size 12189696, SharedBaseAddress: 0x0000021580000000, ArchiveRelocationMode: 1.
Compressed class space mapped at: 0x0000021581000000-0x00000215c1000000, reserved size: 1073741824
Narrow klass base: 0x0000021580000000, Narrow klass shift: 0, Narrow klass range: 0x100000000

GC Precious Log:
 CardTable entry size: 512
 CPUs: 20 total, 20 available
 Memory: 7880M
 Large Page Support: Disabled
 NUMA Support: Disabled
 Compressed Oops: Enabled (32-bit)
 Alignments: Space 512K, Generation 512K, Heap 2M
 Heap Min Capacity: 100M
 Heap Initial Capacity: 100M
 Heap Max Capacity: 1G
 Pre-touch: Disabled
 Parallel Workers: 15

Heap:
 PSYoungGen      total 29696K, used 11308K [0x00000000eab00000, 0x00000000ecc00000, 0x0000000100000000)
  eden space 25600K, 28% used [0x00000000eab00000,0x00000000eb20c000,0x00000000ec400000)
  from space 4096K, 99% used [0x00000000ec400000,0x00000000ec7ff300,0x00000000ec800000)
  to   space 4096K, 0% used [0x00000000ec800000,0x00000000ec800000,0x00000000ecc00000)
 ParOldGen       total 68608K, used 2735K [0x00000000c0000000, 0x00000000c4300000, 0x00000000eab00000)
  object space 68608K, 3% used [0x00000000c0000000,0x00000000c02abe40,0x00000000c4300000)
 Metaspace       used 13906K, committed 14464K, reserved 1114112K
  class space    used 1395K, committed 1664K, reserved 1048576K

Card table byte_map: [0x00000215e5090000,0x00000215e52a0000] _byte_map_base: 0x00000215e4a90000

Marking Bits: (ParMarkBitMap*) 0x00007ffcc11d3260
 Begin Bits: [0x00000215f78e0000, 0x00000215f88e0000)
 End Bits:   [0x00000215f88e0000, 0x00000215f98e0000)

Polling page: 0x00000215e34b0000

Metaspace:

Usage:
  Non-class:     12.22 MB used.
      Class:      1.36 MB used.
       Both:     13.58 MB used.

Virtual space:
  Non-class space:       64.00 MB reserved,      12.50 MB ( 20%) committed,  1 nodes.
      Class space:        1.00 GB reserved,       1.62 MB ( <1%) committed,  1 nodes.
             Both:        1.06 GB reserved,      14.12 MB (  1%) committed. 

Chunk freelists:
   Non-Class:  3.42 MB
       Class:  14.37 MB
        Both:  17.80 MB

MaxMetaspaceSize: unlimited
CompressedClassSpaceSize: 1.00 GB
Initial GC threshold: 21.00 MB
Current GC threshold: 21.00 MB
CDS: on
 - commit_granule_bytes: 65536.
 - commit_granule_words: 8192.
 - virtual_space_node_default_size: 8388608.
 - enlarge_chunks_in_place: 1.
 - use_allocation_guard: 0.


Internal statistics:

num_allocs_failed_limit: 0.
num_arena_births: 408.
num_arena_deaths: 0.
num_vsnodes_births: 2.
num_vsnodes_deaths: 0.
num_space_committed: 226.
num_space_uncommitted: 0.
num_chunks_returned_to_freelist: 0.
num_chunks_taken_from_freelist: 897.
num_chunk_merges: 0.
num_chunk_splits: 583.
num_chunks_enlarged: 344.
num_inconsistent_stats: 0.

CodeHeap 'non-profiled nmethods': size=119168Kb used=901Kb max_used=901Kb free=118266Kb
 bounds [0x00000215f0480000, 0x00000215f06f0000, 0x00000215f78e0000]
CodeHeap 'profiled nmethods': size=119104Kb used=4731Kb max_used=4731Kb free=114373Kb
 bounds [0x00000215e88e0000, 0x00000215e8d80000, 0x00000215efd30000]
CodeHeap 'non-nmethods': size=7488Kb used=1264Kb max_used=1273Kb free=6223Kb
 bounds [0x00000215efd30000, 0x00000215effa0000, 0x00000215f0480000]
 total_blobs=2961 nmethods=2426 adapters=441
 compilation: enabled
              stopped_count=0, restarted_count=0
 full_count=0

Compilation events (20 events):
Event: 2.742 Thread 0x00000215fb21a8a0 2399       3       org.eclipse.core.internal.localstore.SafeChunkyInputStream::compare (45 bytes)
Event: 2.743 Thread 0x00000215fb21a8a0 nmethod 2399 0x00000215e8d71590 code [0x00000215e8d71740, 0x00000215e8d719a8]
Event: 2.743 Thread 0x00000215fb21a8a0 2400       3       org.eclipse.core.internal.localstore.SafeChunkyInputStream::read (71 bytes)
Event: 2.743 Thread 0x00000215fb21a8a0 nmethod 2400 0x00000215e8d71b10 code [0x00000215e8d71d20, 0x00000215e8d721d0]
Event: 2.786 Thread 0x00000215fb21a8a0 2401   !   3       org.eclipse.osgi.storage.StorageUtil::getBytes (171 bytes)
Event: 2.787 Thread 0x00000215fb21a8a0 nmethod 2401 0x00000215e8d72390 code [0x00000215e8d725e0, 0x00000215e8d73288]
Event: 2.787 Thread 0x00000215fb21a8a0 2402       3       org.eclipse.osgi.internal.loader.classpath.ClasspathManager::definePackage (162 bytes)
Event: 2.788 Thread 0x00000215fb21a8a0 nmethod 2402 0x00000215e8d73790 code [0x00000215e8d73a20, 0x00000215e8d745b8]
Event: 2.788 Thread 0x00000215fb21a8a0 2403   !   3       org.eclipse.osgi.internal.loader.ModuleClassLoader::defineClass (67 bytes)
Event: 2.788 Thread 0x00000215fb21a8a0 nmethod 2403 0x00000215e8d74c10 code [0x00000215e8d74e20, 0x00000215e8d75490]
Event: 2.788 Thread 0x00000215fb21a8a0 2404       3       java.util.ArrayDeque::contains (80 bytes)
Event: 2.788 Thread 0x00000215fb21a8a0 nmethod 2404 0x00000215e8d75810 code [0x00000215e8d75a00, 0x00000215e8d75e70]
Event: 2.791 Thread 0x00000215fb21a8a0 2405       3       java.lang.invoke.BoundMethodHandle::bindArgumentL (11 bytes)
Event: 2.791 Thread 0x00000215fb21a8a0 nmethod 2405 0x00000215e8d76010 code [0x00000215e8d76200, 0x00000215e8d766a8]
Event: 2.791 Thread 0x00000215fb21a8a0 2406       3       java.lang.invoke.LambdaForm::returnType (26 bytes)
Event: 2.791 Thread 0x00000215fb21a8a0 nmethod 2406 0x00000215e8d76910 code [0x00000215e8d76ac0, 0x00000215e8d76c60]
Event: 2.792 Thread 0x00000215fb1f8ed0 2412       4       jdk.internal.org.objectweb.asm.Frame::execute (2305 bytes)
Event: 2.798 Thread 0x00000215fb21a8a0 2419       3       java.io.FilterInputStream::read (8 bytes)
Event: 2.798 Thread 0x00000215fb21a8a0 nmethod 2419 0x00000215e8d76d90 code [0x00000215e8d76f40, 0x00000215e8d77118]
Event: 2.798 Thread 0x00000215fb21a8a0 2420       3       java.lang.invoke.LambdaFormEditor::bindArgumentL (59 bytes)

GC Heap History (6 events):
Event: 1.226 GC heap before
{Heap before GC invocations=1 (full 0):
 PSYoungGen      total 29696K, used 25600K [0x00000000eab00000, 0x00000000ecc00000, 0x0000000100000000)
  eden space 25600K, 100% used [0x00000000eab00000,0x00000000ec400000,0x00000000ec400000)
  from space 4096K, 0% used [0x00000000ec800000,0x00000000ec800000,0x00000000ecc00000)
  to   space 4096K, 0% used [0x00000000ec400000,0x00000000ec400000,0x00000000ec800000)
 ParOldGen       total 68608K, used 0K [0x00000000c0000000, 0x00000000c4300000, 0x00000000eab00000)
  object space 68608K, 0% used [0x00000000c0000000,0x00000000c0000000,0x00000000c4300000)
 Metaspace       used 4361K, committed 4608K, reserved 1114112K
  class space    used 436K, committed 512K, reserved 1048576K
}
Event: 1.232 GC heap after
{Heap after GC invocations=1 (full 0):
 PSYoungGen      total 29696K, used 3182K [0x00000000eab00000, 0x00000000ecc00000, 0x0000000100000000)
  eden space 25600K, 0% used [0x00000000eab00000,0x00000000eab00000,0x00000000ec400000)
  from space 4096K, 77% used [0x00000000ec400000,0x00000000ec71baa0,0x00000000ec800000)
  to   space 4096K, 0% used [0x00000000ec800000,0x00000000ec800000,0x00000000ecc00000)
 ParOldGen       total 68608K, used 16K [0x00000000c0000000, 0x00000000c4300000, 0x00000000eab00000)
  object space 68608K, 0% used [0x00000000c0000000,0x00000000c0004000,0x00000000c4300000)
 Metaspace       used 4361K, committed 4608K, reserved 1114112K
  class space    used 436K, committed 512K, reserved 1048576K
}
Event: 2.009 GC heap before
{Heap before GC invocations=2 (full 0):
 PSYoungGen      total 29696K, used 28782K [0x00000000eab00000, 0x00000000ecc00000, 0x0000000100000000)
  eden space 25600K, 100% used [0x00000000eab00000,0x00000000ec400000,0x00000000ec400000)
  from space 4096K, 77% used [0x00000000ec400000,0x00000000ec71baa0,0x00000000ec800000)
  to   space 4096K, 0% used [0x00000000ec800000,0x00000000ec800000,0x00000000ecc00000)
 ParOldGen       total 68608K, used 16K [0x00000000c0000000, 0x00000000c4300000, 0x00000000eab00000)
  object space 68608K, 0% used [0x00000000c0000000,0x00000000c0004000,0x00000000c4300000)
 Metaspace       used 8101K, committed 8448K, reserved 1114112K
  class space    used 799K, committed 960K, reserved 1048576K
}
Event: 2.015 GC heap after
{Heap after GC invocations=2 (full 0):
 PSYoungGen      total 29696K, used 4094K [0x00000000eab00000, 0x00000000ecc00000, 0x0000000100000000)
  eden space 25600K, 0% used [0x00000000eab00000,0x00000000eab00000,0x00000000ec400000)
  from space 4096K, 99% used [0x00000000ec800000,0x00000000ecbffa90,0x00000000ecc00000)
  to   space 4096K, 0% used [0x00000000ec400000,0x00000000ec400000,0x00000000ec800000)
 ParOldGen       total 68608K, used 818K [0x00000000c0000000, 0x00000000c4300000, 0x00000000eab00000)
  object space 68608K, 1% used [0x00000000c0000000,0x00000000c00cc830,0x00000000c4300000)
 Metaspace       used 8101K, committed 8448K, reserved 1114112K
  class space    used 799K, committed 960K, reserved 1048576K
}
Event: 2.602 GC heap before
{Heap before GC invocations=3 (full 0):
 PSYoungGen      total 29696K, used 29694K [0x00000000eab00000, 0x00000000ecc00000, 0x0000000100000000)
  eden space 25600K, 100% used [0x00000000eab00000,0x00000000ec400000,0x00000000ec400000)
  from space 4096K, 99% used [0x00000000ec800000,0x00000000ecbffa90,0x00000000ecc00000)
  to   space 4096K, 0% used [0x00000000ec400000,0x00000000ec400000,0x00000000ec800000)
 ParOldGen       total 68608K, used 818K [0x00000000c0000000, 0x00000000c4300000, 0x00000000eab00000)
  object space 68608K, 1% used [0x00000000c0000000,0x00000000c00cc830,0x00000000c4300000)
 Metaspace       used 12868K, committed 13440K, reserved 1114112K
  class space    used 1292K, committed 1536K, reserved 1048576K
}
Event: 2.607 GC heap after
{Heap after GC invocations=3 (full 0):
 PSYoungGen      total 29696K, used 4092K [0x00000000eab00000, 0x00000000ecc00000, 0x0000000100000000)
  eden space 25600K, 0% used [0x00000000eab00000,0x00000000eab00000,0x00000000ec400000)
  from space 4096K, 99% used [0x00000000ec400000,0x00000000ec7ff300,0x00000000ec800000)
  to   space 4096K, 0% used [0x00000000ec800000,0x00000000ec800000,0x00000000ecc00000)
 ParOldGen       total 68608K, used 2735K [0x00000000c0000000, 0x00000000c4300000, 0x00000000eab00000)
  object space 68608K, 3% used [0x00000000c0000000,0x00000000c02abe40,0x00000000c4300000)
 Metaspace       used 12868K, committed 13440K, reserved 1114112K
  class space    used 1292K, committed 1536K, reserved 1048576K
}

Dll operation events (9 events):
Event: 0.027 Loaded shared library c:\Users\Jake\.vscode\extensions\redhat.java-1.41.0-win32-x64\jre\21.0.6-win32-x86_64\bin\java.dll
Event: 0.126 Loaded shared library c:\Users\Jake\.vscode\extensions\redhat.java-1.41.0-win32-x64\jre\21.0.6-win32-x86_64\bin\zip.dll
Event: 0.158 Loaded shared library C:\Users\Jake\.vscode\extensions\redhat.java-1.41.0-win32-x64\jre\21.0.6-win32-x86_64\bin\instrument.dll
Event: 0.167 Loaded shared library C:\Users\Jake\.vscode\extensions\redhat.java-1.41.0-win32-x64\jre\21.0.6-win32-x86_64\bin\net.dll
Event: 0.172 Loaded shared library C:\Users\Jake\.vscode\extensions\redhat.java-1.41.0-win32-x64\jre\21.0.6-win32-x86_64\bin\nio.dll
Event: 0.175 Loaded shared library C:\Users\Jake\.vscode\extensions\redhat.java-1.41.0-win32-x64\jre\21.0.6-win32-x86_64\bin\zip.dll
Event: 0.197 Loaded shared library C:\Users\Jake\.vscode\extensions\redhat.java-1.41.0-win32-x64\jre\21.0.6-win32-x86_64\bin\jimage.dll
Event: 0.303 Loaded shared library c:\Users\Jake\.vscode\extensions\redhat.java-1.41.0-win32-x64\jre\21.0.6-win32-x86_64\bin\verify.dll
Event: 1.959 Loaded shared library C:\Users\Jake\AppData\Roaming\Code\User\globalStorage\redhat.java\1.41.0\config_ss_win\org.eclipse.equinox.launcher\org.eclipse.equinox.launcher.win32.win32.x86_64_1.2.1300.v20250325-0811\eclipse_11911.dll

Deoptimization events (20 events):
Event: 2.426 Thread 0x00000215fd49c050 Uncommon trap: trap_request=0xffffffc6 fr.pc=0x00000215f0541860 relative=0x00000000000004a0
Event: 2.426 Thread 0x00000215fd49c050 Uncommon trap: reason=bimorphic_or_optimized_type_check action=maybe_recompile pc=0x00000215f0541860 method=java.io.DataInputStream.readUnsignedByte()I @ 4 c2
Event: 2.426 Thread 0x00000215fd49c050 DEOPT PACKING pc=0x00000215f0541860 sp=0x0000002c681f8780
Event: 2.426 Thread 0x00000215fd49c050 DEOPT UNPACKING pc=0x00000215efd83aa2 sp=0x0000002c681f86c8 mode 2
Event: 2.426 Thread 0x00000215fd49c050 Uncommon trap: trap_request=0xffffffc6 fr.pc=0x00000215f0541860 relative=0x00000000000004a0
Event: 2.426 Thread 0x00000215fd49c050 Uncommon trap: reason=bimorphic_or_optimized_type_check action=maybe_recompile pc=0x00000215f0541860 method=java.io.DataInputStream.readUnsignedByte()I @ 4 c2
Event: 2.426 Thread 0x00000215fd49c050 DEOPT PACKING pc=0x00000215f0541860 sp=0x0000002c681f8780
Event: 2.426 Thread 0x00000215fd49c050 DEOPT UNPACKING pc=0x00000215efd83aa2 sp=0x0000002c681f86c8 mode 2
Event: 2.426 Thread 0x00000215fd49c050 Uncommon trap: trap_request=0xffffffc6 fr.pc=0x00000215f0541860 relative=0x00000000000004a0
Event: 2.426 Thread 0x00000215fd49c050 Uncommon trap: reason=bimorphic_or_optimized_type_check action=maybe_recompile pc=0x00000215f0541860 method=java.io.DataInputStream.readUnsignedByte()I @ 4 c2
Event: 2.426 Thread 0x00000215fd49c050 DEOPT PACKING pc=0x00000215f0541860 sp=0x0000002c681f8780
Event: 2.426 Thread 0x00000215fd49c050 DEOPT UNPACKING pc=0x00000215efd83aa2 sp=0x0000002c681f86c8 mode 2
Event: 2.623 Thread 0x00000215fd49c050 Uncommon trap: trap_request=0xffffff45 fr.pc=0x00000215f0554470 relative=0x0000000000001150
Event: 2.623 Thread 0x00000215fd49c050 Uncommon trap: reason=unstable_if action=reinterpret pc=0x00000215f0554470 method=java.util.Properties.loadConvert([CIILjava/lang/StringBuilder;)Ljava/lang/String; @ 491 c2
Event: 2.623 Thread 0x00000215fd49c050 DEOPT PACKING pc=0x00000215f0554470 sp=0x0000002c681f7910
Event: 2.623 Thread 0x00000215fd49c050 DEOPT UNPACKING pc=0x00000215efd83aa2 sp=0x0000002c681f7900 mode 2
Event: 2.657 Thread 0x00000215fd49c050 Uncommon trap: trap_request=0xffffff45 fr.pc=0x00000215f04ba574 relative=0x0000000000000054
Event: 2.657 Thread 0x00000215fd49c050 Uncommon trap: reason=unstable_if action=reinterpret pc=0x00000215f04ba574 method=java.lang.CharacterData.of(I)Ljava/lang/CharacterData; @ 4 c2
Event: 2.657 Thread 0x00000215fd49c050 DEOPT PACKING pc=0x00000215f04ba574 sp=0x0000002c681f8e00
Event: 2.657 Thread 0x00000215fd49c050 DEOPT UNPACKING pc=0x00000215efd83aa2 sp=0x0000002c681f8d98 mode 2

Classes loaded (20 events):
Event: 2.661 Loading class java/text/FieldPosition$Delegate
Event: 2.661 Loading class java/text/FieldPosition$Delegate done
Event: 2.662 Loading class java/text/MessageFormat$Field
Event: 2.662 Loading class java/text/MessageFormat$Field done
Event: 2.697 Loading class java/util/stream/SortedOps
Event: 2.698 Loading class java/util/stream/SortedOps done
Event: 2.698 Loading class java/util/stream/SortedOps$OfRef
Event: 2.698 Loading class java/util/stream/ReferencePipeline$StatefulOp
Event: 2.699 Loading class java/util/stream/ReferencePipeline$StatefulOp done
Event: 2.699 Loading class java/util/stream/SortedOps$OfRef done
Event: 2.699 Loading class java/util/stream/SortedOps$RefSortingSink
Event: 2.699 Loading class java/util/stream/SortedOps$AbstractRefSortingSink
Event: 2.699 Loading class java/util/stream/SortedOps$AbstractRefSortingSink done
Event: 2.699 Loading class java/util/stream/SortedOps$RefSortingSink done
Event: 2.719 Loading class java/util/zip/ZipOutputStream
Event: 2.720 Loading class java/util/zip/DeflaterOutputStream
Event: 2.721 Loading class java/util/zip/DeflaterOutputStream done
Event: 2.721 Loading class java/util/zip/ZipOutputStream done
Event: 2.721 Loading class java/util/concurrent/ExecutionException
Event: 2.721 Loading class java/util/concurrent/ExecutionException done

Classes unloaded (0 events):
No events

Classes redefined (0 events):
No events

Internal exceptions (20 events):
Event: 1.336 Thread 0x00000215e56f1460 Exception <a 'java/lang/NoSuchMethodError'{0x00000000ead8d490}: 'void java.lang.invoke.DirectMethodHandle$Holder.invokeStatic(java.lang.Object, java.lang.Object)'> (0x00000000ead8d490) 
thrown [s\src\hotspot\share\interpreter\linkResolver.cpp, line 773]
Event: 1.338 Thread 0x00000215e56f1460 Exception <a 'java/lang/NoSuchMethodError'{0x00000000ead90838}: 'void java.lang.invoke.DirectMethodHandle$Holder.invokeStaticInit(java.lang.Object, java.lang.Object)'> (0x00000000ead90838) 
thrown [s\src\hotspot\share\interpreter\linkResolver.cpp, line 773]
Event: 1.341 Thread 0x00000215e56f1460 Exception <a 'java/lang/NoSuchMethodError'{0x00000000ead97858}: 'int java.lang.invoke.DirectMethodHandle$Holder.invokeStaticInit(java.lang.Object, java.lang.Object)'> (0x00000000ead97858) 
thrown [s\src\hotspot\share\interpreter\linkResolver.cpp, line 773]
Event: 1.424 Thread 0x00000215e56f1460 Exception <a 'java/lang/NoSuchMethodError'{0x00000000eaed5968}: 'void java.lang.invoke.DirectMethodHandle$Holder.invokeSpecial(java.lang.Object, java.lang.Object, java.lang.Object)'> (0x00000000eaed5968) 
thrown [s\src\hotspot\share\interpreter\linkResolver.cpp, line 773]
Event: 1.674 Thread 0x00000215e56f1460 Exception <a 'java/lang/NoSuchMethodError'{0x00000000eb78fbc0}: 'int java.lang.invoke.DirectMethodHandle$Holder.invokeVirtual(java.lang.Object, java.lang.Object)'> (0x00000000eb78fbc0) 
thrown [s\src\hotspot\share\interpreter\linkResolver.cpp, line 773]
Event: 1.764 Thread 0x00000215e56f1460 Exception <a 'java/lang/NoSuchMethodError'{0x00000000ebaf8768}: 'java.lang.Object java.lang.invoke.DirectMethodHandle$Holder.newInvokeSpecial(java.lang.Object, int, java.lang.Object)'> (0x00000000ebaf8768) 
thrown [s\src\hotspot\share\interpreter\linkResolver.cpp, line 773]
Event: 1.805 Thread 0x00000215e56f1460 Exception <a 'java/lang/NoSuchMethodError'{0x00000000ebc98220}: 'java.lang.Object java.lang.invoke.DirectMethodHandle$Holder.newInvokeSpecial(java.lang.Object, java.lang.Object, java.lang.Object, java.lang.Object, int, java.lang.Object)'> (0x00000000ebc98220) 
thrown [s\src\hotspot\share\interpreter\linkResolver.cpp, line 773]
Event: 1.947 Thread 0x00000215e56f1460 Exception <a 'java/lang/UnsatisfiedLinkError'{0x00000000ec0f3190}: 'void org.eclipse.equinox.launcher.JNIBridge._update_splash()'> (0x00000000ec0f3190) 
thrown [s\src\hotspot\share\prims\nativeLookup.cpp, line 415]
Event: 2.040 Thread 0x00000215fd49c050 Exception <a 'java/lang/NullPointerException'{0x00000000eacb1180}> (0x00000000eacb1180) 
thrown [s\src\hotspot\share\interpreter\linkResolver.cpp, line 1372]
Event: 2.040 Thread 0x00000215fd49c050 Exception <a 'java/lang/NullPointerException'{0x00000000eacb1460}> (0x00000000eacb1460) 
thrown [s\src\hotspot\share\interpreter\linkResolver.cpp, line 1372]
Event: 2.262 Thread 0x00000215fd49c050 Exception <a 'java/io/FileNotFoundException'{0x00000000eb759810}> (0x00000000eb759810) 
thrown [s\src\hotspot\share\prims\jni.cpp, line 520]
Event: 2.370 Thread 0x00000215fd49c050 Exception <a 'java/lang/NoSuchMethodError'{0x00000000eba4e738}: 'java.lang.Object java.lang.invoke.Invokers$Holder.linkToTargetMethod(java.lang.Object, long, java.lang.Object)'> (0x00000000eba4e738) 
thrown [s\src\hotspot\share\interpreter\linkResolver.cpp, line 773]
Event: 2.461 Thread 0x00000215fd49c050 Exception <a 'java/lang/NoSuchMethodError'{0x00000000ebde4cf0}: 'void java.lang.invoke.DirectMethodHandle$Holder.invokeInterface(java.lang.Object, java.lang.Object, java.lang.Object)'> (0x00000000ebde4cf0) 
thrown [s\src\hotspot\share\interpreter\linkResolver.cpp, line 773]
Event: 2.499 Thread 0x00000215fd49c050 Exception <a 'java/lang/NoSuchMethodError'{0x00000000ebfdf8a8}: 'void java.lang.invoke.Invokers$Holder.invokeExact_MT(java.lang.Object, java.lang.Object, java.lang.Object)'> (0x00000000ebfdf8a8) 
thrown [s\src\hotspot\share\interpreter\linkResolver.cpp, line 773]
Event: 2.570 Thread 0x00000215fd49c050 Exception <a 'java/lang/NoSuchMethodError'{0x00000000ec2a4120}: 'java.lang.Object java.lang.invoke.DirectMethodHandle$Holder.invokeVirtual(java.lang.Object, java.lang.Object, java.lang.Object)'> (0x00000000ec2a4120) 
thrown [s\src\hotspot\share\interpreter\linkResolver.cpp, line 773]
Event: 2.573 Thread 0x00000215fd49c050 Exception <a 'java/lang/NoSuchMethodError'{0x00000000ec2bbd08}: 'java.lang.Object java.lang.invoke.DelegatingMethodHandle$Holder.reinvoke_L(java.lang.Object, java.lang.Object, java.lang.Object, java.lang.Object, int, int)'> (0x00000000ec2bbd08) 
thrown [s\src\hotspot\share\interpreter\linkResolver.cpp, line 773]
Event: 2.575 Thread 0x00000215fd49c050 Exception <a 'java/lang/NoSuchMethodError'{0x00000000ec2d81f8}: 'java.lang.Object java.lang.invoke.DirectMethodHandle$Holder.newInvokeSpecial(java.lang.Object, java.lang.Object, java.lang.Object, java.lang.Object, java.lang.Object, java.lang.Object)'> (0x00000000ec2d81f8) 
thrown [s\src\hotspot\share\interpreter\linkResolver.cpp, line 773]
Event: 2.577 Thread 0x00000215fd49c050 Exception <a 'java/lang/NoSuchMethodError'{0x00000000ec2f41b0}: 'void java.lang.invoke.Invokers$Holder.invokeExact_MT(java.lang.Object, java.lang.Object, java.lang.Object, java.lang.Object)'> (0x00000000ec2f41b0) 
thrown [s\src\hotspot\share\interpreter\linkResolver.cpp, line 773]
Event: 2.668 Thread 0x00000215fd49c050 Exception <a 'java/io/FileNotFoundException'{0x00000000eae6c2f0}> (0x00000000eae6c2f0) 
thrown [s\src\hotspot\share\prims\jni.cpp, line 520]
Event: 2.669 Thread 0x00000215fd49c050 Exception <a 'java/io/FileNotFoundException'{0x00000000eae72db0}> (0x00000000eae72db0) 
thrown [s\src\hotspot\share\prims\jni.cpp, line 520]

ZGC Phase Switch (0 events):
No events

VM Operations (20 events):
Event: 1.747 Executing VM operation: HandshakeAllThreads (Deoptimize)
Event: 1.747 Executing VM operation: HandshakeAllThreads (Deoptimize) done
Event: 1.801 Executing VM operation: HandshakeAllThreads (Deoptimize)
Event: 1.801 Executing VM operation: HandshakeAllThreads (Deoptimize) done
Event: 2.009 Executing VM operation: ParallelGCFailedAllocation (Allocation Failure)
Event: 2.015 Executing VM operation: ParallelGCFailedAllocation (Allocation Failure) done
Event: 2.035 Executing VM operation: HandshakeAllThreads (Deoptimize)
Event: 2.035 Executing VM operation: HandshakeAllThreads (Deoptimize) done
Event: 2.143 Executing VM operation: HandshakeAllThreads (Deoptimize)
Event: 2.143 Executing VM operation: HandshakeAllThreads (Deoptimize) done
Event: 2.428 Executing VM operation: HandshakeAllThreads (Deoptimize)
Event: 2.428 Executing VM operation: HandshakeAllThreads (Deoptimize) done
Event: 2.602 Executing VM operation: ParallelGCFailedAllocation (Allocation Failure)
Event: 2.607 Executing VM operation: ParallelGCFailedAllocation (Allocation Failure) done
Event: 2.636 Executing VM operation: HandshakeAllThreads (Deoptimize)
Event: 2.637 Executing VM operation: HandshakeAllThreads (Deoptimize) done
Event: 2.640 Executing VM operation: HandshakeAllThreads (Deoptimize)
Event: 2.640 Executing VM operation: HandshakeAllThreads (Deoptimize) done
Event: 2.658 Executing VM operation: HandshakeAllThreads (Deoptimize)
Event: 2.658 Executing VM operation: HandshakeAllThreads (Deoptimize) done

Memory protections (0 events):
No events

Nmethod flushes (0 events):
No events

Events (17 events):
Event: 0.057 Thread 0x00000215e56f1460 Thread added: 0x00000215e56f1460
Event: 0.078 Thread 0x00000215e56f1460 Thread added: 0x00000215fb1e9fe0
Event: 0.078 Thread 0x00000215e56f1460 Thread added: 0x00000215fb1eadf0
Event: 0.078 Thread 0x00000215e56f1460 Thread added: 0x00000215fb1ef850
Event: 0.078 Thread 0x00000215e56f1460 Thread added: 0x00000215fb1f0560
Event: 0.078 Thread 0x00000215e56f1460 Thread added: 0x00000215fb1f1d70
Event: 0.079 Thread 0x00000215e56f1460 Thread added: 0x00000215fb1f40a0
Event: 0.079 Thread 0x00000215e56f1460 Thread added: 0x00000215fb1f8ed0
Event: 0.079 Thread 0x00000215e56f1460 Thread added: 0x00000215fb21a8a0
Event: 0.105 Thread 0x00000215e56f1460 Thread added: 0x00000215fb34f820
Event: 0.497 Thread 0x00000215e56f1460 Thread added: 0x00000215fcee4080
Event: 1.724 Thread 0x00000215e56f1460 Thread added: 0x00000215fd5c94a0
Event: 1.942 Thread 0x00000215e56f1460 Thread added: 0x00000215fd3f2e60
Event: 1.946 Thread 0x00000215e56f1460 Thread added: 0x00000215fd49c050
Event: 1.989 Thread 0x00000215fd49c050 Thread added: 0x00000215fd857ca0
Event: 2.133 Thread 0x00000215fd49c050 Thread added: 0x00000215fd459d10
Event: 2.468 Thread 0x00000215fd49c050 Thread added: 0x00000215fd66c970


Dynamic libraries:
0x00007ff6b9cc0000 - 0x00007ff6b9cce000 	c:\Users\Jake\.vscode\extensions\redhat.java-1.41.0-win32-x64\jre\21.0.6-win32-x86_64\bin\java.exe
0x00007ffd95010000 - 0x00007ffd95227000 	C:\Windows\SYSTEM32\ntdll.dll
0x00007ffd93e70000 - 0x00007ffd93f34000 	C:\Windows\System32\KERNEL32.DLL
0x00007ffd922c0000 - 0x00007ffd92691000 	C:\Windows\System32\KERNELBASE.dll
0x00007ffd92a20000 - 0x00007ffd92b31000 	C:\Windows\System32\ucrtbase.dll
0x00007ffd71140000 - 0x00007ffd71158000 	c:\Users\Jake\.vscode\extensions\redhat.java-1.41.0-win32-x64\jre\21.0.6-win32-x86_64\bin\jli.dll
0x00007ffd73270000 - 0x00007ffd7328e000 	c:\Users\Jake\.vscode\extensions\redhat.java-1.41.0-win32-x64\jre\21.0.6-win32-x86_64\bin\VCRUNTIME140.dll
0x00007ffd93a10000 - 0x00007ffd93bc1000 	C:\Windows\System32\USER32.dll
0x00007ffd92cb0000 - 0x00007ffd92cd6000 	C:\Windows\System32\win32u.dll
0x00007ffd93fc0000 - 0x00007ffd93fe9000 	C:\Windows\System32\GDI32.dll
0x00007ffd92720000 - 0x00007ffd9283b000 	C:\Windows\System32\gdi32full.dll
0x00007ffd92900000 - 0x00007ffd9299a000 	C:\Windows\System32\msvcp_win.dll
0x00007ffd79960000 - 0x00007ffd79bf2000 	C:\Windows\WinSxS\amd64_microsoft.windows.common-controls_6595b64144ccf1df_6.0.22621.4830_none_270fe7d773858e80\COMCTL32.dll
0x00007ffd94e10000 - 0x00007ffd94eb7000 	C:\Windows\System32\msvcrt.dll
0x00007ffd94dd0000 - 0x00007ffd94e01000 	C:\Windows\System32\IMM32.DLL
0x00007ffd7f7b0000 - 0x00007ffd7f7bc000 	c:\Users\Jake\.vscode\extensions\redhat.java-1.41.0-win32-x64\jre\21.0.6-win32-x86_64\bin\vcruntime140_1.dll
0x00007ffcfd950000 - 0x00007ffcfd9dd000 	c:\Users\Jake\.vscode\extensions\redhat.java-1.41.0-win32-x64\jre\21.0.6-win32-x86_64\bin\msvcp140.dll
0x00007ffcc0520000 - 0x00007ffcc12b0000 	c:\Users\Jake\.vscode\extensions\redhat.java-1.41.0-win32-x64\jre\21.0.6-win32-x86_64\bin\server\jvm.dll
0x00007ffd93210000 - 0x00007ffd932c1000 	C:\Windows\System32\ADVAPI32.dll
0x00007ffd93950000 - 0x00007ffd939f7000 	C:\Windows\System32\sechost.dll
0x00007ffd92b40000 - 0x00007ffd92b68000 	C:\Windows\System32\bcrypt.dll
0x00007ffd93d30000 - 0x00007ffd93e44000 	C:\Windows\System32\RPCRT4.dll
0x00007ffd94ce0000 - 0x00007ffd94d51000 	C:\Windows\System32\WS2_32.dll
0x00007ffd80740000 - 0x00007ffd8074a000 	C:\Windows\SYSTEM32\VERSION.dll
0x00007ffd8a5b0000 - 0x00007ffd8a5e4000 	C:\Windows\SYSTEM32\WINMM.dll
0x00007ffd92020000 - 0x00007ffd9206d000 	C:\Windows\SYSTEM32\POWRPROF.dll
0x00007ffd92000000 - 0x00007ffd92013000 	C:\Windows\SYSTEM32\UMPDC.dll
0x00007ffd910c0000 - 0x00007ffd910d8000 	C:\Windows\SYSTEM32\kernel.appcore.dll
0x00007ffd7e7a0000 - 0x00007ffd7e7aa000 	c:\Users\Jake\.vscode\extensions\redhat.java-1.41.0-win32-x64\jre\21.0.6-win32-x86_64\bin\jimage.dll
0x00007ffd8fac0000 - 0x00007ffd8fcf2000 	C:\Windows\SYSTEM32\DBGHELP.DLL
0x00007ffd935b0000 - 0x00007ffd93940000 	C:\Windows\System32\combase.dll
0x00007ffd93c40000 - 0x00007ffd93d17000 	C:\Windows\System32\OLEAUT32.dll
0x00007ffd5e4d0000 - 0x00007ffd5e502000 	C:\Windows\SYSTEM32\dbgcore.DLL
0x00007ffd926a0000 - 0x00007ffd9271b000 	C:\Windows\System32\bcryptPrimitives.dll
0x00007ffd73220000 - 0x00007ffd7322f000 	c:\Users\Jake\.vscode\extensions\redhat.java-1.41.0-win32-x64\jre\21.0.6-win32-x86_64\bin\instrument.dll
0x00007ffd6e880000 - 0x00007ffd6e89f000 	c:\Users\Jake\.vscode\extensions\redhat.java-1.41.0-win32-x64\jre\21.0.6-win32-x86_64\bin\java.dll
0x00007ffd93ff0000 - 0x00007ffd94878000 	C:\Windows\System32\SHELL32.dll
0x00007ffd92b70000 - 0x00007ffd92caf000 	C:\Windows\System32\wintypes.dll
0x00007ffd90060000 - 0x00007ffd9096d000 	C:\Windows\SYSTEM32\windows.storage.dll
0x00007ffd93430000 - 0x00007ffd9353a000 	C:\Windows\System32\SHCORE.dll
0x00007ffd93540000 - 0x00007ffd9359e000 	C:\Windows\System32\shlwapi.dll
0x00007ffd92080000 - 0x00007ffd920ab000 	C:\Windows\SYSTEM32\profapi.dll
0x00007ffd6e810000 - 0x00007ffd6e828000 	c:\Users\Jake\.vscode\extensions\redhat.java-1.41.0-win32-x64\jre\21.0.6-win32-x86_64\bin\zip.dll
0x00007ffd731d0000 - 0x00007ffd731e0000 	C:\Users\Jake\.vscode\extensions\redhat.java-1.41.0-win32-x64\jre\21.0.6-win32-x86_64\bin\net.dll
0x00007ffd8de70000 - 0x00007ffd8df9c000 	C:\Windows\SYSTEM32\WINHTTP.dll
0x00007ffd915c0000 - 0x00007ffd9162a000 	C:\Windows\system32\mswsock.dll
0x00007ffd6e150000 - 0x00007ffd6e166000 	C:\Users\Jake\.vscode\extensions\redhat.java-1.41.0-win32-x64\jre\21.0.6-win32-x86_64\bin\nio.dll
0x00007ffd72240000 - 0x00007ffd72250000 	c:\Users\Jake\.vscode\extensions\redhat.java-1.41.0-win32-x64\jre\21.0.6-win32-x86_64\bin\verify.dll
0x00007ffd57b90000 - 0x00007ffd57bd5000 	C:\Users\Jake\AppData\Roaming\Code\User\globalStorage\redhat.java\1.41.0\config_ss_win\org.eclipse.equinox.launcher\org.eclipse.equinox.launcher.win32.win32.x86_64_1.2.1300.v20250325-0811\eclipse_11911.dll
0x00007ffd94ad0000 - 0x00007ffd94c71000 	C:\Windows\System32\ole32.dll

dbghelp: loaded successfully - version: 4.0.5 - missing functions: none
symbol engine: initialized successfully - sym options: 0x614 - pdb path: .;c:\Users\Jake\.vscode\extensions\redhat.java-1.41.0-win32-x64\jre\21.0.6-win32-x86_64\bin;C:\Windows\SYSTEM32;C:\Windows\WinSxS\amd64_microsoft.windows.common-controls_6595b64144ccf1df_6.0.22621.4830_none_270fe7d773858e80;c:\Users\Jake\.vscode\extensions\redhat.java-1.41.0-win32-x64\jre\21.0.6-win32-x86_64\bin\server;C:\Users\Jake\AppData\Roaming\Code\User\globalStorage\redhat.java\1.41.0\config_ss_win\org.eclipse.equinox.launcher\org.eclipse.equinox.launcher.win32.win32.x86_64_1.2.1300.v20250325-0811

VM Arguments:
jvm_args: --add-modules=ALL-SYSTEM --add-opens=java.base/java.util=ALL-UNNAMED --add-opens=java.base/java.lang=ALL-UNNAMED --add-opens=java.base/sun.nio.fs=ALL-UNNAMED -Declipse.application=org.eclipse.jdt.ls.core.id1 -Dosgi.bundles.defaultStartLevel=4 -Declipse.product=org.eclipse.jdt.ls.core.product -Djava.import.generatesMetadataFilesAtProjectRoot=false -DDetectVMInstallationsJob.disabled=true -Dfile.encoding=utf8 -XX:+UseParallelGC -XX:GCTimeRatio=4 -XX:AdaptiveSizePolicyWeight=90 -Dsun.zip.disableMemoryMapping=true -Xmx1G -Xms100m -Xlog:disable -javaagent:c:\Users\Jake\.vscode\extensions\redhat.java-1.41.0-win32-x64\lombok\lombok-1.18.36.jar 
java_command: c:\Users\Jake\.vscode\extensions\redhat.java-1.41.0-win32-x64\server\plugins\org.eclipse.equinox.launcher_1.6.1100.v20250306-0509.jar -configuration c:\Users\Jake\AppData\Roaming\Code\User\globalStorage\redhat.java\1.41.0\config_ss_win -data c:\Users\Jake\AppData\Roaming\Code\User\workspaceStorage\71bb65a16bd26df912516edcf6356e2f\redhat.java\ss_ws --pipe=\\.\pipe\lsp-180b1ff603ffeaf275d5aa4c75a0ac54-sock
java_class_path (initial): c:\Users\Jake\.vscode\extensions\redhat.java-1.41.0-win32-x64\server\plugins\org.eclipse.equinox.launcher_1.6.1100.v20250306-0509.jar
Launcher Type: SUN_STANDARD

[Global flags]
    uintx AdaptiveSizePolicyWeight                 = 90                                        {product} {command line}
     intx CICompilerCount                          = 12                                        {product} {ergonomic}
    uintx GCTimeRatio                              = 4                                         {product} {command line}
   size_t InitialHeapSize                          = 104857600                                 {product} {command line}
   size_t MaxHeapSize                              = 1073741824                                {product} {command line}
   size_t MaxNewSize                               = 357564416                                 {product} {ergonomic}
   size_t MinHeapDeltaBytes                        = 524288                                    {product} {ergonomic}
   size_t MinHeapSize                              = 104857600                                 {product} {command line}
   size_t NewSize                                  = 34603008                                  {product} {ergonomic}
    uintx NonNMethodCodeHeapSize                   = 7602480                                {pd product} {ergonomic}
    uintx NonProfiledCodeHeapSize                  = 122027880                              {pd product} {ergonomic}
   size_t OldSize                                  = 70254592                                  {product} {ergonomic}
    uintx ProfiledCodeHeapSize                     = 122027880                              {pd product} {ergonomic}
    uintx ReservedCodeCacheSize                    = 251658240                              {pd product} {ergonomic}
     bool SegmentedCodeCache                       = true                                      {product} {ergonomic}
   size_t SoftMaxHeapSize                          = 1073741824                             {manageable} {ergonomic}
     bool UseCompressedOops                        = true                           {product lp64_product} {ergonomic}
     bool UseLargePagesIndividualAllocation        = false                                  {pd product} {ergonomic}
     bool UseParallelGC                            = true                                      {product} {command line}

Logging:
Log output configuration:
 #0: stdout all=off uptime,level,tags foldmultilines=false
 #1: stderr all=off uptime,level,tags foldmultilines=false

Environment Variables:
JAVA_HOME=C:\Program Files\Java\jdk-23
PATH=C:\Program Files\Common Files\Oracle\Java\javapath;C:\Windows\system32;C:\Windows;C:\Windows\System32\Wbem;C:\Windows\System32\WindowsPowerShell\v1.0\;C:\Windows\System32\OpenSSH\;C:\Program Files\dotnet\;C:\ProgramData\chocolatey\bin;C:\Program Files\Git\cmd;C:\Program Files\Docker\Docker\resources\bin;C:\Program Files (x86)\Yarn\bin\;C:\Program Files\WireGuard\;C:\Users\Jake\AppData\Local\nvm;C:\nvm4w\nodejs;C:\Program Files\Java\jdk-23\bin;C:\Program Files\PostgreSQL\17\bin;C:\Users\Jake\AppData\Local\Programs\Python\Launcher\;C:\Users\Jake\AppData\Local\Microsoft\WindowsApps;C:\Users\Jake\AppData\Local\Programs\Microsoft VS Code\bin;C:\Users\Jake\AppData\Local\GitHubDesktop\bin;C:\Users\Jake\AppData\Roaming\npm;C:\Users\Jake\AppData\Local\Yarn\bin;C:\Users\Jake\AppData\Local\nvm;C:\nvm4w\nodejs;C:\Program Files\JetBrains\IntelliJ IDEA 2024.3.1\bin;;C:\Users\Jake\Downloads\apache-maven-3.9.9-bin\apache-maven-3.9.9\bin;C:\Program Files (x86)\Heroku\bin;C:\wamp64\bin\mysql\mysql8.0.31\bin;
USERNAME=Jake
OS=Windows_NT
PROCESSOR_IDENTIFIER=Intel64 Family 6 Model 191 Stepping 2, GenuineIntel
TMP=C:\Users\Jake\AppData\Local\Temp
TEMP=C:\Users\Jake\AppData\Local\Temp




Periodic native trim disabled

---------------  S Y S T E M  ---------------

OS:
 Windows 11 , 64 bit Build 22621 (10.0.22621.4974)
OS uptime: 0 days 7:41 hours
Hyper-V role detected

CPU: total 20 (initial active 20) (10 cores per cpu, 2 threads per core) family 6 model 191 stepping 2 microcode 0x36, cx8, cmov, fxsr, ht, mmx, 3dnowpref, sse, sse2, sse3, ssse3, sse4.1, sse4.2, popcnt, lzcnt, tsc, tscinvbit, avx, avx2, aes, erms, clmul, bmi1, bmi2, adx, sha, fma, vzeroupper, clflush, clflushopt, clwb, hv, serialize, rdtscp, rdpid, fsrm, f16c, cet_ibt, cet_ss
Processor Information for processor 0
  Max Mhz: 1600, Current Mhz: 1600, Mhz Limit: 1600
Processor Information for processor 1
  Max Mhz: 1600, Current Mhz: 1600, Mhz Limit: 1600
Processor Information for processor 2
  Max Mhz: 1600, Current Mhz: 1600, Mhz Limit: 1600
Processor Information for processor 3
  Max Mhz: 1600, Current Mhz: 1600, Mhz Limit: 1600
Processor Information for processor 4
  Max Mhz: 1600, Current Mhz: 1600, Mhz Limit: 1600
Processor Information for processor 5
  Max Mhz: 1600, Current Mhz: 1600, Mhz Limit: 1600
Processor Information for processor 6
  Max Mhz: 1600, Current Mhz: 1600, Mhz Limit: 1600
Processor Information for processor 7
  Max Mhz: 1600, Current Mhz: 1600, Mhz Limit: 1600
Processor Information for processor 8
  Max Mhz: 1600, Current Mhz: 1600, Mhz Limit: 1600
Processor Information for processor 9
  Max Mhz: 1600, Current Mhz: 1600, Mhz Limit: 1600
Processor Information for processor 10
  Max Mhz: 1600, Current Mhz: 1600, Mhz Limit: 1600
Processor Information for processor 11
  Max Mhz: 1600, Current Mhz: 1600, Mhz Limit: 1600
Processor Information for processor 12
  Max Mhz: 1600, Current Mhz: 1200, Mhz Limit: 1200
Processor Information for processor 13
  Max Mhz: 1600, Current Mhz: 1200, Mhz Limit: 1200
Processor Information for processor 14
  Max Mhz: 1600, Current Mhz: 1200, Mhz Limit: 1200
Processor Information for processor 15
  Max Mhz: 1600, Current Mhz: 1200, Mhz Limit: 1200
Processor Information for processor 16
  Max Mhz: 1600, Current Mhz: 1200, Mhz Limit: 1200
Processor Information for processor 17
  Max Mhz: 1600, Current Mhz: 1200, Mhz Limit: 1200
Processor Information for processor 18
  Max Mhz: 1600, Current Mhz: 1200, Mhz Limit: 1200
Processor Information for processor 19
  Max Mhz: 1600, Current Mhz: 1200, Mhz Limit: 1200

Memory: 4k page, system-wide physical 7880M (70M free)
TotalPageFile size 27880M (AvailPageFile size 124M)
current process WorkingSet (physical memory assigned to process): 107M, peak: 107M
current process commit charge ("private bytes"): 238M, peak: 238M

vm_info: OpenJDK 64-Bit Server VM (21.0.6+7-LTS) for windows-amd64 JRE (21.0.6+7-LTS), built on 2025-01-21T00:00:00Z by "admin" with MS VC++ 17.7 (VS2022)

END.
