#
# There is insufficient memory for the Java Runtime Environment to continue.
# Native memory allocation (malloc) failed to allocate 547376 bytes. Error detail: Chunk::new
# Possible reasons:
#   The system is out of physical RAM or swap space
#   This process is running with CompressedOops enabled, and the Java Heap may be blocking the growth of the native heap
# Possible solutions:
#   Reduce memory load on the system
#   Increase physical memory or swap space
#   Check if swap backing store is full
#   Decrease Java heap size (-Xmx/-Xms)
#   Decrease number of Java threads
#   Decrease Java thread stack sizes (-Xss)
#   Set larger code cache with -XX:ReservedCodeCacheSize=
#   JVM is running with Unscaled Compressed Oops mode in which the Java heap is
#     placed in the first 4GB address space. The Java Heap base address is the
#     maximum limit for the native heap growth. Please use -XX:HeapBaseMinAddress
#     to set the Java Heap base and to place the Java Heap above 4GB virtual address.
# This output file may be truncated or incomplete.
#
#  Out of Memory Error (arena.cpp:168), pid=7888, tid=11712
#
# JRE version: OpenJDK Runtime Environment Temurin-21.0.6+7 (21.0.6+7) (build 21.0.6+7-LTS)
# Java VM: OpenJDK 64-Bit Server VM Temurin-21.0.6+7 (21.0.6+7-LTS, mixed mode, sharing, tiered, compressed oops, compressed class ptrs, parallel gc, windows-amd64)
# No core dump will be written. Minidumps are not enabled by default on client versions of Windows
#

---------------  S U M M A R Y ------------

Command Line: --add-modules=ALL-SYSTEM --add-opens=java.base/java.util=ALL-UNNAMED --add-opens=java.base/java.lang=ALL-UNNAMED --add-opens=java.base/sun.nio.fs=ALL-UNNAMED -Declipse.application=org.eclipse.jdt.ls.core.id1 -Dosgi.bundles.defaultStartLevel=4 -Declipse.product=org.eclipse.jdt.ls.core.product -Djava.import.generatesMetadataFilesAtProjectRoot=false -DDetectVMInstallationsJob.disabled=true -Dfile.encoding=utf8 -XX:+UseParallelGC -XX:GCTimeRatio=4 -XX:AdaptiveSizePolicyWeight=90 -Dsun.zip.disableMemoryMapping=true -Xmx1G -Xms100m -Xlog:disable -javaagent:c:\Users\Jake\.vscode\extensions\redhat.java-1.41.0-win32-x64\lombok\lombok-1.18.36.jar -XX:+HeapDumpOnOutOfMemoryError -XX:HeapDumpPath=c:\Users\Jake\AppData\Roaming\Code\User\workspaceStorage\71bb65a16bd26df912516edcf6356e2f\redhat.java -Daether.dependencyCollector.impl=bf c:\Users\Jake\.vscode\extensions\redhat.java-1.41.0-win32-x64\server\plugins\org.eclipse.equinox.launcher_1.6.1100.v20250306-0509.jar -configuration c:\Users\Jake\AppData\Roaming\Code\User\globalStorage\redhat.java\1.41.0\config_win -data c:\Users\Jake\AppData\Roaming\Code\User\workspaceStorage\71bb65a16bd26df912516edcf6356e2f\redhat.java\jdt_ws --pipe=\\.\pipe\lsp-fc7c4ca7d56e541d9435b152597f129e-sock

Host: 13th Gen Intel(R) Core(TM) i5-13500T, 20 cores, 7G,  Windows 11 , 64 bit Build 22621 (10.0.22621.4974)
Time: Sat Mar 29 18:20:09 2025 W. Central Africa Standard Time elapsed time: 2.556514 seconds (0d 0h 0m 2s)

---------------  T H R E A D  ---------------

Current thread (0x000001d80aa23c80):  JavaThread "C2 CompilerThread0" daemon [_thread_in_native, id=11712, stack(0x00000040b8700000,0x00000040b8800000) (1024K)]


Current CompileTask:
C2:2556 2363   !   4       java.util.jar.Attributes::read (494 bytes)

Stack: [0x00000040b8700000,0x00000040b8800000]
Native frames: (J=compiled Java code, j=interpreted, Vv=VM code, C=native code)
V  [jvm.dll+0x6cdee9]
V  [jvm.dll+0x8a83d1]
V  [jvm.dll+0x8aa8fe]
V  [jvm.dll+0x8aafe3]
V  [jvm.dll+0x27f706]
V  [jvm.dll+0xc500d]
V  [jvm.dll+0xc5543]
V  [jvm.dll+0x3b6752]
V  [jvm.dll+0x382935]
V  [jvm.dll+0x381d9a]
V  [jvm.dll+0x2479f0]
V  [jvm.dll+0x246fcf]
V  [jvm.dll+0x1c75ee]
V  [jvm.dll+0x25685a]
V  [jvm.dll+0x254dfa]
V  [jvm.dll+0x3f0256]
V  [jvm.dll+0x851f8b]
V  [jvm.dll+0x6cc5ed]
C  [ucrtbase.dll+0x29333]
C  [KERNEL32.DLL+0x1259d]
C  [ntdll.dll+0x5af38]


---------------  P R O C E S S  ---------------

Threads class SMR info:
_java_thread_list=0x000001d863778f60, length=17, elements={
0x000001d80a96f8a0, 0x000001d80aa16390, 0x000001d81ed5e330, 0x000001d80aa189b0,
0x000001d80aa1a220, 0x000001d80aa19b90, 0x000001d80aa1c2f0, 0x000001d80aa23c80,
0x000001d8612df3a0, 0x000001d80aa1d010, 0x000001d80aa1c980, 0x000001d80aa1a8b0,
0x000001d80aa1af40, 0x000001d80aa1b5d0, 0x000001d80aa1bc60, 0x000001d8683d17f0,
0x000001d8683d3230
}

Java Threads: ( => current thread )
  0x000001d80a96f8a0 JavaThread "main"                              [_thread_blocked, id=37676, stack(0x00000040b7d00000,0x00000040b7e00000) (1024K)]
  0x000001d80aa16390 JavaThread "Reference Handler"          daemon [_thread_blocked, id=33248, stack(0x00000040b8100000,0x00000040b8200000) (1024K)]
  0x000001d81ed5e330 JavaThread "Finalizer"                  daemon [_thread_blocked, id=33172, stack(0x00000040b8200000,0x00000040b8300000) (1024K)]
  0x000001d80aa189b0 JavaThread "Signal Dispatcher"          daemon [_thread_blocked, id=25244, stack(0x00000040b8300000,0x00000040b8400000) (1024K)]
  0x000001d80aa1a220 JavaThread "Attach Listener"            daemon [_thread_blocked, id=19588, stack(0x00000040b8400000,0x00000040b8500000) (1024K)]
  0x000001d80aa19b90 JavaThread "Service Thread"             daemon [_thread_blocked, id=23844, stack(0x00000040b8500000,0x00000040b8600000) (1024K)]
  0x000001d80aa1c2f0 JavaThread "Monitor Deflation Thread"   daemon [_thread_blocked, id=25708, stack(0x00000040b8600000,0x00000040b8700000) (1024K)]
=>0x000001d80aa23c80 JavaThread "C2 CompilerThread0"         daemon [_thread_in_native, id=11712, stack(0x00000040b8700000,0x00000040b8800000) (1024K)]
  0x000001d8612df3a0 JavaThread "C1 CompilerThread0"         daemon [_thread_in_vm, id=27500, stack(0x00000040b8800000,0x00000040b8900000) (1024K)]
  0x000001d80aa1d010 JavaThread "Common-Cleaner"             daemon [_thread_blocked, id=31592, stack(0x00000040b8900000,0x00000040b8a00000) (1024K)]
  0x000001d80aa1c980 JavaThread "Notification Thread"        daemon [_thread_blocked, id=37620, stack(0x00000040b8a00000,0x00000040b8b00000) (1024K)]
  0x000001d80aa1a8b0 JavaThread "Active Thread: Equinox Container: 1d33b4c4-87d0-489a-8879-042d819412e2"        [_thread_blocked, id=37424, stack(0x00000040b9100000,0x00000040b9200000) (1024K)]
  0x000001d80aa1af40 JavaThread "Refresh Thread: Equinox Container: 1d33b4c4-87d0-489a-8879-042d819412e2" daemon [_thread_blocked, id=30324, stack(0x00000040b9200000,0x00000040b9300000) (1024K)]
  0x000001d80aa1b5d0 JavaThread "Framework Event Dispatcher: Equinox Container: 1d33b4c4-87d0-489a-8879-042d819412e2" daemon [_thread_blocked, id=35524, stack(0x00000040b9400000,0x00000040b9500000) (1024K)]
  0x000001d80aa1bc60 JavaThread "Start Level: Equinox Container: 1d33b4c4-87d0-489a-8879-042d819412e2" daemon [_thread_in_vm, id=38608, stack(0x00000040b9500000,0x00000040b9600000) (1024K)]
  0x000001d8683d17f0 JavaThread "Bundle File Closer"         daemon [_thread_blocked, id=38908, stack(0x00000040b9600000,0x00000040b9700000) (1024K)]
  0x000001d8683d3230 JavaThread "SCR Component Actor"        daemon [_thread_blocked, id=12720, stack(0x00000040b9900000,0x00000040b9a00000) (1024K)]
Total: 17

Other Threads:
  0x000001d8612d6030 VMThread "VM Thread"                           [id=24304, stack(0x00000040b8000000,0x00000040b8100000) (1024K)]
  0x000001d81ec3cb20 WatcherThread "VM Periodic Task Thread"        [id=27784, stack(0x00000040b7f00000,0x00000040b8000000) (1024K)]
  0x000001d80a98dc10 WorkerThread "GC Thread#0"                     [id=39548, stack(0x00000040b7e00000,0x00000040b7f00000) (1024K)]
  0x000001d8634e3bb0 WorkerThread "GC Thread#1"                     [id=28636, stack(0x00000040b8b00000,0x00000040b8c00000) (1024K)]
  0x000001d8634e3f50 WorkerThread "GC Thread#2"                     [id=20200, stack(0x00000040b8c00000,0x00000040b8d00000) (1024K)]
  0x000001d863884200 WorkerThread "GC Thread#3"                     [id=38164, stack(0x00000040b8d00000,0x00000040b8e00000) (1024K)]
  0x000001d8638845a0 WorkerThread "GC Thread#4"                     [id=12024, stack(0x00000040b8e00000,0x00000040b8f00000) (1024K)]
  0x000001d863884940 WorkerThread "GC Thread#5"                     [id=37276, stack(0x00000040b8f00000,0x00000040b9000000) (1024K)]
  0x000001d863760520 WorkerThread "GC Thread#6"                     [id=34340, stack(0x00000040b9000000,0x00000040b9100000) (1024K)]
  0x000001d868224340 WorkerThread "GC Thread#7"                     [id=36164, stack(0x00000040b9300000,0x00000040b9400000) (1024K)]
  0x000001d86864b4e0 WorkerThread "GC Thread#8"                     [id=36764, stack(0x00000040b9700000,0x00000040b9800000) (1024K)]
  0x000001d86864c700 WorkerThread "GC Thread#9"                     [id=18024, stack(0x00000040b9800000,0x00000040b9900000) (1024K)]
Total: 12

Threads with active compile tasks:
C2 CompilerThread0  2656 2363   !   4       java.util.jar.Attributes::read (494 bytes)
C1 CompilerThread0  2656 2405   !   3       org.eclipse.osgi.internal.loader.BundleLoader::findClass0 (491 bytes)
Total: 2

VM state: not at safepoint (normal execution)

VM Mutex/Monitor currently owned by a thread:  ([mutex/lock_event])
[0x00007ffcc11cc300] Metaspace_lock - owner thread: 0x000001d80aa1bc60

Heap address: 0x00000000c0000000, size: 1024 MB, Compressed Oops mode: 32-bit

CDS archive(s) mapped at: [0x000001d81f000000-0x000001d81fba0000-0x000001d81fba0000), size 12189696, SharedBaseAddress: 0x000001d81f000000, ArchiveRelocationMode: 1.
Compressed class space mapped at: 0x000001d820000000-0x000001d860000000, reserved size: 1073741824
Narrow klass base: 0x000001d81f000000, Narrow klass shift: 0, Narrow klass range: 0x100000000

GC Precious Log:
 CardTable entry size: 512
 CPUs: 20 total, 20 available
 Memory: 7880M
 Large Page Support: Disabled
 NUMA Support: Disabled
 Compressed Oops: Enabled (32-bit)
 Alignments: Space 512K, Generation 512K, Heap 2M
 Heap Min Capacity: 100M
 Heap Initial Capacity: 100M
 Heap Max Capacity: 1G
 Pre-touch: Disabled
 Parallel Workers: 15

Heap:
 PSYoungGen      total 29696K, used 10555K [0x00000000eab00000, 0x00000000ecc00000, 0x0000000100000000)
  eden space 25600K, 25% used [0x00000000eab00000,0x00000000eb153e20,0x00000000ec400000)
  from space 4096K, 99% used [0x00000000ec400000,0x00000000ec7faed8,0x00000000ec800000)
  to   space 4096K, 0% used [0x00000000ec800000,0x00000000ec800000,0x00000000ecc00000)
 ParOldGen       total 68608K, used 5772K [0x00000000c0000000, 0x00000000c4300000, 0x00000000eab00000)
  object space 68608K, 8% used [0x00000000c0000000,0x00000000c05a3318,0x00000000c4300000)
 Metaspace       used 9576K, committed 9920K, reserved 1114112K
  class space    used 944K, committed 1088K, reserved 1048576K

Card table byte_map: [0x000001d80a340000,0x000001d80a550000] _byte_map_base: 0x000001d809d40000

Marking Bits: (ParMarkBitMap*) 0x00007ffcc11d3260
 Begin Bits: [0x000001d81cb60000, 0x000001d81db60000)
 End Bits:   [0x000001d81db60000, 0x000001d81eb60000)

Polling page: 0x000001d80a130000

Metaspace:

Usage:
  Non-class:      8.43 MB used.
      Class:    944.04 KB used.
       Both:      9.35 MB used.

Virtual space:
  Non-class space:       64.00 MB reserved,       8.62 MB ( 13%) committed,  1 nodes.
      Class space:        1.00 GB reserved,       1.06 MB ( <1%) committed,  1 nodes.
             Both:        1.06 GB reserved,       9.69 MB ( <1%) committed. 

Chunk freelists:
   Non-Class:  6.56 MB
       Class:  14.81 MB
        Both:  21.37 MB

MaxMetaspaceSize: unlimited
CompressedClassSpaceSize: 1.00 GB
Initial GC threshold: 21.00 MB
Current GC threshold: 21.00 MB
CDS: on
 - commit_granule_bytes: 65536.
 - commit_granule_words: 8192.
 - virtual_space_node_default_size: 8388608.
 - enlarge_chunks_in_place: 1.
 - use_allocation_guard: 0.


Internal statistics:

num_allocs_failed_limit: 0.
num_arena_births: 234.
num_arena_deaths: 0.
num_vsnodes_births: 2.
num_vsnodes_deaths: 0.
num_space_committed: 155.
num_space_uncommitted: 0.
num_chunks_returned_to_freelist: 0.
num_chunks_taken_from_freelist: 474.
num_chunk_merges: 0.
num_chunk_splits: 319.
num_chunks_enlarged: 227.
num_inconsistent_stats: 0.

CodeHeap 'non-profiled nmethods': size=119168Kb used=1008Kb max_used=1008Kb free=118160Kb
 bounds [0x000001d815700000, 0x000001d815970000, 0x000001d81cb60000]
CodeHeap 'profiled nmethods': size=119104Kb used=4728Kb max_used=4728Kb free=114375Kb
 bounds [0x000001d80db60000, 0x000001d80e000000, 0x000001d814fb0000]
CodeHeap 'non-nmethods': size=7488Kb used=1227Kb max_used=1252Kb free=6260Kb
 bounds [0x000001d814fb0000, 0x000001d815220000, 0x000001d815700000]
 total_blobs=2893 nmethods=2402 adapters=397
 compilation: enabled
              stopped_count=0, restarted_count=0
 full_count=0

Compilation events (20 events):
Event: 2.514 Thread 0x000001d8612df3a0 2356       3       org.eclipse.osgi.internal.framework.EquinoxBundle::privGetHeaders (20 bytes)
Event: 2.515 Thread 0x000001d8612df3a0 nmethod 2356 0x000001d80dfd8d90 code [0x000001d80dfd8f80, 0x000001d80dfd9340]
Event: 2.515 Thread 0x000001d8612df3a0 2357       3       org.eclipse.osgi.storage.BundleInfo$Generation::getHeaders (11 bytes)
Event: 2.515 Thread 0x000001d8612df3a0 nmethod 2357 0x000001d80dfd9510 code [0x000001d80dfd96c0, 0x000001d80dfd9860]
Event: 2.515 Thread 0x000001d8612df3a0 2358   !   3       org.eclipse.osgi.storage.BundleInfo$Generation::getManifestLocalization (59 bytes)
Event: 2.515 Thread 0x000001d8612df3a0 nmethod 2358 0x000001d80dfd9990 code [0x000001d80dfd9bc0, 0x000001d80dfda380]
Event: 2.515 Thread 0x000001d8612df3a0 2360       3       org.eclipse.osgi.framework.util.CaseInsensitiveDictionaryMap$UnmodifiableDictionary::get (9 bytes)
Event: 2.515 Thread 0x000001d8612df3a0 nmethod 2360 0x000001d80dfda810 code [0x000001d80dfda9c0, 0x000001d80dfdab98]
Event: 2.522 Thread 0x000001d8612df3a0 2361       3       java.nio.Buffer::<init> (105 bytes)
Event: 2.523 Thread 0x000001d8612df3a0 nmethod 2361 0x000001d80dfdac90 code [0x000001d80dfdaf40, 0x000001d80dfdb9e0]
Event: 2.524 Thread 0x000001d80aa23c80 2363   !   4       java.util.jar.Attributes::read (494 bytes)
Event: 2.524 Thread 0x000001d8612df3a0 2364       3       org.eclipse.osgi.internal.container.InternalUtils$CopyOnFirstWriteList::size (10 bytes)
Event: 2.524 Thread 0x000001d8612df3a0 nmethod 2364 0x000001d80dfdbe10 code [0x000001d80dfdbfc0, 0x000001d80dfdc198]
Event: 2.524 Thread 0x000001d8612df3a0 2365       3       java.util.concurrent.locks.AbstractQueuedSynchronizer$ConditionObject::signalAll (34 bytes)
Event: 2.524 Thread 0x000001d8612df3a0 nmethod 2365 0x000001d80dfdc290 code [0x000001d80dfdc460, 0x000001d80dfdc7b0]
Event: 2.527 Thread 0x000001d8612df3a0 2366       3       java.util.ArrayList::fastRemove (44 bytes)
Event: 2.527 Thread 0x000001d8612df3a0 nmethod 2366 0x000001d80dfdc910 code [0x000001d80dfdcae0, 0x000001d80dfdce90]
Event: 2.528 Thread 0x000001d8612df3a0 2367       3       java.util.AbstractList::listIterator (6 bytes)
Event: 2.529 Thread 0x000001d8612df3a0 nmethod 2367 0x000001d80dfdd010 code [0x000001d80dfdd1c0, 0x000001d80dfdd398]
Event: 2.553 Thread 0x000001d8612df3a0 2368       3       java.lang.String::toLowerCase (8 bytes)

GC Heap History (6 events):
Event: 1.032 GC heap before
{Heap before GC invocations=1 (full 0):
 PSYoungGen      total 29696K, used 25600K [0x00000000eab00000, 0x00000000ecc00000, 0x0000000100000000)
  eden space 25600K, 100% used [0x00000000eab00000,0x00000000ec400000,0x00000000ec400000)
  from space 4096K, 0% used [0x00000000ec800000,0x00000000ec800000,0x00000000ecc00000)
  to   space 4096K, 0% used [0x00000000ec400000,0x00000000ec400000,0x00000000ec800000)
 ParOldGen       total 68608K, used 0K [0x00000000c0000000, 0x00000000c4300000, 0x00000000eab00000)
  object space 68608K, 0% used [0x00000000c0000000,0x00000000c0000000,0x00000000c4300000)
 Metaspace       used 4371K, committed 4608K, reserved 1114112K
  class space    used 437K, committed 512K, reserved 1048576K
}
Event: 1.039 GC heap after
{Heap after GC invocations=1 (full 0):
 PSYoungGen      total 29696K, used 3173K [0x00000000eab00000, 0x00000000ecc00000, 0x0000000100000000)
  eden space 25600K, 0% used [0x00000000eab00000,0x00000000eab00000,0x00000000ec400000)
  from space 4096K, 77% used [0x00000000ec400000,0x00000000ec7197f0,0x00000000ec800000)
  to   space 4096K, 0% used [0x00000000ec800000,0x00000000ec800000,0x00000000ecc00000)
 ParOldGen       total 68608K, used 16K [0x00000000c0000000, 0x00000000c4300000, 0x00000000eab00000)
  object space 68608K, 0% used [0x00000000c0000000,0x00000000c0004000,0x00000000c4300000)
 Metaspace       used 4371K, committed 4608K, reserved 1114112K
  class space    used 437K, committed 512K, reserved 1048576K
}
Event: 1.758 GC heap before
{Heap before GC invocations=2 (full 0):
 PSYoungGen      total 29696K, used 28773K [0x00000000eab00000, 0x00000000ecc00000, 0x0000000100000000)
  eden space 25600K, 100% used [0x00000000eab00000,0x00000000ec400000,0x00000000ec400000)
  from space 4096K, 77% used [0x00000000ec400000,0x00000000ec7197f0,0x00000000ec800000)
  to   space 4096K, 0% used [0x00000000ec800000,0x00000000ec800000,0x00000000ecc00000)
 ParOldGen       total 68608K, used 16K [0x00000000c0000000, 0x00000000c4300000, 0x00000000eab00000)
  object space 68608K, 0% used [0x00000000c0000000,0x00000000c0004000,0x00000000c4300000)
 Metaspace       used 7953K, committed 8192K, reserved 1114112K
  class space    used 777K, committed 896K, reserved 1048576K
}
Event: 1.765 GC heap after
{Heap after GC invocations=2 (full 0):
 PSYoungGen      total 29696K, used 4084K [0x00000000eab00000, 0x00000000ecc00000, 0x0000000100000000)
  eden space 25600K, 0% used [0x00000000eab00000,0x00000000eab00000,0x00000000ec400000)
  from space 4096K, 99% used [0x00000000ec800000,0x00000000ecbfd168,0x00000000ecc00000)
  to   space 4096K, 0% used [0x00000000ec400000,0x00000000ec400000,0x00000000ec800000)
 ParOldGen       total 68608K, used 1725K [0x00000000c0000000, 0x00000000c4300000, 0x00000000eab00000)
  object space 68608K, 2% used [0x00000000c0000000,0x00000000c01af6a8,0x00000000c4300000)
 Metaspace       used 7953K, committed 8192K, reserved 1114112K
  class space    used 777K, committed 896K, reserved 1048576K
}
Event: 2.409 GC heap before
{Heap before GC invocations=3 (full 0):
 PSYoungGen      total 29696K, used 29684K [0x00000000eab00000, 0x00000000ecc00000, 0x0000000100000000)
  eden space 25600K, 100% used [0x00000000eab00000,0x00000000ec400000,0x00000000ec400000)
  from space 4096K, 99% used [0x00000000ec800000,0x00000000ecbfd168,0x00000000ecc00000)
  to   space 4096K, 0% used [0x00000000ec400000,0x00000000ec400000,0x00000000ec800000)
 ParOldGen       total 68608K, used 1725K [0x00000000c0000000, 0x00000000c4300000, 0x00000000eab00000)
  object space 68608K, 2% used [0x00000000c0000000,0x00000000c01af6a8,0x00000000c4300000)
 Metaspace       used 9207K, committed 9536K, reserved 1114112K
  class space    used 913K, committed 1088K, reserved 1048576K
}
Event: 2.416 GC heap after
{Heap after GC invocations=3 (full 0):
 PSYoungGen      total 29696K, used 4075K [0x00000000eab00000, 0x00000000ecc00000, 0x0000000100000000)
  eden space 25600K, 0% used [0x00000000eab00000,0x00000000eab00000,0x00000000ec400000)
  from space 4096K, 99% used [0x00000000ec400000,0x00000000ec7faed8,0x00000000ec800000)
  to   space 4096K, 0% used [0x00000000ec800000,0x00000000ec800000,0x00000000ecc00000)
 ParOldGen       total 68608K, used 5772K [0x00000000c0000000, 0x00000000c4300000, 0x00000000eab00000)
  object space 68608K, 8% used [0x00000000c0000000,0x00000000c05a3318,0x00000000c4300000)
 Metaspace       used 9207K, committed 9536K, reserved 1114112K
  class space    used 913K, committed 1088K, reserved 1048576K
}

Dll operation events (9 events):
Event: 0.017 Loaded shared library c:\Users\Jake\.vscode\extensions\redhat.java-1.41.0-win32-x64\jre\21.0.6-win32-x86_64\bin\java.dll
Event: 0.153 Loaded shared library c:\Users\Jake\.vscode\extensions\redhat.java-1.41.0-win32-x64\jre\21.0.6-win32-x86_64\bin\zip.dll
Event: 0.184 Loaded shared library C:\Users\Jake\.vscode\extensions\redhat.java-1.41.0-win32-x64\jre\21.0.6-win32-x86_64\bin\instrument.dll
Event: 0.196 Loaded shared library C:\Users\Jake\.vscode\extensions\redhat.java-1.41.0-win32-x64\jre\21.0.6-win32-x86_64\bin\net.dll
Event: 0.199 Loaded shared library C:\Users\Jake\.vscode\extensions\redhat.java-1.41.0-win32-x64\jre\21.0.6-win32-x86_64\bin\nio.dll
Event: 0.207 Loaded shared library C:\Users\Jake\.vscode\extensions\redhat.java-1.41.0-win32-x64\jre\21.0.6-win32-x86_64\bin\zip.dll
Event: 0.236 Loaded shared library C:\Users\Jake\.vscode\extensions\redhat.java-1.41.0-win32-x64\jre\21.0.6-win32-x86_64\bin\jimage.dll
Event: 0.316 Loaded shared library c:\Users\Jake\.vscode\extensions\redhat.java-1.41.0-win32-x64\jre\21.0.6-win32-x86_64\bin\verify.dll
Event: 1.741 Loaded shared library C:\Users\Jake\AppData\Roaming\Code\User\globalStorage\redhat.java\1.41.0\config_win\org.eclipse.equinox.launcher\org.eclipse.equinox.launcher.win32.win32.x86_64_1.2.1300.v20250325-0811\eclipse_11911.dll

Deoptimization events (20 events):
Event: 2.247 Thread 0x000001d80aa1bc60 DEOPT PACKING pc=0x000001d81571138c sp=0x00000040b95fdd20
Event: 2.247 Thread 0x000001d80aa1bc60 DEOPT UNPACKING pc=0x000001d815003aa2 sp=0x00000040b95fdcb0 mode 2
Event: 2.291 Thread 0x000001d80aa1bc60 Uncommon trap: trap_request=0xffffff45 fr.pc=0x000001d815717d20 relative=0x0000000000000100
Event: 2.291 Thread 0x000001d80aa1bc60 Uncommon trap: reason=unstable_if action=reinterpret pc=0x000001d815717d20 method=java.lang.StringCoding.countPositives([BII)I @ 17 c2
Event: 2.291 Thread 0x000001d80aa1bc60 DEOPT PACKING pc=0x000001d815717d20 sp=0x00000040b95fd0e0
Event: 2.291 Thread 0x000001d80aa1bc60 DEOPT UNPACKING pc=0x000001d815003aa2 sp=0x00000040b95fd068 mode 2
Event: 2.293 Thread 0x000001d80aa1bc60 DEOPT PACKING pc=0x000001d80df86449 sp=0x00000040b95fd160
Event: 2.293 Thread 0x000001d80aa1bc60 DEOPT UNPACKING pc=0x000001d815004242 sp=0x00000040b95fc5d0 mode 0
Event: 2.295 Thread 0x000001d80aa1bc60 DEOPT PACKING pc=0x000001d80df86449 sp=0x00000040b95fd0f0
Event: 2.295 Thread 0x000001d80aa1bc60 DEOPT UNPACKING pc=0x000001d815004242 sp=0x00000040b95fc560 mode 0
Event: 2.311 Thread 0x000001d80aa1bc60 DEOPT PACKING pc=0x000001d80df86449 sp=0x00000040b95fd160
Event: 2.311 Thread 0x000001d80aa1bc60 DEOPT UNPACKING pc=0x000001d815004242 sp=0x00000040b95fc5d0 mode 0
Event: 2.326 Thread 0x000001d80aa1bc60 DEOPT PACKING pc=0x000001d80df86449 sp=0x00000040b95fd0f0
Event: 2.326 Thread 0x000001d80aa1bc60 DEOPT UNPACKING pc=0x000001d815004242 sp=0x00000040b95fc560 mode 0
Event: 2.375 Thread 0x000001d80aa1bc60 Uncommon trap: trap_request=0xffffff45 fr.pc=0x000001d8157a584c relative=0x000000000000018c
Event: 2.375 Thread 0x000001d80aa1bc60 Uncommon trap: reason=unstable_if action=reinterpret pc=0x000001d8157a584c method=java.lang.String.startsWith(Ljava/lang/String;I)Z @ 50 c2
Event: 2.375 Thread 0x000001d80aa1bc60 DEOPT PACKING pc=0x000001d8157a584c sp=0x00000040b95fe1c0
Event: 2.375 Thread 0x000001d80aa1bc60 DEOPT UNPACKING pc=0x000001d815003aa2 sp=0x00000040b95fe0f0 mode 2
Event: 2.380 Thread 0x000001d80aa1bc60 DEOPT PACKING pc=0x000001d80df86449 sp=0x00000040b95fd5b0
Event: 2.380 Thread 0x000001d80aa1bc60 DEOPT UNPACKING pc=0x000001d815004242 sp=0x00000040b95fca38 mode 0

Classes loaded (20 events):
Event: 1.907 Loading class sun/util/logging/resources/logging_en
Event: 1.907 Loading class sun/util/logging/resources/logging_en done
Event: 1.907 Loading class sun/util/logging/resources/logging_en
Event: 1.907 Loading class sun/util/logging/resources/logging_en done
Event: 1.908 Loading class sun/util/logging/resources/logging_en_US
Event: 1.908 Loading class sun/util/logging/resources/logging_en_US done
Event: 1.908 Loading class sun/util/logging/resources/logging_en_US
Event: 1.908 Loading class sun/util/logging/resources/logging_en_US done
Event: 1.911 Loading class java/util/Formatter$DateTime
Event: 1.911 Loading class java/util/Formatter$DateTime done
Event: 1.911 Loading class java/util/Formatter$FixedString
Event: 1.911 Loading class java/util/Formatter$FixedString done
Event: 1.912 Loading class java/time/ZonedDateTime$1
Event: 1.912 Loading class java/time/ZonedDateTime$1 done
Event: 1.918 Loading class jdk/internal/module/ModulePatcher$PatchedModuleReader
Event: 1.919 Loading class jdk/internal/module/ModulePatcher$PatchedModuleReader done
Event: 1.928 Loading class sun/text/resources/cldr/FormatData_en
Event: 1.929 Loading class sun/text/resources/cldr/FormatData_en done
Event: 1.929 Loading class sun/text/resources/cldr/FormatData_en_US
Event: 1.929 Loading class sun/text/resources/cldr/FormatData_en_US done

Classes unloaded (0 events):
No events

Classes redefined (0 events):
No events

Internal exceptions (20 events):
Event: 1.021 Thread 0x000001d80a96f8a0 Exception <a 'java/lang/NoSuchMethodError'{0x00000000ec3ae1c0}: 'void java.lang.invoke.DirectMethodHandle$Holder.invokeStatic(java.lang.Object, java.lang.Object, java.lang.Object, java.lang.Object)'> (0x00000000ec3ae1c0) 
thrown [s\src\hotspot\share\interpreter\linkResolver.cpp, line 773]
Event: 1.022 Thread 0x000001d80a96f8a0 Implicit null exception at 0x000001d81574ee9a to 0x000001d81574f0a8
Event: 1.022 Thread 0x000001d80a96f8a0 Implicit null exception at 0x000001d8157480bd to 0x000001d815748141
Event: 1.092 Thread 0x000001d80a96f8a0 Exception <a 'java/lang/NoSuchMethodError'{0x00000000eacefa68}: 'long java.lang.invoke.DirectMethodHandle$Holder.invokeStatic(java.lang.Object, java.lang.Object, int)'> (0x00000000eacefa68) 
thrown [s\src\hotspot\share\interpreter\linkResolver.cpp, line 773]
Event: 1.094 Thread 0x000001d80a96f8a0 Exception <a 'java/lang/NoSuchMethodError'{0x00000000eacf75d0}: 'java.lang.Object java.lang.invoke.DirectMethodHandle$Holder.invokeSpecial(java.lang.Object, java.lang.Object, java.lang.Object, java.lang.Object, long)'> (0x00000000eacf75d0) 
thrown [s\src\hotspot\share\interpreter\linkResolver.cpp, line 773]
Event: 1.097 Thread 0x000001d80a96f8a0 Exception <a 'java/lang/NoSuchMethodError'{0x00000000ead04fc8}: 'java.lang.Object java.lang.invoke.DirectMethodHandle$Holder.invokeSpecial(java.lang.Object, java.lang.Object, java.lang.Object, int, java.lang.Object)'> (0x00000000ead04fc8) 
thrown [s\src\hotspot\share\interpreter\linkResolver.cpp, line 773]
Event: 1.103 Thread 0x000001d80a96f8a0 Exception <a 'java/lang/NoSuchMethodError'{0x00000000ead1ec20}: 'java.lang.Object java.lang.invoke.Invokers$Holder.invokeExact_MT(java.lang.Object, java.lang.Object, java.lang.Object, java.lang.Object, java.lang.Object, java.lang.Object)'> (0x00000000ead1ec20) 
thrown [s\src\hotspot\share\interpreter\linkResolver.cpp, line 773]
Event: 1.108 Thread 0x000001d80a96f8a0 Exception <a 'java/lang/NoSuchMethodError'{0x00000000ead384d0}: 'int java.lang.invoke.DirectMethodHandle$Holder.invokeStaticInit(java.lang.Object, java.lang.Object, java.lang.Object, java.lang.Object)'> (0x00000000ead384d0) 
thrown [s\src\hotspot\share\interpreter\linkResolver.cpp, line 773]
Event: 1.112 Thread 0x000001d80a96f8a0 Exception <a 'java/lang/NoSuchMethodError'{0x00000000ead40f20}: 'java.lang.Object java.lang.invoke.DirectMethodHandle$Holder.invokeInterface(java.lang.Object, java.lang.Object)'> (0x00000000ead40f20) 
thrown [s\src\hotspot\share\interpreter\linkResolver.cpp, line 773]
Event: 1.112 Thread 0x000001d80a96f8a0 Exception <a 'java/lang/IncompatibleClassChangeError'{0x00000000ead44458}: Found class java.lang.Object, but interface was expected> (0x00000000ead44458) 
thrown [s\src\hotspot\share\interpreter\linkResolver.cpp, line 840]
Event: 1.113 Thread 0x000001d80a96f8a0 Exception <a 'java/lang/NoSuchMethodError'{0x00000000ead48610}: 'void java.lang.invoke.DirectMethodHandle$Holder.invokeStatic(java.lang.Object, java.lang.Object)'> (0x00000000ead48610) 
thrown [s\src\hotspot\share\interpreter\linkResolver.cpp, line 773]
Event: 1.114 Thread 0x000001d80a96f8a0 Exception <a 'java/lang/NoSuchMethodError'{0x00000000ead4b9b8}: 'void java.lang.invoke.DirectMethodHandle$Holder.invokeStaticInit(java.lang.Object, java.lang.Object)'> (0x00000000ead4b9b8) 
thrown [s\src\hotspot\share\interpreter\linkResolver.cpp, line 773]
Event: 1.115 Thread 0x000001d80a96f8a0 Exception <a 'java/lang/NoSuchMethodError'{0x00000000ead52a18}: 'int java.lang.invoke.DirectMethodHandle$Holder.invokeStaticInit(java.lang.Object, java.lang.Object)'> (0x00000000ead52a18) 
thrown [s\src\hotspot\share\interpreter\linkResolver.cpp, line 773]
Event: 1.191 Thread 0x000001d80a96f8a0 Exception <a 'java/lang/NoSuchMethodError'{0x00000000eaeb5cc0}: 'void java.lang.invoke.DirectMethodHandle$Holder.invokeSpecial(java.lang.Object, java.lang.Object, java.lang.Object)'> (0x00000000eaeb5cc0) 
thrown [s\src\hotspot\share\interpreter\linkResolver.cpp, line 773]
Event: 1.458 Thread 0x000001d80a96f8a0 Exception <a 'java/lang/NoSuchMethodError'{0x00000000eb8c4ca8}: 'int java.lang.invoke.DirectMethodHandle$Holder.invokeVirtual(java.lang.Object, java.lang.Object)'> (0x00000000eb8c4ca8) 
thrown [s\src\hotspot\share\interpreter\linkResolver.cpp, line 773]
Event: 1.542 Thread 0x000001d80a96f8a0 Exception <a 'java/lang/NoSuchMethodError'{0x00000000ebc2c940}: 'java.lang.Object java.lang.invoke.DirectMethodHandle$Holder.newInvokeSpecial(java.lang.Object, int, java.lang.Object)'> (0x00000000ebc2c940) 
thrown [s\src\hotspot\share\interpreter\linkResolver.cpp, line 773]
Event: 1.568 Thread 0x000001d80a96f8a0 Exception <a 'java/lang/NoSuchMethodError'{0x00000000ebdda818}: 'java.lang.Object java.lang.invoke.DirectMethodHandle$Holder.newInvokeSpecial(java.lang.Object, java.lang.Object, java.lang.Object, java.lang.Object, int, java.lang.Object)'> (0x00000000ebdda818) 
thrown [s\src\hotspot\share\interpreter\linkResolver.cpp, line 773]
Event: 1.732 Thread 0x000001d80a96f8a0 Exception <a 'java/lang/UnsatisfiedLinkError'{0x00000000ec28f258}: 'void org.eclipse.equinox.launcher.JNIBridge._update_splash()'> (0x00000000ec28f258) 
thrown [s\src\hotspot\share\prims\nativeLookup.cpp, line 415]
Event: 1.862 Thread 0x000001d80aa1bc60 Exception <a 'java/lang/NoSuchMethodError'{0x00000000eaff3128}: 'java.lang.Object java.lang.invoke.DirectMethodHandle$Holder.newInvokeSpecial(java.lang.Object, java.lang.Object, int, java.lang.Object)'> (0x00000000eaff3128) 
thrown [s\src\hotspot\share\interpreter\linkResolver.cpp, line 773]
Event: 1.905 Thread 0x000001d80aa1bc60 Exception <a 'java/lang/ClassNotFoundException'{0x00000000eb20e738}: sun/util/logging/resources/spi/loggingProvider> (0x00000000eb20e738) 
thrown [s\src\hotspot\share\classfile\systemDictionary.cpp, line 312]

ZGC Phase Switch (0 events):
No events

VM Operations (20 events):
Event: 1.521 Executing VM operation: HandshakeAllThreads (Deoptimize)
Event: 1.521 Executing VM operation: HandshakeAllThreads (Deoptimize) done
Event: 1.531 Executing VM operation: HandshakeAllThreads (Deoptimize)
Event: 1.531 Executing VM operation: HandshakeAllThreads (Deoptimize) done
Event: 1.564 Executing VM operation: HandshakeAllThreads (Deoptimize)
Event: 1.564 Executing VM operation: HandshakeAllThreads (Deoptimize) done
Event: 1.758 Executing VM operation: ParallelGCFailedAllocation (Allocation Failure)
Event: 1.765 Executing VM operation: ParallelGCFailedAllocation (Allocation Failure) done
Event: 1.833 Executing VM operation: HandshakeAllThreads (Deoptimize)
Event: 1.834 Executing VM operation: HandshakeAllThreads (Deoptimize) done
Event: 1.889 Executing VM operation: HandshakeAllThreads (Deoptimize)
Event: 1.889 Executing VM operation: HandshakeAllThreads (Deoptimize) done
Event: 1.920 Executing VM operation: HandshakeAllThreads (Deoptimize)
Event: 1.920 Executing VM operation: HandshakeAllThreads (Deoptimize) done
Event: 1.933 Executing VM operation: HandshakeAllThreads (Deoptimize)
Event: 1.933 Executing VM operation: HandshakeAllThreads (Deoptimize) done
Event: 1.949 Executing VM operation: HandshakeAllThreads (Deoptimize)
Event: 1.949 Executing VM operation: HandshakeAllThreads (Deoptimize) done
Event: 2.408 Executing VM operation: ParallelGCFailedAllocation (Allocation Failure)
Event: 2.416 Executing VM operation: ParallelGCFailedAllocation (Allocation Failure) done

Memory protections (0 events):
No events

Nmethod flushes (0 events):
No events

Events (16 events):
Event: 0.050 Thread 0x000001d80a96f8a0 Thread added: 0x000001d80a96f8a0
Event: 0.086 Thread 0x000001d80a96f8a0 Thread added: 0x000001d80aa16390
Event: 0.086 Thread 0x000001d80a96f8a0 Thread added: 0x000001d81ed5e330
Event: 0.087 Thread 0x000001d80a96f8a0 Thread added: 0x000001d80aa189b0
Event: 0.087 Thread 0x000001d80a96f8a0 Thread added: 0x000001d80aa1a220
Event: 0.087 Thread 0x000001d80a96f8a0 Thread added: 0x000001d80aa19b90
Event: 0.087 Thread 0x000001d80a96f8a0 Thread added: 0x000001d80aa1c2f0
Event: 0.087 Thread 0x000001d80a96f8a0 Thread added: 0x000001d80aa23c80
Event: 0.087 Thread 0x000001d80a96f8a0 Thread added: 0x000001d8612df3a0
Event: 0.131 Thread 0x000001d80a96f8a0 Thread added: 0x000001d80aa1d010
Event: 0.464 Thread 0x000001d80a96f8a0 Thread added: 0x000001d80aa1c980
Event: 1.510 Thread 0x000001d80a96f8a0 Thread added: 0x000001d80aa1a8b0
Event: 1.729 Thread 0x000001d80a96f8a0 Thread added: 0x000001d80aa1af40
Event: 1.774 Thread 0x000001d80aa1af40 Thread added: 0x000001d80aa1b5d0
Event: 1.779 Thread 0x000001d80a96f8a0 Thread added: 0x000001d80aa1bc60
Event: 2.237 Thread 0x000001d80aa1bc60 Thread added: 0x000001d8683d17f0


Dynamic libraries:
0x00007ff6b9cc0000 - 0x00007ff6b9cce000 	c:\Users\Jake\.vscode\extensions\redhat.java-1.41.0-win32-x64\jre\21.0.6-win32-x86_64\bin\java.exe
0x00007ffd95010000 - 0x00007ffd95227000 	C:\Windows\SYSTEM32\ntdll.dll
0x00007ffd93e70000 - 0x00007ffd93f34000 	C:\Windows\System32\KERNEL32.DLL
0x00007ffd922c0000 - 0x00007ffd92691000 	C:\Windows\System32\KERNELBASE.dll
0x00007ffd92a20000 - 0x00007ffd92b31000 	C:\Windows\System32\ucrtbase.dll
0x00007ffd71140000 - 0x00007ffd71158000 	c:\Users\Jake\.vscode\extensions\redhat.java-1.41.0-win32-x64\jre\21.0.6-win32-x86_64\bin\jli.dll
0x00007ffd73270000 - 0x00007ffd7328e000 	c:\Users\Jake\.vscode\extensions\redhat.java-1.41.0-win32-x64\jre\21.0.6-win32-x86_64\bin\VCRUNTIME140.dll
0x00007ffd93a10000 - 0x00007ffd93bc1000 	C:\Windows\System32\USER32.dll
0x00007ffd92cb0000 - 0x00007ffd92cd6000 	C:\Windows\System32\win32u.dll
0x00007ffd93fc0000 - 0x00007ffd93fe9000 	C:\Windows\System32\GDI32.dll
0x00007ffd92720000 - 0x00007ffd9283b000 	C:\Windows\System32\gdi32full.dll
0x00007ffd92900000 - 0x00007ffd9299a000 	C:\Windows\System32\msvcp_win.dll
0x00007ffd79960000 - 0x00007ffd79bf2000 	C:\Windows\WinSxS\amd64_microsoft.windows.common-controls_6595b64144ccf1df_6.0.22621.4830_none_270fe7d773858e80\COMCTL32.dll
0x00007ffd94e10000 - 0x00007ffd94eb7000 	C:\Windows\System32\msvcrt.dll
0x00007ffd94dd0000 - 0x00007ffd94e01000 	C:\Windows\System32\IMM32.DLL
0x00007ffd7f7b0000 - 0x00007ffd7f7bc000 	c:\Users\Jake\.vscode\extensions\redhat.java-1.41.0-win32-x64\jre\21.0.6-win32-x86_64\bin\vcruntime140_1.dll
0x00007ffcfd950000 - 0x00007ffcfd9dd000 	c:\Users\Jake\.vscode\extensions\redhat.java-1.41.0-win32-x64\jre\21.0.6-win32-x86_64\bin\msvcp140.dll
0x00007ffcc0520000 - 0x00007ffcc12b0000 	c:\Users\Jake\.vscode\extensions\redhat.java-1.41.0-win32-x64\jre\21.0.6-win32-x86_64\bin\server\jvm.dll
0x00007ffd93210000 - 0x00007ffd932c1000 	C:\Windows\System32\ADVAPI32.dll
0x00007ffd93950000 - 0x00007ffd939f7000 	C:\Windows\System32\sechost.dll
0x00007ffd92b40000 - 0x00007ffd92b68000 	C:\Windows\System32\bcrypt.dll
0x00007ffd93d30000 - 0x00007ffd93e44000 	C:\Windows\System32\RPCRT4.dll
0x00007ffd94ce0000 - 0x00007ffd94d51000 	C:\Windows\System32\WS2_32.dll
0x00007ffd92020000 - 0x00007ffd9206d000 	C:\Windows\SYSTEM32\POWRPROF.dll
0x00007ffd8a5b0000 - 0x00007ffd8a5e4000 	C:\Windows\SYSTEM32\WINMM.dll
0x00007ffd80740000 - 0x00007ffd8074a000 	C:\Windows\SYSTEM32\VERSION.dll
0x00007ffd92000000 - 0x00007ffd92013000 	C:\Windows\SYSTEM32\UMPDC.dll
0x00007ffd910c0000 - 0x00007ffd910d8000 	C:\Windows\SYSTEM32\kernel.appcore.dll
0x00007ffd7e7a0000 - 0x00007ffd7e7aa000 	c:\Users\Jake\.vscode\extensions\redhat.java-1.41.0-win32-x64\jre\21.0.6-win32-x86_64\bin\jimage.dll
0x00007ffd8fac0000 - 0x00007ffd8fcf2000 	C:\Windows\SYSTEM32\DBGHELP.DLL
0x00007ffd935b0000 - 0x00007ffd93940000 	C:\Windows\System32\combase.dll
0x00007ffd93c40000 - 0x00007ffd93d17000 	C:\Windows\System32\OLEAUT32.dll
0x00007ffd5e4d0000 - 0x00007ffd5e502000 	C:\Windows\SYSTEM32\dbgcore.DLL
0x00007ffd926a0000 - 0x00007ffd9271b000 	C:\Windows\System32\bcryptPrimitives.dll
0x00007ffd73220000 - 0x00007ffd7322f000 	c:\Users\Jake\.vscode\extensions\redhat.java-1.41.0-win32-x64\jre\21.0.6-win32-x86_64\bin\instrument.dll
0x00007ffd6e880000 - 0x00007ffd6e89f000 	c:\Users\Jake\.vscode\extensions\redhat.java-1.41.0-win32-x64\jre\21.0.6-win32-x86_64\bin\java.dll
0x00007ffd93ff0000 - 0x00007ffd94878000 	C:\Windows\System32\SHELL32.dll
0x00007ffd92b70000 - 0x00007ffd92caf000 	C:\Windows\System32\wintypes.dll
0x00007ffd90060000 - 0x00007ffd9096d000 	C:\Windows\SYSTEM32\windows.storage.dll
0x00007ffd93430000 - 0x00007ffd9353a000 	C:\Windows\System32\SHCORE.dll
0x00007ffd93540000 - 0x00007ffd9359e000 	C:\Windows\System32\shlwapi.dll
0x00007ffd92080000 - 0x00007ffd920ab000 	C:\Windows\SYSTEM32\profapi.dll
0x00007ffd6e810000 - 0x00007ffd6e828000 	c:\Users\Jake\.vscode\extensions\redhat.java-1.41.0-win32-x64\jre\21.0.6-win32-x86_64\bin\zip.dll
0x00007ffd731d0000 - 0x00007ffd731e0000 	C:\Users\Jake\.vscode\extensions\redhat.java-1.41.0-win32-x64\jre\21.0.6-win32-x86_64\bin\net.dll
0x00007ffd8de70000 - 0x00007ffd8df9c000 	C:\Windows\SYSTEM32\WINHTTP.dll
0x00007ffd915c0000 - 0x00007ffd9162a000 	C:\Windows\system32\mswsock.dll
0x00007ffd6e150000 - 0x00007ffd6e166000 	C:\Users\Jake\.vscode\extensions\redhat.java-1.41.0-win32-x64\jre\21.0.6-win32-x86_64\bin\nio.dll
0x00007ffd72240000 - 0x00007ffd72250000 	c:\Users\Jake\.vscode\extensions\redhat.java-1.41.0-win32-x64\jre\21.0.6-win32-x86_64\bin\verify.dll
0x00007ffcfc670000 - 0x00007ffcfc6b5000 	C:\Users\Jake\AppData\Roaming\Code\User\globalStorage\redhat.java\1.41.0\config_win\org.eclipse.equinox.launcher\org.eclipse.equinox.launcher.win32.win32.x86_64_1.2.1300.v20250325-0811\eclipse_11911.dll
0x00007ffd94ad0000 - 0x00007ffd94c71000 	C:\Windows\System32\ole32.dll

dbghelp: loaded successfully - version: 4.0.5 - missing functions: none
symbol engine: initialized successfully - sym options: 0x614 - pdb path: .;c:\Users\Jake\.vscode\extensions\redhat.java-1.41.0-win32-x64\jre\21.0.6-win32-x86_64\bin;C:\Windows\SYSTEM32;C:\Windows\WinSxS\amd64_microsoft.windows.common-controls_6595b64144ccf1df_6.0.22621.4830_none_270fe7d773858e80;c:\Users\Jake\.vscode\extensions\redhat.java-1.41.0-win32-x64\jre\21.0.6-win32-x86_64\bin\server;C:\Users\Jake\AppData\Roaming\Code\User\globalStorage\redhat.java\1.41.0\config_win\org.eclipse.equinox.launcher\org.eclipse.equinox.launcher.win32.win32.x86_64_1.2.1300.v20250325-0811

VM Arguments:
jvm_args: --add-modules=ALL-SYSTEM --add-opens=java.base/java.util=ALL-UNNAMED --add-opens=java.base/java.lang=ALL-UNNAMED --add-opens=java.base/sun.nio.fs=ALL-UNNAMED -Declipse.application=org.eclipse.jdt.ls.core.id1 -Dosgi.bundles.defaultStartLevel=4 -Declipse.product=org.eclipse.jdt.ls.core.product -Djava.import.generatesMetadataFilesAtProjectRoot=false -DDetectVMInstallationsJob.disabled=true -Dfile.encoding=utf8 -XX:+UseParallelGC -XX:GCTimeRatio=4 -XX:AdaptiveSizePolicyWeight=90 -Dsun.zip.disableMemoryMapping=true -Xmx1G -Xms100m -Xlog:disable -javaagent:c:\Users\Jake\.vscode\extensions\redhat.java-1.41.0-win32-x64\lombok\lombok-1.18.36.jar -XX:+HeapDumpOnOutOfMemoryError -XX:HeapDumpPath=c:\Users\Jake\AppData\Roaming\Code\User\workspaceStorage\71bb65a16bd26df912516edcf6356e2f\redhat.java -Daether.dependencyCollector.impl=bf 
java_command: c:\Users\Jake\.vscode\extensions\redhat.java-1.41.0-win32-x64\server\plugins\org.eclipse.equinox.launcher_1.6.1100.v20250306-0509.jar -configuration c:\Users\Jake\AppData\Roaming\Code\User\globalStorage\redhat.java\1.41.0\config_win -data c:\Users\Jake\AppData\Roaming\Code\User\workspaceStorage\71bb65a16bd26df912516edcf6356e2f\redhat.java\jdt_ws --pipe=\\.\pipe\lsp-fc7c4ca7d56e541d9435b152597f129e-sock
java_class_path (initial): c:\Users\Jake\.vscode\extensions\redhat.java-1.41.0-win32-x64\server\plugins\org.eclipse.equinox.launcher_1.6.1100.v20250306-0509.jar
Launcher Type: SUN_STANDARD

[Global flags]
    uintx AdaptiveSizePolicyWeight                 = 90                                        {product} {command line}
     intx CICompilerCount                          = 12                                        {product} {ergonomic}
    uintx GCTimeRatio                              = 4                                         {product} {command line}
     bool HeapDumpOnOutOfMemoryError               = true                                   {manageable} {command line}
    ccstr HeapDumpPath                             = c:\Users\Jake\AppData\Roaming\Code\User\workspaceStorage\71bb65a16bd26df912516edcf6356e2f\redhat.java         {manageable} {command line}
   size_t InitialHeapSize                          = 104857600                                 {product} {command line}
   size_t MaxHeapSize                              = 1073741824                                {product} {command line}
   size_t MaxNewSize                               = 357564416                                 {product} {ergonomic}
   size_t MinHeapDeltaBytes                        = 524288                                    {product} {ergonomic}
   size_t MinHeapSize                              = 104857600                                 {product} {command line}
   size_t NewSize                                  = 34603008                                  {product} {ergonomic}
    uintx NonNMethodCodeHeapSize                   = 7602480                                {pd product} {ergonomic}
    uintx NonProfiledCodeHeapSize                  = 122027880                              {pd product} {ergonomic}
   size_t OldSize                                  = 70254592                                  {product} {ergonomic}
    uintx ProfiledCodeHeapSize                     = 122027880                              {pd product} {ergonomic}
    uintx ReservedCodeCacheSize                    = 251658240                              {pd product} {ergonomic}
     bool SegmentedCodeCache                       = true                                      {product} {ergonomic}
   size_t SoftMaxHeapSize                          = 1073741824                             {manageable} {ergonomic}
     bool UseCompressedOops                        = true                           {product lp64_product} {ergonomic}
     bool UseLargePagesIndividualAllocation        = false                                  {pd product} {ergonomic}
     bool UseParallelGC                            = true                                      {product} {command line}

Logging:
Log output configuration:
 #0: stdout all=off uptime,level,tags foldmultilines=false
 #1: stderr all=off uptime,level,tags foldmultilines=false

Environment Variables:
JAVA_HOME=C:\Program Files\Java\jdk-23
PATH=C:\Program Files\Common Files\Oracle\Java\javapath;C:\Windows\system32;C:\Windows;C:\Windows\System32\Wbem;C:\Windows\System32\WindowsPowerShell\v1.0\;C:\Windows\System32\OpenSSH\;C:\Program Files\dotnet\;C:\ProgramData\chocolatey\bin;C:\Program Files\Git\cmd;C:\Program Files\Docker\Docker\resources\bin;C:\Program Files (x86)\Yarn\bin\;C:\Program Files\WireGuard\;C:\Users\Jake\AppData\Local\nvm;C:\nvm4w\nodejs;C:\Program Files\Java\jdk-23\bin;C:\Program Files\PostgreSQL\17\bin;C:\Users\Jake\AppData\Local\Programs\Python\Launcher\;C:\Users\Jake\AppData\Local\Microsoft\WindowsApps;C:\Users\Jake\AppData\Local\Programs\Microsoft VS Code\bin;C:\Users\Jake\AppData\Local\GitHubDesktop\bin;C:\Users\Jake\AppData\Roaming\npm;C:\Users\Jake\AppData\Local\Yarn\bin;C:\Users\Jake\AppData\Local\nvm;C:\nvm4w\nodejs;C:\Program Files\JetBrains\IntelliJ IDEA 2024.3.1\bin;;C:\Users\Jake\Downloads\apache-maven-3.9.9-bin\apache-maven-3.9.9\bin;C:\Program Files (x86)\Heroku\bin;C:\wamp64\bin\mysql\mysql8.0.31\bin;
USERNAME=Jake
OS=Windows_NT
PROCESSOR_IDENTIFIER=Intel64 Family 6 Model 191 Stepping 2, GenuineIntel
TMP=C:\Users\Jake\AppData\Local\Temp
TEMP=C:\Users\Jake\AppData\Local\Temp




Periodic native trim disabled

---------------  S Y S T E M  ---------------

OS:
 Windows 11 , 64 bit Build 22621 (10.0.22621.4974)
OS uptime: 0 days 7:41 hours
Hyper-V role detected

CPU: total 20 (initial active 20) (10 cores per cpu, 2 threads per core) family 6 model 191 stepping 2 microcode 0x36, cx8, cmov, fxsr, ht, mmx, 3dnowpref, sse, sse2, sse3, ssse3, sse4.1, sse4.2, popcnt, lzcnt, tsc, tscinvbit, avx, avx2, aes, erms, clmul, bmi1, bmi2, adx, sha, fma, vzeroupper, clflush, clflushopt, clwb, hv, serialize, rdtscp, rdpid, fsrm, f16c, cet_ibt, cet_ss
Processor Information for processor 0
  Max Mhz: 1600, Current Mhz: 1600, Mhz Limit: 1600
Processor Information for processor 1
  Max Mhz: 1600, Current Mhz: 1600, Mhz Limit: 1600
Processor Information for processor 2
  Max Mhz: 1600, Current Mhz: 1600, Mhz Limit: 1600
Processor Information for processor 3
  Max Mhz: 1600, Current Mhz: 1600, Mhz Limit: 1600
Processor Information for processor 4
  Max Mhz: 1600, Current Mhz: 1600, Mhz Limit: 1600
Processor Information for processor 5
  Max Mhz: 1600, Current Mhz: 1600, Mhz Limit: 1600
Processor Information for processor 6
  Max Mhz: 1600, Current Mhz: 1600, Mhz Limit: 1600
Processor Information for processor 7
  Max Mhz: 1600, Current Mhz: 1600, Mhz Limit: 1600
Processor Information for processor 8
  Max Mhz: 1600, Current Mhz: 1600, Mhz Limit: 1600
Processor Information for processor 9
  Max Mhz: 1600, Current Mhz: 1600, Mhz Limit: 1600
Processor Information for processor 10
  Max Mhz: 1600, Current Mhz: 1600, Mhz Limit: 1600
Processor Information for processor 11
  Max Mhz: 1600, Current Mhz: 1600, Mhz Limit: 1600
Processor Information for processor 12
  Max Mhz: 1600, Current Mhz: 1200, Mhz Limit: 1200
Processor Information for processor 13
  Max Mhz: 1600, Current Mhz: 1200, Mhz Limit: 1200
Processor Information for processor 14
  Max Mhz: 1600, Current Mhz: 1200, Mhz Limit: 1200
Processor Information for processor 15
  Max Mhz: 1600, Current Mhz: 1200, Mhz Limit: 1200
Processor Information for processor 16
  Max Mhz: 1600, Current Mhz: 1200, Mhz Limit: 1200
Processor Information for processor 17
  Max Mhz: 1600, Current Mhz: 1200, Mhz Limit: 1200
Processor Information for processor 18
  Max Mhz: 1600, Current Mhz: 1200, Mhz Limit: 1200
Processor Information for processor 19
  Max Mhz: 1600, Current Mhz: 1200, Mhz Limit: 1200

Memory: 4k page, system-wide physical 7880M (15M free)
TotalPageFile size 27880M (AvailPageFile size 17M)
current process WorkingSet (physical memory assigned to process): 110M, peak: 110M
current process commit charge ("private bytes"): 239M, peak: 239M

vm_info: OpenJDK 64-Bit Server VM (21.0.6+7-LTS) for windows-amd64 JRE (21.0.6+7-LTS), built on 2025-01-21T00:00:00Z by "admin" with MS VC++ 17.7 (VS2022)

END.
